Mplus VERSION 8.2 (Linux)
MUTHEN & MUTHEN
07/09/2021  12:04 PM

INPUT INSTRUCTIONS

  TITLE: Bifactor Model 3: PCC
  DATA: FILE is tidy_roi_data.dat;
  VARIABLE:
    NAMES are subject pHipp PREC PCC MPFC PHC RSC aAG pAG SceCorr ColCorr EmoCorr;
    USEVARIABLES are subject pHipp PREC PCC MPFC PHC RSC aAG pAG SceCorr ColCorr EmoCorr;
    CATEGORICAL = SceCorr ColCorr EmoCorr;
    CLUSTER = subject;
  ANALYSIS:
  TYPE = TWOLEVEL;
  ESTIMATOR = WLSMV;
  MODEL:
  %WITHIN%
  vPMN BY RSC PHC pAG;
  dPMN BY MPFC pHIPP PREC PCC aAG;
  MemQ BY SceCorr (1)
  ColCorr (2)
  EmoCorr (3);
  MemQ ON vPMN dPMN PCC;
  %BETWEEN%
  pHipp-EmoCorr;
  MemQb BY SceCorr (1)
  ColCorr (2)
  EmoCorr (3);
  pHipp WITH PREC-pAG;
  PREC WITH PCC-pAG;
  PCC WITH MPFC-pAG;
  MPFC WITH PHC-pAG;
  PHC WITH RSC-pAG;
  RSC WITH aAG pAG;
  aAG WITH pAG;
  MemQb WITH pHIPP-pAG;
  Output: stdyx



INPUT READING TERMINATED NORMALLY



Bifactor Model 3: PCC

SUMMARY OF ANALYSIS

Number of groups                                                 1
Number of observations                                        3888

Number of dependent variables                                   11
Number of independent variables                                  0
Number of continuous latent variables                            4

Observed dependent variables

  Continuous
   PHIPP       PREC        PCC         MPFC        PHC         RSC
   AAG         PAG

  Binary and ordered categorical (ordinal)
   SCECORR     COLCORR     EMOCORR

Continuous latent variables
   VPMN        DPMN        MEMQ        MEMQB

Variables with special functions

  Cluster variable      SUBJECT

Estimator                                                    WLSMV
Optimization Specifications for the Quasi-Newton Algorithm for
Continuous Outcomes
  Maximum number of iterations                                1000
  Convergence criterion                                  0.100D-05
Optimization Specifications for the EM Algorithm
  Maximum number of iterations                                 500
  Convergence criteria
    Loglikelihood change                                 0.100D-02
    Relative loglikelihood change                        0.100D-05
    Derivative                                           0.100D-02
Optimization Specifications for the M step of the EM Algorithm for
Categorical Latent variables
  Number of M step iterations                                    1
  M step convergence criterion                           0.100D-02
  Basis for M step termination                           ITERATION
Optimization Specifications for the M step of the EM Algorithm for
Censored, Binary or Ordered Categorical (Ordinal), Unordered
Categorical (Nominal) and Count Outcomes
  Number of M step iterations                                    1
  M step convergence criterion                           0.100D-02
  Basis for M step termination                           ITERATION
  Maximum value for logit thresholds                            10
  Minimum value for logit thresholds                           -10
  Minimum expected cell size for chi-square              0.100D-01
Optimization algorithm                                      EMA/FS
Integration Specifications
  Type                                                    STANDARD
  Number of integration points                                   7
  Dimensions of numerical integration                            0
  Adaptive quadrature                                           ON
Link                                                        PROBIT
Cholesky                                                        ON

Input data file(s)
  tidy_roi_data.dat
Input data format  FREE


SUMMARY OF DATA

     Number of clusters                         28

     Average cluster size      138.857

     Estimated Intraclass Correlations for the Y Variables

                Intraclass              Intraclass              Intraclass
     Variable  Correlation   Variable  Correlation   Variable  Correlation

     SCECORR      0.208      COLCORR      0.145      EMOCORR      0.119
     PHIPP        0.037      PREC         0.085      PCC          0.193
     MPFC         0.087      PHC          0.124      RSC          0.156
     AAG          0.254      PAG          0.077



UNIVARIATE PROPORTIONS AND COUNTS FOR CATEGORICAL VARIABLES

    SCECORR
      Category 1    0.324         1261.000
      Category 2    0.676         2627.000
    COLCORR
      Category 1    0.278         1082.000
      Category 2    0.722         2806.000
    EMOCORR
      Category 1    0.243          943.000
      Category 2    0.757         2945.000



UNIVARIATE SAMPLE STATISTICS


     UNIVARIATE HIGHER-ORDER MOMENT DESCRIPTIVE STATISTICS

         Variable/         Mean/     Skewness/   Minimum/ % with                Percentiles
        Sample Size      Variance    Kurtosis    Maximum  Min/Max      20%/60%    40%/80%    Median

     PHIPP                 0.034      -0.052      -0.752    0.03%      -0.115     -0.013      0.034
            3888.000       0.034       0.550       0.999    0.03%       0.079      0.187
     PREC                  0.068       0.006      -1.073    0.03%      -0.135      0.007      0.064
            3888.000       0.063       0.618       1.134    0.03%       0.122      0.272
     PCC                   0.119       0.128      -1.587    0.03%      -0.129      0.043      0.118
            3888.000       0.097       0.813       1.478    0.03%       0.188      0.363
     MPFC                  0.000      -0.087      -1.699    0.03%      -0.271     -0.077      0.002
            3888.000       0.114       1.100       1.929    0.03%       0.089      0.271
     PHC                   0.046      -0.133      -1.171    0.03%      -0.115      0.003      0.050
            3888.000       0.041       0.688       0.877    0.03%       0.096      0.209
     RSC                   0.113      -0.027      -0.943    0.03%      -0.078      0.058      0.114
            3888.000       0.052       0.288       0.978    0.03%       0.170      0.299
     AAG                   0.082       0.180      -1.675    0.03%      -0.239     -0.018      0.077
            3888.000       0.162       0.890       1.986    0.03%       0.173      0.394
     PAG                   0.060      -0.170      -2.105    0.03%      -0.223     -0.016      0.067
            3888.000       0.129       1.102       1.732    0.03%       0.147      0.347


THE MODEL ESTIMATION TERMINATED NORMALLY



MODEL FIT INFORMATION

Number of Free Parameters                       82

Chi-Square Test of Model Fit

          Value                            813.872*
          Degrees of Freedom                    58
          P-Value                           0.0000

*   The chi-square value for MLM, MLMV, MLR, ULSMV, WLSM and WLSMV cannot be used
    for chi-square difference testing in the regular way.  MLM, MLR and WLSM
    chi-square difference testing is described on the Mplus website.  MLMV, WLSMV,
    and ULSMV difference testing is done using the DIFFTEST option.

RMSEA (Root Mean Square Error Of Approximation)

          Estimate                           0.058

CFI/TLI

          CFI                                0.978
          TLI                                0.958

Chi-Square Test of Model Fit for the Baseline Model

          Value                          34491.316
          Degrees of Freedom                   110
          P-Value                           0.0000

SRMR (Standardized Root Mean Square Residual)

          Value for Within                   0.034
          Value for Between                  0.045



MODEL RESULTS

                                                    Two-Tailed
                    Estimate       S.E.  Est./S.E.    P-Value

Within Level

 VPMN     BY
    RSC                1.000      0.000    999.000    999.000
    PHC                0.849      0.010     83.738      0.000
    PAG                1.835      0.024     77.637      0.000

 DPMN     BY
    MPFC               1.000      0.000    999.000    999.000
    PHIPP              0.567      0.008     75.481      0.000
    PREC               0.879      0.012     71.965      0.000
    PCC                1.228      0.016     77.428      0.000
    AAG                1.459      0.019     75.656      0.000

 MEMQ     BY
    SCECORR            1.000      0.000    999.000    999.000
    COLCORR            0.544      0.132      4.124      0.000
    EMOCORR            0.571      0.113      5.055      0.000

 MEMQ       ON
    VPMN               1.815      0.763      2.379      0.017
    DPMN              -1.034      0.765     -1.352      0.176

 MEMQ       ON
    PCC                0.368      0.254      1.446      0.148

 DPMN     WITH
    VPMN               0.018      0.000     54.876      0.000

 Variances
    VPMN               0.018      0.000     47.289      0.000
    DPMN               0.032      0.001     47.431      0.000

 Residual Variances
    PHIPP              0.022      0.000     89.902      0.000
    PREC               0.033      0.000     93.584      0.000
    PCC                0.030      0.000     96.331      0.000
    MPFC               0.072      0.001    121.369      0.000
    PHC                0.023      0.000     87.000      0.000
    RSC                0.026      0.000     81.852      0.000
    AAG                0.053      0.001     80.707      0.000
    PAG                0.059      0.001     91.713      0.000
    MEMQ               0.859      0.276      3.110      0.002

Between Level

 MEMQB    BY
    SCECORR            1.000      0.000    999.000    999.000
    COLCORR            0.544      0.132      4.124      0.000
    EMOCORR            0.571      0.113      5.055      0.000

 MEMQB    WITH
    PHIPP              0.007      0.005      1.386      0.166
    PREC               0.021      0.012      1.860      0.063
    PCC                0.028      0.019      1.485      0.137
    MPFC              -0.014      0.014     -1.042      0.298
    PHC                0.025      0.013      2.026      0.043
    RSC                0.035      0.015      2.336      0.019
    AAG                0.009      0.200      0.043      0.966
    PAG                0.025      0.016      1.589      0.112

 PHIPP    WITH
    PREC               0.001      0.000      1.171      0.241
    PCC                0.002      0.001      3.184      0.001
    MPFC               0.001      0.001      0.912      0.362
    PHC                0.001      0.001      1.176      0.239
    RSC                0.001      0.001      1.034      0.301
    AAG                0.002      0.001      1.996      0.046
    PAG                0.001      0.001      0.930      0.353

 PREC     WITH
    PCC                0.003      0.001      2.006      0.045
    MPFC               0.001      0.001      0.877      0.381
    PHC                0.002      0.001      1.850      0.064
    RSC                0.003      0.001      2.345      0.019
    AAG                0.002      0.002      0.882      0.378
    PAG               -0.001      0.001     -0.469      0.639

 PCC      WITH
    MPFC               0.004      0.002      1.580      0.114
    PHC                0.003      0.003      0.952      0.341
    RSC                0.005      0.003      1.873      0.061
    AAG                0.007      0.005      1.332      0.183
    PAG                0.001      0.003      0.445      0.656

 MPFC     WITH
    PHC               -0.003      0.002     -1.511      0.131
    RSC               -0.002      0.002     -0.897      0.370
    AAG                0.010      0.004      2.327      0.020
    PAG               -0.004      0.002     -1.968      0.049

 PHC      WITH
    RSC                0.004      0.001      2.766      0.006
    AAG               -0.004      0.003     -1.740      0.082
    PAG                0.003      0.002      1.830      0.067

 RSC      WITH
    AAG                0.005      0.004      1.336      0.182
    PAG                0.001      0.002      0.516      0.606

 AAG      WITH
    PAG               -0.003      0.003     -1.166      0.244

 Means
    PHIPP              0.033      0.008      4.386      0.000
    PREC               0.066      0.015      4.564      0.000
    PCC                0.115      0.030      3.868      0.000
    MPFC              -0.002      0.023     -0.072      0.942
    PHC                0.045      0.015      3.027      0.002
    RSC                0.111      0.018      6.250      0.000
    AAG                0.083      0.044      1.903      0.057
    PAG                0.059      0.023      2.523      0.012

 Thresholds
    SCECORR$1         -0.698      0.135     -5.177      0.000
    COLCORR$1         -0.708      0.098     -7.227      0.000
    EMOCORR$1         -0.829      0.105     -7.923      0.000

 Variances
    PHIPP              0.001      0.000      3.862      0.000
    PREC               0.005      0.002      3.112      0.002
    PCC                0.019      0.003      5.737      0.000
    MPFC               0.010      0.004      2.581      0.010
    PHC                0.005      0.002      2.959      0.003
    RSC                0.008      0.002      3.298      0.001
    AAG                0.041      0.010      4.113      0.000
    PAG                0.010      0.003      2.970      0.003
    MEMQB              0.445      0.257      1.732      0.083

 Residual Variances
    SCECORR            0.052      0.136      0.386      0.700
    COLCORR            0.082      0.076      1.077      0.282
    EMOCORR            0.029      0.061      0.476      0.634


STANDARDIZED MODEL RESULTS


STDYX Standardization

                                                    Two-Tailed
                    Estimate       S.E.  Est./S.E.    P-Value

Within Level

 VPMN     BY
    RSC                0.639      0.006    114.934      0.000
    PHC                0.600      0.006     98.933      0.000
    PAG                0.709      0.004    160.690      0.000

 DPMN     BY
    MPFC               0.553      0.005    113.202      0.000
    PHIPP              0.561      0.005    115.872      0.000
    PREC               0.654      0.004    147.552      0.000
    PCC                0.784      0.002    323.071      0.000
    AAG                0.748      0.005    153.367      0.000

 MEMQ     BY
    SCECORR            0.687      0.057     11.980      0.000
    COLCORR            0.458      0.040     11.335      0.000
    EMOCORR            0.475      0.026     18.001      0.000

 MEMQ       ON
    VPMN               0.256      0.105      2.446      0.014
    DPMN              -0.195      0.144     -1.358      0.174

 MEMQ       ON
    PCC                0.109      0.075      1.447      0.148

 DPMN     WITH
    VPMN               0.756      0.005    160.550      0.000

 Variances
    VPMN               1.000      0.000    999.000    999.000
    DPMN               1.000      0.000    999.000    999.000

 Residual Variances
    PHIPP              0.685      0.005    125.832      0.000
    PREC               0.572      0.006     98.665      0.000
    PCC                0.385      0.004    101.245      0.000
    MPFC               0.694      0.005    128.612      0.000
    PHC                0.640      0.007     88.104      0.000
    RSC                0.592      0.007     83.257      0.000
    AAG                0.441      0.007     60.440      0.000
    PAG                0.497      0.006     79.382      0.000
    MEMQ               0.960      0.023     41.277      0.000

Between Level

 MEMQB    BY
    SCECORR            0.946      0.134      7.058      0.000
    COLCORR            0.784      0.157      4.987      0.000
    EMOCORR            0.913      0.170      5.367      0.000

 MEMQB    WITH
    PHIPP              0.319      0.191      1.671      0.095
    PREC               0.440      0.155      2.828      0.005
    PCC                0.307      0.205      1.500      0.134
    MPFC              -0.218      0.193     -1.133      0.257
    PHC                0.533      0.174      3.058      0.002
    RSC                0.585      0.151      3.882      0.000
    AAG                0.064      1.480      0.043      0.966
    PAG                0.374      0.212      1.761      0.078

 PHIPP    WITH
    PREC               0.200      0.158      1.263      0.207
    PCC                0.490      0.088      5.534      0.000
    MPFC               0.259      0.269      0.962      0.336
    PHC                0.322      0.247      1.305      0.192
    RSC                0.283      0.259      1.093      0.275
    AAG                0.337      0.131      2.566      0.010
    PAG                0.241      0.244      0.986      0.324

 PREC     WITH
    PCC                0.276      0.115      2.395      0.017
    MPFC               0.167      0.175      0.957      0.339
    PHC                0.413      0.135      3.060      0.002
    RSC                0.522      0.155      3.371      0.001
    AAG                0.147      0.155      0.947      0.344
    PAG               -0.082      0.174     -0.472      0.637

 PCC      WITH
    MPFC               0.274      0.142      1.937      0.053
    PHC                0.268      0.269      0.995      0.320
    RSC                0.407      0.182      2.238      0.025
    AAG                0.256      0.178      1.440      0.150
    PAG                0.085      0.187      0.455      0.649

 MPFC     WITH
    PHC               -0.357      0.190     -1.881      0.060
    RSC               -0.186      0.197     -0.945      0.345
    AAG                0.510      0.123      4.130      0.000
    PAG               -0.371      0.158     -2.345      0.019

 PHC      WITH
    RSC                0.577      0.095      6.058      0.000
    AAG               -0.310      0.148     -2.100      0.036
    PAG                0.417      0.159      2.623      0.009

 RSC      WITH
    AAG                0.292      0.214      1.364      0.173
    PAG                0.095      0.180      0.526      0.599

 AAG      WITH
    PAG               -0.166      0.131     -1.264      0.206

 Means
    PHIPP              0.949      0.221      4.299      0.000
    PREC               0.908      0.228      3.990      0.000
    PCC                0.844      0.220      3.840      0.000
    MPFC              -0.017      0.229     -0.073      0.942
    PHC                0.628      0.256      2.454      0.014
    RSC                1.240      0.255      4.870      0.000
    AAG                0.408      0.204      1.998      0.046
    PAG                0.590      0.296      1.996      0.046

 Thresholds
    SCECORR$1         -0.507      0.107     -4.716      0.000
    COLCORR$1         -0.630      0.081     -7.726      0.000
    EMOCORR$1         -0.729      0.093     -7.808      0.000

 Variances
    PHIPP              1.000      0.000    999.000    999.000
    PREC               1.000      0.000    999.000    999.000
    PCC                1.000      0.000    999.000    999.000
    MPFC               1.000      0.000    999.000    999.000
    PHC                1.000      0.000    999.000    999.000
    RSC                1.000      0.000    999.000    999.000
    AAG                1.000      0.000    999.000    999.000
    PAG                1.000      0.000    999.000    999.000
    MEMQB              1.000      0.000    999.000    999.000

 Residual Variances
    SCECORR            0.105      0.253      0.416      0.677
    COLCORR            0.385      0.247      1.559      0.119
    EMOCORR            0.166      0.311      0.535      0.592


R-SQUARE

Within Level

    Observed                                        Two-Tailed     Scale
    Variable        Estimate       S.E.  Est./S.E.    P-Value     Factors

    SCECORR            0.472      0.079      5.990      0.000      0.726
    COLCORR            0.210      0.037      5.667      0.000      0.889
    EMOCORR            0.226      0.025      9.000      0.000      0.880
    PHIPP              0.315      0.005     57.936      0.000      0.000
    PREC               0.428      0.006     73.776      0.000      0.000
    PCC                0.615      0.004    161.535      0.000      0.000
    MPFC               0.306      0.005     56.601      0.000      0.000
    PHC                0.360      0.007     49.466      0.000      0.000
    RSC                0.408      0.007     57.467      0.000      0.000
    AAG                0.559      0.007     76.684      0.000      0.000
    PAG                0.503      0.006     80.345      0.000      0.000

     Latent                                         Two-Tailed
    Variable        Estimate       S.E.  Est./S.E.    P-Value

    MEMQ               0.040      0.023      1.702      0.089

Between Level

    Observed                                        Two-Tailed
    Variable        Estimate       S.E.  Est./S.E.    P-Value

    SCECORR            0.895      0.253      3.529      0.000
    COLCORR            0.615      0.247      2.494      0.013
    EMOCORR            0.834      0.311      2.684      0.007


QUALITY OF NUMERICAL RESULTS

     Condition Number for the Information Matrix              0.132E-07
       (ratio of smallest to largest eigenvalue)


     Beginning Time:  12:04:47
        Ending Time:  12:05:15
       Elapsed Time:  00:00:28



MUTHEN & MUTHEN
3463 Stoner Ave.
Los Angeles, CA  90066

Tel: (310) 391-9971
Fax: (310) 391-8971
Web: www.StatModel.com
Support: Support@StatModel.com

Copyright (c) 1998-2018 Muthen & Muthen
