Mplus VERSION 8.2 (Linux)
MUTHEN & MUTHEN
06/23/2021   3:02 PM

INPUT INSTRUCTIONS

  TITLE: Null Model -- is multilevel modeling necessary?
  DATA: FILE is tidy_roi_data.dat;
  VARIABLE:
    NAMES are subject pHipp PREC PCC MPFC PHC RSC aAG pAG SceCorr ColCorr EmoCorr;
    USEVARIABLES are subject SceCorr ColCorr EmoCorr;
    CATEGORICAL = SceCorr ColCorr EmoCorr;
    CLUSTER = subject;
  ANALYSIS:
  TYPE = TWOLEVEL;
  ESTIMATOR = WLSMV;
  MODEL:
  %WITHIN%
  SceCorr WITH SceCorr-EmoCorr;
  ColCorr WITH SceCorr-EmoCorr;
  EmoCorr WITH SceCorr-EmoCorr;
  %BETWEEN%
  SceCorr-EmoCorr;
  Output:
  TECH1;



INPUT READING TERMINATED NORMALLY



Null Model -- is multilevel modeling necessary?

SUMMARY OF ANALYSIS

Number of groups                                                 1
Number of observations                                        3888

Number of dependent variables                                    3
Number of independent variables                                  0
Number of continuous latent variables                            0

Observed dependent variables

  Binary and ordered categorical (ordinal)
   SCECORR     COLCORR     EMOCORR

Variables with special functions

  Cluster variable      SUBJECT

Estimator                                                    WLSMV
Optimization Specifications for the Quasi-Newton Algorithm for
Continuous Outcomes
  Maximum number of iterations                                1000
  Convergence criterion                                  0.100D-05
Optimization Specifications for the EM Algorithm
  Maximum number of iterations                                 500
  Convergence criteria
    Loglikelihood change                                 0.100D-02
    Relative loglikelihood change                        0.100D-05
    Derivative                                           0.100D-02
Optimization Specifications for the M step of the EM Algorithm for
Categorical Latent variables
  Number of M step iterations                                    1
  M step convergence criterion                           0.100D-02
  Basis for M step termination                           ITERATION
Optimization Specifications for the M step of the EM Algorithm for
Censored, Binary or Ordered Categorical (Ordinal), Unordered
Categorical (Nominal) and Count Outcomes
  Number of M step iterations                                    1
  M step convergence criterion                           0.100D-02
  Basis for M step termination                           ITERATION
  Maximum value for logit thresholds                            10
  Minimum value for logit thresholds                           -10
  Minimum expected cell size for chi-square              0.100D-01
Optimization algorithm                                          FS
Integration Specifications
  Type                                                    STANDARD
  Number of integration points                                   7
  Dimensions of numerical integration                            2
  Adaptive quadrature                                           ON
Link                                                        PROBIT
Cholesky                                                        ON

Input data file(s)
  tidy_roi_data.dat
Input data format  FREE


SUMMARY OF DATA

     Number of clusters                         28

     Average cluster size      138.857

     Estimated Intraclass Correlations for the Y Variables

                Intraclass              Intraclass              Intraclass
     Variable  Correlation   Variable  Correlation   Variable  Correlation

     SCECORR      0.208      COLCORR      0.145      EMOCORR      0.119



UNIVARIATE PROPORTIONS AND COUNTS FOR CATEGORICAL VARIABLES

    SCECORR
      Category 1    0.324         1261.000
      Category 2    0.676         2627.000
    COLCORR
      Category 1    0.278         1082.000
      Category 2    0.722         2806.000
    EMOCORR
      Category 1    0.243          943.000
      Category 2    0.757         2945.000



THE MODEL ESTIMATION TERMINATED NORMALLY



MODEL FIT INFORMATION

Number of Free Parameters                        9

Chi-Square Test of Model Fit

          Value                             10.772*
          Degrees of Freedom                     3
          P-Value                           0.0130

*   The chi-square value for MLM, MLMV, MLR, ULSMV, WLSM and WLSMV cannot be used
    for chi-square difference testing in the regular way.  MLM, MLR and WLSM
    chi-square difference testing is described on the Mplus website.  MLMV, WLSMV,
    and ULSMV difference testing is done using the DIFFTEST option.

RMSEA (Root Mean Square Error Of Approximation)

          Estimate                           0.026

CFI/TLI

          CFI                                0.979
          TLI                                0.958

Chi-Square Test of Model Fit for the Baseline Model

          Value                            378.445
          Degrees of Freedom                     6
          P-Value                           0.0000

SRMR (Standardized Root Mean Square Residual)

          Value for Within                   0.000
          Value for Between                  0.386



MODEL RESULTS

                                                    Two-Tailed
                    Estimate       S.E.  Est./S.E.    P-Value

Within Level

 SCECORR  WITH
    COLCORR            0.326      0.021     15.520      0.000
    EMOCORR            0.308      0.024     12.687      0.000

 COLCORR  WITH
    EMOCORR            0.225      0.026      8.510      0.000

Between Level

 Thresholds
    SCECORR$1         -0.507      0.107     -4.716      0.000
    COLCORR$1         -0.630      0.081     -7.726      0.000
    EMOCORR$1         -0.729      0.093     -7.808      0.000

 Variances
    SCECORR            0.262      0.127      2.060      0.039
    COLCORR            0.169      0.072      2.350      0.019
    EMOCORR            0.134      0.055      2.465      0.014


QUALITY OF NUMERICAL RESULTS

     Condition Number for the Information Matrix              0.272E-01
       (ratio of smallest to largest eigenvalue)


TECHNICAL 1 OUTPUT


     PARAMETER SPECIFICATION FOR WITHIN


           TAU
              SCECORR$      COLCORR$      EMOCORR$
              ________      ________      ________
                    0             0             0


           NU
              SCECORR       COLCORR       EMOCORR
              ________      ________      ________
                    0             0             0


           THETA
              SCECORR       COLCORR       EMOCORR
              ________      ________      ________
 SCECORR            0
 COLCORR            1             0
 EMOCORR            2             3             0


     PARAMETER SPECIFICATION FOR BETWEEN


           TAU
              SCECORR$      COLCORR$      EMOCORR$
              ________      ________      ________
                    7             8             9


           NU
              SCECORR       COLCORR       EMOCORR
              ________      ________      ________
                    0             0             0


           THETA
              SCECORR       COLCORR       EMOCORR
              ________      ________      ________
 SCECORR            4
 COLCORR            0             5
 EMOCORR            0             0             6


     STARTING VALUES FOR WITHIN


           TAU
              SCECORR$      COLCORR$      EMOCORR$
              ________      ________      ________
                0.000         0.000         0.000


           NU
              SCECORR       COLCORR       EMOCORR
              ________      ________      ________
                0.000         0.000         0.000


           THETA
              SCECORR       COLCORR       EMOCORR
              ________      ________      ________
 SCECORR        1.000
 COLCORR        0.000         1.000
 EMOCORR        0.000         0.000         1.000


     STARTING VALUES FOR BETWEEN


           TAU
              SCECORR$      COLCORR$      EMOCORR$
              ________      ________      ________
               -0.408        -0.529        -0.633


           NU
              SCECORR       COLCORR       EMOCORR
              ________      ________      ________
                0.000         0.000         0.000


           THETA
              SCECORR       COLCORR       EMOCORR
              ________      ________      ________
 SCECORR        1.000
 COLCORR        0.000         1.000
 EMOCORR        0.000         0.000         1.000


     Beginning Time:  15:02:12
        Ending Time:  15:02:21
       Elapsed Time:  00:00:09



MUTHEN & MUTHEN
3463 Stoner Ave.
Los Angeles, CA  90066

Tel: (310) 391-9971
Fax: (310) 391-8971
Web: www.StatModel.com
Support: Support@StatModel.com

Copyright (c) 1998-2018 Muthen & Muthen
