Mplus VERSION 8.2 (Linux)
MUTHEN & MUTHEN
07/08/2021  12:43 PM

INPUT INSTRUCTIONS

  TITLE: Within Measurement Model -- One Latent Factor
  DATA: FILE is tidy_roi_data.dat;
  VARIABLE:
    NAMES are subject pHipp PREC PCC MPFC PHC RSC aAG pAG SceCorr ColCorr EmoCorr;
    USEVARIABLES are subject pHipp PREC PCC MPFC PHC RSC aAG pAG;
    CLUSTER = subject;
  ANALYSIS:
  TYPE = TWOLEVEL;
  ESTIMATOR = MLR;
  MODEL:
  %WITHIN%
  PMN BY pHipp-pAG;
  %BETWEEN%
  pHipp-pAG;
  pHIPP WITH PREC-pAG;
  PREC WITH PCC-pAG;
  PCC WITH MPFC-pAG;
  MPFC WITH PHC-pAG;
  PHC WITH RSC-pAG;
  RSC WITH aAG pAG;
  aAG WITH pAG;
  Output:
  sampstat modindices;



INPUT READING TERMINATED NORMALLY



Within Measurement Model -- One Latent Factor

SUMMARY OF ANALYSIS

Number of groups                                                 1
Number of observations                                        3888

Number of dependent variables                                    8
Number of independent variables                                  0
Number of continuous latent variables                            1

Observed dependent variables

  Continuous
   PHIPP       PREC        PCC         MPFC        PHC         RSC
   AAG         PAG

Continuous latent variables
   PMN

Variables with special functions

  Cluster variable      SUBJECT

Estimator                                                      MLR
Information matrix                                        OBSERVED
Maximum number of iterations                                   100
Convergence criterion                                    0.100D-05
Maximum number of EM iterations                                500
Convergence criteria for the EM algorithm
  Loglikelihood change                                   0.100D-02
  Relative loglikelihood change                          0.100D-05
  Derivative                                             0.100D-03
Minimum variance                                         0.100D-03
Maximum number of steepest descent iterations                   20
Maximum number of iterations for H1                           2000
Convergence criterion for H1                             0.100D-03
Optimization algorithm                                         EMA

Input data file(s)
  tidy_roi_data.dat
Input data format  FREE


SUMMARY OF DATA

     Number of clusters                         28

     Average cluster size      138.857

     Estimated Intraclass Correlations for the Y Variables

                Intraclass              Intraclass              Intraclass
     Variable  Correlation   Variable  Correlation   Variable  Correlation

     PHIPP        0.037      PREC         0.085      PCC          0.193
     MPFC         0.087      PHC          0.124      RSC          0.156
     AAG          0.255      PAG          0.077



SAMPLE STATISTICS

NOTE:  The sample statistics for within and between refer to the
       maximum-likelihood estimated within and between covariance
       matrices, respectively.


     ESTIMATED SAMPLE STATISTICS FOR WITHIN


           Means
              PHIPP         PREC          PCC           MPFC          PHC
              ________      ________      ________      ________      ________
                0.000         0.000         0.000         0.000         0.000


           Means
              RSC           AAG           PAG
              ________      ________      ________
                0.000         0.000         0.000


           Covariances
              PHIPP         PREC          PCC           MPFC          PHC
              ________      ________      ________      ________      ________
 PHIPP          0.032
 PREC           0.014         0.058
 PCC            0.020         0.034         0.078
 MPFC           0.023         0.025         0.044         0.104
 PHC            0.011         0.014         0.017         0.013         0.036
 RSC            0.011         0.018         0.021         0.017         0.016
 AAG            0.024         0.041         0.054         0.050         0.022
 PAG            0.021         0.033         0.042         0.023         0.029


           Covariances
              RSC           AAG           PAG
              ________      ________      ________
 RSC            0.044
 AAG            0.027         0.121
 PAG            0.031         0.052         0.119


           Correlations
              PHIPP         PREC          PCC           MPFC          PHC
              ________      ________      ________      ________      ________
 PHIPP          1.000
 PREC           0.330         1.000
 PCC            0.394         0.504         1.000
 MPFC           0.390         0.317         0.492         1.000
 PHC            0.315         0.318         0.315         0.209         1.000
 RSC            0.281         0.356         0.362         0.259         0.418
 AAG            0.380         0.485         0.555         0.448         0.336
 PAG            0.331         0.404         0.433         0.209         0.445


           Correlations
              RSC           AAG           PAG
              ________      ________      ________
 RSC            1.000
 AAG            0.376         1.000
 PAG            0.425         0.433         1.000


     ESTIMATED SAMPLE STATISTICS FOR BETWEEN


           Means
              PHIPP         PREC          PCC           MPFC          PHC
              ________      ________      ________      ________      ________
                0.033         0.066         0.116        -0.001         0.045


           Means
              RSC           AAG           PAG
              ________      ________      ________
                0.111         0.083         0.059


           Covariances
              PHIPP         PREC          PCC           MPFC          PHC
              ________      ________      ________      ________      ________
 PHIPP          0.001
 PREC           0.001         0.005
 PCC            0.002         0.003         0.019
 MPFC           0.001         0.001         0.004         0.010
 PHC            0.001         0.002         0.003        -0.003         0.005
 RSC            0.001         0.003         0.005        -0.002         0.004
 AAG            0.002         0.002         0.007         0.010        -0.005
 PAG            0.001        -0.001         0.001        -0.004         0.003


           Covariances
              RSC           AAG           PAG
              ________      ________      ________
 RSC            0.008
 AAG            0.005         0.041
 PAG            0.001        -0.003         0.010


           Correlations
              PHIPP         PREC          PCC           MPFC          PHC
              ________      ________      ________      ________      ________
 PHIPP          1.000
 PREC           0.200         1.000
 PCC            0.489         0.277         1.000
 MPFC           0.259         0.168         0.273         1.000
 PHC            0.324         0.412         0.268        -0.357         1.000
 RSC            0.285         0.522         0.406        -0.186         0.576
 AAG            0.334         0.148         0.257         0.512        -0.311
 PAG            0.242        -0.083         0.084        -0.374         0.417


           Correlations
              RSC           AAG           PAG
              ________      ________      ________
 RSC            1.000
 AAG            0.293         1.000
 PAG            0.095        -0.167         1.000


UNIVARIATE SAMPLE STATISTICS


     UNIVARIATE HIGHER-ORDER MOMENT DESCRIPTIVE STATISTICS

         Variable/         Mean/     Skewness/   Minimum/ % with                Percentiles
        Sample Size      Variance    Kurtosis    Maximum  Min/Max      20%/60%    40%/80%    Median

     PHIPP                 0.034      -0.052      -0.752    0.03%      -0.115     -0.013      0.034
            3888.000       0.034       0.550       0.999    0.03%       0.079      0.187
     PREC                  0.068       0.006      -1.073    0.03%      -0.135      0.007      0.064
            3888.000       0.063       0.618       1.134    0.03%       0.122      0.272
     PCC                   0.119       0.128      -1.587    0.03%      -0.129      0.043      0.118
            3888.000       0.097       0.813       1.478    0.03%       0.188      0.363
     MPFC                  0.000      -0.087      -1.699    0.03%      -0.271     -0.077      0.002
            3888.000       0.114       1.100       1.929    0.03%       0.089      0.271
     PHC                   0.046      -0.133      -1.171    0.03%      -0.115      0.003      0.050
            3888.000       0.041       0.688       0.877    0.03%       0.096      0.209
     RSC                   0.113      -0.027      -0.943    0.03%      -0.078      0.058      0.114
            3888.000       0.052       0.288       0.978    0.03%       0.170      0.299
     AAG                   0.082       0.180      -1.675    0.03%      -0.239     -0.018      0.077
            3888.000       0.162       0.890       1.986    0.03%       0.173      0.394
     PAG                   0.060      -0.170      -2.105    0.03%      -0.223     -0.016      0.067
            3888.000       0.129       1.102       1.732    0.03%       0.147      0.347

     THE STANDARD ERRORS OF THE MODEL PARAMETER ESTIMATES MAY NOT BE
     TRUSTWORTHY FOR SOME PARAMETERS DUE TO A NON-POSITIVE DEFINITE
     FIRST-ORDER DERIVATIVE PRODUCT MATRIX.  THIS MAY BE DUE TO THE STARTING
     VALUES BUT MAY ALSO BE AN INDICATION OF MODEL NONIDENTIFICATION.  THE
     CONDITION NUMBER IS      -0.293D-17.  PROBLEM INVOLVING THE FOLLOWING PARAMETER:
     Parameter 29, %BETWEEN%: PCC WITH PREC

     THE NONIDENTIFICATION IS MOST LIKELY DUE TO HAVING MORE PARAMETERS THAN THE
     NUMBER OF CLUSTERS. REDUCE THE NUMBER OF PARAMETERS.


THE MODEL ESTIMATION TERMINATED NORMALLY



MODEL FIT INFORMATION

Number of Free Parameters                       60

Loglikelihood

          H0 Value                        2038.527
          H0 Scaling Correction Factor      2.7405
            for MLR
          H1 Value                        2439.857
          H1 Scaling Correction Factor      2.8470
            for MLR

Information Criteria

          Akaike (AIC)                   -3957.053
          Bayesian (BIC)                 -3581.114
          Sample-Size Adjusted BIC       -3771.767
            (n* = (n + 2) / 24)

Chi-Square Test of Model Fit

          Value                            253.506*
          Degrees of Freedom                    20
          P-Value                           0.0000
          Scaling Correction Factor         3.1662
            for MLR

*   The chi-square value for MLM, MLMV, MLR, ULSMV, WLSM and WLSMV cannot be used
    for chi-square difference testing in the regular way.  MLM, MLR and WLSM
    chi-square difference testing is described on the Mplus website.  MLMV, WLSMV,
    and ULSMV difference testing is done using the DIFFTEST option.

RMSEA (Root Mean Square Error Of Approximation)

          Estimate                           0.055

CFI/TLI

          CFI                                0.936
          TLI                                0.819

Chi-Square Test of Model Fit for the Baseline Model

          Value                           3678.142
          Degrees of Freedom                    56
          P-Value                           0.0000

SRMR (Standardized Root Mean Square Residual)

          Value for Within                   0.052
          Value for Between                  0.003



MODEL RESULTS

                                                    Two-Tailed
                    Estimate       S.E.  Est./S.E.    P-Value

Within Level

 PMN      BY
    PHIPP              1.000      0.000    999.000    999.000
    PREC               1.582      0.109     14.558      0.000
    PCC                2.106      0.141     14.927      0.000
    MPFC               1.821      0.146     12.501      0.000
    PHC                0.994      0.061     16.295      0.000
    RSC                1.175      0.081     14.466      0.000
    AAG                2.576      0.202     12.765      0.000
    PAG                2.155      0.156     13.787      0.000

 Variances
    PMN                0.010      0.001      6.597      0.000

 Residual Variances
    PHIPP              0.023      0.001     24.244      0.000
    PREC               0.033      0.002     13.525      0.000
    PCC                0.035      0.003     14.047      0.000
    MPFC               0.072      0.007      9.731      0.000
    PHC                0.026      0.002     16.503      0.000
    RSC                0.030      0.002     16.092      0.000
    AAG                0.057      0.004     13.283      0.000
    PAG                0.074      0.007     11.020      0.000

Between Level

 PHIPP    WITH
    PREC               0.001      0.001      0.905      0.365
    PCC                0.002      0.002      1.151      0.250
    MPFC               0.001      0.001      1.481      0.139
    PHC                0.001      0.000      1.688      0.091
    RSC                0.001      0.001      1.386      0.166
    AAG                0.002      0.002      1.573      0.116
    PAG                0.001      0.001      1.249      0.212

 PREC     WITH
    PCC                0.003      0.002      1.394      0.163
    MPFC               0.001      0.002      0.742      0.458
    PHC                0.002      0.001      2.119      0.034
    RSC                0.003      0.001      3.364      0.001
    AAG                0.002      0.004      0.629      0.529
    PAG               -0.001      0.002     -0.382      0.702

 PCC      WITH
    MPFC               0.004      0.003      1.197      0.231
    PHC                0.003      0.002      1.510      0.131
    RSC                0.005      0.002      2.051      0.040
    AAG                0.007      0.006      1.228      0.219
    PAG                0.001      0.002      0.547      0.585

 MPFC     WITH
    PHC               -0.003      0.001     -2.031      0.042
    RSC               -0.002      0.002     -0.987      0.324
    AAG                0.010      0.005      2.007      0.045
    PAG               -0.004      0.002     -2.059      0.039

 PHC      WITH
    RSC                0.004      0.001      3.350      0.001
    AAG               -0.005      0.004     -1.142      0.254
    PAG                0.003      0.002      1.658      0.097

 RSC      WITH
    AAG                0.005      0.002      2.250      0.024
    PAG                0.001      0.002      0.515      0.607

 AAG      WITH
    PAG               -0.003      0.006     -0.584      0.560

 Means
    PHIPP              0.033      0.007      4.612      0.000
    PREC               0.066      0.014      4.634      0.000
    PCC                0.115      0.026      4.401      0.000
    MPFC              -0.001      0.020     -0.070      0.944
    PHC                0.045      0.014      3.238      0.001
    RSC                0.111      0.017      6.441      0.000
    AAG                0.083      0.039      2.136      0.033
    PAG                0.059      0.020      3.000      0.003

 Variances
    PHIPP              0.001      0.000      2.498      0.012
    PREC               0.005      0.001      3.816      0.000
    PCC                0.019      0.009      2.197      0.028
    MPFC               0.010      0.002      4.153      0.000
    PHC                0.005      0.001      3.897      0.000
    RSC                0.008      0.002      3.894      0.000
    AAG                0.041      0.015      2.727      0.006
    PAG                0.010      0.003      3.443      0.001


QUALITY OF NUMERICAL RESULTS

     Condition Number for the Information Matrix             -0.293E-17
       (ratio of smallest to largest eigenvalue)


MODEL MODIFICATION INDICES

NOTE:  Modification indices for direct effects of observed dependent variables
regressed on covariates may not be included.  To include these, request
MODINDICES (ALL).

Minimum M.I. value for printing the modification index    10.000

                                   M.I.     E.P.C.  Std E.P.C.  StdYX E.P.C.

Within Level

WITH Statements

MPFC     WITH PHIPP               23.273     0.006      0.006        0.152
MPFC     WITH PCC                 39.883     0.011      0.011        0.225
PHC      WITH PCC                 25.835    -0.005     -0.005       -0.178
PHC      WITH MPFC                17.579    -0.006     -0.006       -0.131
RSC      WITH PCC                 13.657    -0.004     -0.004       -0.132
RSC      WITH PHC                 49.799     0.006      0.006        0.221
AAG      WITH MPFC                11.070     0.008      0.008        0.117
PAG      WITH MPFC                62.346    -0.019     -0.019       -0.256
PAG      WITH PHC                 54.260     0.010      0.010        0.236
PAG      WITH RSC                 26.019     0.008      0.008        0.165

Between Level


TECHNICAL 1 OUTPUT


     PARAMETER SPECIFICATION FOR WITHIN


           NU
              PHIPP         PREC          PCC           MPFC          PHC
              ________      ________      ________      ________      ________
                    0             0             0             0             0


           NU
              RSC           AAG           PAG
              ________      ________      ________
                    0             0             0


           LAMBDA
              PMN
              ________
 PHIPP              0
 PREC               1
 PCC                2
 MPFC               3
 PHC                4
 RSC                5
 AAG                6
 PAG                7


           THETA
              PHIPP         PREC          PCC           MPFC          PHC
              ________      ________      ________      ________      ________
 PHIPP              8
 PREC               0             9
 PCC                0             0            10
 MPFC               0             0             0            11
 PHC                0             0             0             0            12
 RSC                0             0             0             0             0
 AAG                0             0             0             0             0
 PAG                0             0             0             0             0


           THETA
              RSC           AAG           PAG
              ________      ________      ________
 RSC               13
 AAG                0            14
 PAG                0             0            15


           ALPHA
              PMN
              ________
                    0


           BETA
              PMN
              ________
 PMN                0


           PSI
              PMN
              ________
 PMN               16


     PARAMETER SPECIFICATION FOR BETWEEN


           NU
              PHIPP         PREC          PCC           MPFC          PHC
              ________      ________      ________      ________      ________
                   17            18            19            20            21


           NU
              RSC           AAG           PAG
              ________      ________      ________
                   22            23            24


           THETA
              PHIPP         PREC          PCC           MPFC          PHC
              ________      ________      ________      ________      ________
 PHIPP             25
 PREC              26            27
 PCC               28            29            30
 MPFC              31            32            33            34
 PHC               35            36            37            38            39
 RSC               40            41            42            43            44
 AAG               46            47            48            49            50
 PAG               53            54            55            56            57


           THETA
              RSC           AAG           PAG
              ________      ________      ________
 RSC               45
 AAG               51            52
 PAG               58            59            60


     STARTING VALUES FOR WITHIN


           NU
              PHIPP         PREC          PCC           MPFC          PHC
              ________      ________      ________      ________      ________
                0.000         0.000         0.000         0.000         0.000


           NU
              RSC           AAG           PAG
              ________      ________      ________
                0.000         0.000         0.000


           LAMBDA
              PMN
              ________
 PHIPP          1.000
 PREC           1.000
 PCC            1.000
 MPFC           1.000
 PHC            1.000
 RSC            1.000
 AAG            1.000
 PAG            1.000


           THETA
              PHIPP         PREC          PCC           MPFC          PHC
              ________      ________      ________      ________      ________
 PHIPP          0.017
 PREC           0.000         0.031
 PCC            0.000         0.000         0.048
 MPFC           0.000         0.000         0.000         0.057
 PHC            0.000         0.000         0.000         0.000         0.020
 RSC            0.000         0.000         0.000         0.000         0.000
 AAG            0.000         0.000         0.000         0.000         0.000
 PAG            0.000         0.000         0.000         0.000         0.000


           THETA
              RSC           AAG           PAG
              ________      ________      ________
 RSC            0.026
 AAG            0.000         0.081
 PAG            0.000         0.000         0.064


           ALPHA
              PMN
              ________
                0.000


           BETA
              PMN
              ________
 PMN            0.000


           PSI
              PMN
              ________
 PMN            0.050


     STARTING VALUES FOR BETWEEN


           NU
              PHIPP         PREC          PCC           MPFC          PHC
              ________      ________      ________      ________      ________
                0.034         0.068         0.119         0.000         0.046


           NU
              RSC           AAG           PAG
              ________      ________      ________
                0.113         0.082         0.060


           THETA
              PHIPP         PREC          PCC           MPFC          PHC
              ________      ________      ________      ________      ________
 PHIPP          0.017
 PREC           0.000         0.031
 PCC            0.000         0.000         0.048
 MPFC           0.000         0.000         0.000         0.057
 PHC            0.000         0.000         0.000         0.000         0.020
 RSC            0.000         0.000         0.000         0.000         0.000
 AAG            0.000         0.000         0.000         0.000         0.000
 PAG            0.000         0.000         0.000         0.000         0.000


           THETA
              RSC           AAG           PAG
              ________      ________      ________
 RSC            0.026
 AAG            0.000         0.081
 PAG            0.000         0.000         0.064


     Beginning Time:  12:43:55
        Ending Time:  12:43:55
       Elapsed Time:  00:00:00



MUTHEN & MUTHEN
3463 Stoner Ave.
Los Angeles, CA  90066

Tel: (310) 391-9971
Fax: (310) 391-8971
Web: www.StatModel.com
Support: Support@StatModel.com

Copyright (c) 1998-2018 Muthen & Muthen
