Mplus VERSION 8.2 (Linux)
MUTHEN & MUTHEN
11/05/2021  12:31 PM

INPUT INSTRUCTIONS

  TITLE: Model 5: PHC
  DATA: FILE is tidy_roi_data.dat;
  VARIABLE:
    NAMES are subject pHipp PREC PCC MPFC PHC RSC aAG pAG SceCorr ColCorr EmoCorr;
    USEVARIABLES are subject pHipp PREC PCC MPFC PHC RSC aAG pAG SceCorr ColCorr EmoCorr;
    CATEGORICAL = SceCorr ColCorr EmoCorr;
    CLUSTER = subject;
  ANALYSIS:
  TYPE = TWOLEVEL;
  ESTIMATOR = WLSMV;
  MODEL:
  %WITHIN%
  PMN BY pHipp-pAG;
  MemQ BY SceCorr (1)
  ColCorr (2)
  EmoCorr (3);
  pAG WITH MPFC;
  MemQ ON PMN
  PHC (uPHC);
  %BETWEEN%
  MemQb BY SceCorr (1)
  ColCorr (2)
  EmoCorr (3);
  pHipp-pAG;
  pHipp WITH pHipp-pAG;
  PREC WITH pHipp-pAG;
  PCC WITH pHipp-pAG;
  MPFC WITH pHipp-pAG;
  PHC WITH pHipp-pAG;
  RSC WITH pHipp-pAG;
  aAG WITH pHipp-pAG;
  pAG WITH pHipp-pAG;
  MemQb WITH pHIPP-pAG;
  model test:
  uPHC = 0;
  Output:
  stdyx;



INPUT READING TERMINATED NORMALLY



Model 5: PHC

SUMMARY OF ANALYSIS

Number of groups                                                 1
Number of observations                                        3888

Number of dependent variables                                   11
Number of independent variables                                  0
Number of continuous latent variables                            3

Observed dependent variables

  Continuous
   PHIPP       PREC        PCC         MPFC        PHC         RSC
   AAG         PAG

  Binary and ordered categorical (ordinal)
   SCECORR     COLCORR     EMOCORR

Continuous latent variables
   PMN         MEMQ        MEMQB

Variables with special functions

  Cluster variable      SUBJECT

Estimator                                                    WLSMV
Optimization Specifications for the Quasi-Newton Algorithm for
Continuous Outcomes
  Maximum number of iterations                                1000
  Convergence criterion                                  0.100D-05
Optimization Specifications for the EM Algorithm
  Maximum number of iterations                                 500
  Convergence criteria
    Loglikelihood change                                 0.100D-02
    Relative loglikelihood change                        0.100D-05
    Derivative                                           0.100D-02
Optimization Specifications for the M step of the EM Algorithm for
Categorical Latent variables
  Number of M step iterations                                    1
  M step convergence criterion                           0.100D-02
  Basis for M step termination                           ITERATION
Optimization Specifications for the M step of the EM Algorithm for
Censored, Binary or Ordered Categorical (Ordinal), Unordered
Categorical (Nominal) and Count Outcomes
  Number of M step iterations                                    1
  M step convergence criterion                           0.100D-02
  Basis for M step termination                           ITERATION
  Maximum value for logit thresholds                            10
  Minimum value for logit thresholds                           -10
  Minimum expected cell size for chi-square              0.100D-01
Optimization algorithm                                      EMA/FS
Integration Specifications
  Type                                                    STANDARD
  Number of integration points                                   7
  Dimensions of numerical integration                            0
  Adaptive quadrature                                           ON
Link                                                        PROBIT
Cholesky                                                        ON

Input data file(s)
  tidy_roi_data.dat
Input data format  FREE


SUMMARY OF DATA

     Number of clusters                         28

     Average cluster size      138.857

     Estimated Intraclass Correlations for the Y Variables

                Intraclass              Intraclass              Intraclass
     Variable  Correlation   Variable  Correlation   Variable  Correlation

     SCECORR      0.205      COLCORR      0.135      EMOCORR      0.118
     PHIPP        0.022      PREC         0.123      PCC          0.142
     MPFC         0.036      PHC          0.155      RSC          0.138
     AAG          0.184      PAG          0.138



UNIVARIATE PROPORTIONS AND COUNTS FOR CATEGORICAL VARIABLES

    SCECORR
      Category 1    0.325         1262.000
      Category 2    0.675         2626.000
    COLCORR
      Category 1    0.276         1075.000
      Category 2    0.724         2813.000
    EMOCORR
      Category 1    0.242          942.000
      Category 2    0.758         2946.000



UNIVARIATE SAMPLE STATISTICS


     UNIVARIATE HIGHER-ORDER MOMENT DESCRIPTIVE STATISTICS

         Variable/         Mean/     Skewness/   Minimum/ % with                Percentiles
        Sample Size      Variance    Kurtosis    Maximum  Min/Max      20%/60%    40%/80%    Median

     PHIPP                 0.077       0.050      -0.614    0.03%      -0.048      0.041      0.078
            3888.000       0.024       1.110       1.182    0.03%       0.116      0.205
     PREC                  0.116       0.106      -0.923    0.03%      -0.061      0.060      0.111
            3888.000       0.046       0.461       0.971    0.03%       0.160      0.286
     PCC                   0.144       0.266      -0.614    0.03%      -0.037      0.080      0.134
            3888.000       0.048       0.298       1.044    0.03%       0.186      0.321
     MPFC                  0.135       0.079      -1.176    0.03%      -0.087      0.066      0.127
            3888.000       0.078       0.576       1.308    0.03%       0.193      0.361
     PHC                  -0.028      -0.225      -0.763    0.03%      -0.172     -0.065     -0.022
            3888.000       0.033       0.661       1.048    0.03%       0.023      0.121
     RSC                   0.049       0.067      -0.567    0.03%      -0.088      0.008      0.047
            3888.000       0.029       0.510       0.808    0.03%       0.088      0.186
     AAG                   0.188       0.072      -1.346    0.03%      -0.090      0.100      0.182
            3888.000       0.124       0.548       1.648    0.03%       0.264      0.465
     PAG                  -0.007      -0.151      -1.292    0.03%      -0.263     -0.075     -0.002
            3888.000       0.099       0.328       1.232    0.03%       0.075      0.256


THE MODEL ESTIMATION TERMINATED NORMALLY



MODEL FIT INFORMATION

Number of Free Parameters                       81

Chi-Square Test of Model Fit

          Value                           1351.404*
          Degrees of Freedom                    59
          P-Value                           0.0000

*   The chi-square value for MLM, MLMV, MLR, ULSMV, WLSM and WLSMV cannot be used
    for chi-square difference testing in the regular way.  MLM, MLR and WLSM
    chi-square difference testing is described on the Mplus website.  MLMV, WLSMV,
    and ULSMV difference testing is done using the DIFFTEST option.

Wald Test of Parameter Constraints

          Value                              3.559
          Degrees of Freedom                     1
          P-Value                           0.0592

RMSEA (Root Mean Square Error Of Approximation)

          Estimate                           0.075

CFI/TLI

          CFI                                0.930
          TLI                                0.870

Chi-Square Test of Model Fit for the Baseline Model

          Value                          18597.614
          Degrees of Freedom                   110
          P-Value                           0.0000

SRMR (Standardized Root Mean Square Residual)

          Value for Within                   0.049
          Value for Between                  0.043



MODEL RESULTS

                                                    Two-Tailed
                    Estimate       S.E.  Est./S.E.    P-Value

Within Level

 PMN      BY
    PHIPP              1.000      0.000    999.000    999.000
    PREC               1.950      0.034     57.748      0.000
    PCC                2.002      0.037     54.219      0.000
    MPFC               2.311      0.043     53.841      0.000
    PHC                1.135      0.021     53.023      0.000
    RSC                1.182      0.019     63.368      0.000
    AAG                3.365      0.069     48.663      0.000
    PAG                2.295      0.044     52.232      0.000

 MEMQ     BY
    SCECORR            1.000      0.000    999.000    999.000
    COLCORR            0.577      0.149      3.883      0.000
    EMOCORR            0.584      0.117      5.007      0.000

 MEMQ       ON
    PMN                1.421      0.768      1.850      0.064

 MEMQ       ON
    PHC                0.739      0.392      1.886      0.059

 PAG      WITH
    MPFC              -0.015      0.000    -30.008      0.000

 Variances
    PMN                0.004      0.000     26.037      0.000

 Residual Variances
    PHIPP              0.020      0.000     86.485      0.000
    PREC               0.025      0.000     66.811      0.000
    PCC                0.024      0.000    117.700      0.000
    MPFC               0.053      0.001     90.734      0.000
    PHC                0.023      0.000     84.188      0.000
    RSC                0.019      0.000    111.531      0.000
    AAG                0.055      0.001     98.318      0.000
    PAG                0.064      0.000    137.712      0.000
    MEMQ               0.833      0.274      3.045      0.002

Between Level

 MEMQB    BY
    SCECORR            1.000      0.000    999.000    999.000
    COLCORR            0.577      0.149      3.883      0.000
    EMOCORR            0.584      0.117      5.007      0.000

 MEMQB    WITH
    PHIPP              0.007      0.004      1.702      0.089
    PREC               0.027      0.012      2.224      0.026
    PCC                0.016      0.011      1.453      0.146
    MPFC              -0.004      0.006     -0.618      0.536
    PHC                0.017      0.008      2.145      0.032
    RSC                0.032      0.009      3.514      0.000
    AAG                0.010      0.017      0.604      0.546
    PAG                0.008      0.011      0.746      0.456

 PHIPP    WITH
    PREC               0.001      0.000      2.174      0.030
    PCC                0.001      0.000      1.617      0.106
    MPFC               0.000      0.000      0.202      0.840
    PHC                0.000      0.000      0.021      0.983
    RSC                0.001      0.000      1.216      0.224
    AAG                0.001      0.001      1.596      0.111
    PAG               -0.001      0.001     -0.818      0.413

 PREC     WITH
    PCC                0.002      0.001      1.208      0.227
    MPFC               0.001      0.001      0.733      0.463
    PHC                0.002      0.001      1.745      0.081
    RSC                0.002      0.001      2.525      0.012
    AAG               -0.001      0.001     -0.727      0.467
    PAG               -0.001      0.002     -0.401      0.688

 PCC      WITH
    MPFC               0.001      0.001      1.305      0.192
    PHC                0.000      0.001     -0.051      0.959
    RSC                0.002      0.001      2.198      0.028
    AAG                0.001      0.002      0.763      0.445
    PAG               -0.002      0.002     -0.789      0.430

 MPFC     WITH
    PHC               -0.001      0.001     -1.734      0.083
    RSC                0.000      0.001      0.046      0.964
    AAG                0.001      0.001      1.000      0.317
    PAG               -0.001      0.001     -0.913      0.361

 PHC      WITH
    RSC                0.000      0.001      0.029      0.977
    AAG               -0.006      0.003     -2.255      0.024
    PAG                0.001      0.001      1.231      0.218

 RSC      WITH
    AAG                0.003      0.002      1.457      0.145
    PAG               -0.001      0.001     -0.483      0.629

 AAG      WITH
    PAG                0.003      0.002      1.043      0.297

 Means
    PHIPP              0.077      0.005     14.881      0.000
    PREC               0.113      0.016      7.080      0.000
    PCC                0.143      0.023      6.252      0.000
    MPFC               0.134      0.012     11.118      0.000
    PHC               -0.029      0.019     -1.544      0.123
    RSC                0.048      0.014      3.522      0.000
    AAG                0.189      0.030      6.246      0.000
    PAG               -0.008      0.029     -0.288      0.773

 Thresholds
    SCECORR$1         -0.688      0.129     -5.315      0.000
    COLCORR$1         -0.718      0.097     -7.433      0.000
    EMOCORR$1         -0.840      0.098     -8.571      0.000

 Variances
    PHIPP              0.001      0.000      2.174      0.030
    PREC               0.006      0.002      3.212      0.001
    PCC                0.007      0.002      3.127      0.002
    MPFC               0.003      0.001      3.197      0.001
    PHC                0.005      0.001      4.177      0.000
    RSC                0.004      0.001      4.956      0.000
    AAG                0.023      0.008      2.836      0.005
    PAG                0.014      0.004      3.566      0.000
    MEMQB              0.413      0.241      1.712      0.087

 Residual Variances
    SCECORR            0.068      0.127      0.533      0.594
    COLCORR            0.063      0.068      0.923      0.356
    EMOCORR            0.033      0.057      0.583      0.560


STANDARDIZED MODEL RESULTS


STDYX Standardization

                                                    Two-Tailed
                    Estimate       S.E.  Est./S.E.    P-Value

Within Level

 PMN      BY
    PHIPP              0.416      0.007     56.266      0.000
    PREC               0.620      0.007     92.572      0.000
    PCC                0.634      0.004    141.455      0.000
    MPFC               0.540      0.006     93.419      0.000
    PHC                0.436      0.008     57.502      0.000
    RSC                0.481      0.006     80.928      0.000
    AAG                0.676      0.005    142.470      0.000
    PAG                0.502      0.005     97.156      0.000

 MEMQ     BY
    SCECORR            0.681      0.059     11.608      0.000
    COLCORR            0.473      0.046     10.392      0.000
    EMOCORR            0.478      0.032     14.863      0.000

 MEMQ       ON
    PMN                0.098      0.046      2.145      0.032

 MEMQ       ON
    PHC                0.132      0.077      1.728      0.084

 PAG      WITH
    MPFC              -0.253      0.008    -31.756      0.000

 Variances
    PMN                1.000      0.000    999.000    999.000

 Residual Variances
    PHIPP              0.827      0.006    134.698      0.000
    PREC               0.616      0.008     74.287      0.000
    PCC                0.598      0.006    105.299      0.000
    MPFC               0.708      0.006    113.222      0.000
    PHC                0.810      0.007    122.643      0.000
    RSC                0.769      0.006    134.508      0.000
    AAG                0.543      0.006     84.554      0.000
    PAG                0.748      0.005    144.562      0.000
    MEMQ               0.962      0.015     62.583      0.000

Between Level

 MEMQB    BY
    SCECORR            0.927      0.122      7.591      0.000
    COLCORR            0.829      0.155      5.354      0.000
    EMOCORR            0.900      0.160      5.619      0.000

 MEMQB    WITH
    PHIPP              0.459      0.193      2.373      0.018
    PREC               0.566      0.130      4.364      0.000
    PCC                0.297      0.167      1.780      0.075
    MPFC              -0.112      0.188     -0.594      0.553
    PHC                0.381      0.163      2.333      0.020
    RSC                0.786      0.170      4.618      0.000
    AAG                0.104      0.163      0.636      0.525
    PAG                0.106      0.133      0.801      0.423

 PHIPP    WITH
    PREC               0.542      0.170      3.196      0.001
    PCC                0.385      0.165      2.335      0.020
    MPFC               0.032      0.154      0.205      0.838
    PHC                0.005      0.229      0.021      0.983
    RSC                0.392      0.293      1.339      0.181
    AAG                0.394      0.195      2.024      0.043
    PAG               -0.247      0.295     -0.836      0.403

 PREC     WITH
    PCC                0.271      0.203      1.335      0.182
    MPFC               0.142      0.186      0.763      0.445
    PHC                0.412      0.194      2.124      0.034
    RSC                0.505      0.130      3.876      0.000
    AAG               -0.092      0.127     -0.726      0.468
    PAG               -0.092      0.226     -0.405      0.685

 PCC      WITH
    MPFC               0.232      0.152      1.522      0.128
    PHC               -0.009      0.170     -0.051      0.959
    RSC                0.433      0.149      2.909      0.004
    AAG                0.107      0.132      0.810      0.418
    PAG               -0.194      0.241     -0.805      0.421

 MPFC     WITH
    PHC               -0.318      0.163     -1.953      0.051
    RSC                0.010      0.230      0.046      0.964
    AAG                0.145      0.135      1.079      0.281
    PAG               -0.206      0.215     -0.957      0.339

 PHC      WITH
    RSC                0.005      0.166      0.029      0.977
    AAG               -0.548      0.143     -3.826      0.000
    PAG                0.135      0.096      1.414      0.157

 RSC      WITH
    AAG                0.272      0.164      1.659      0.097
    PAG               -0.081      0.167     -0.484      0.629

 AAG      WITH
    PAG                0.143      0.125      1.143      0.253

 Means
    PHIPP              3.358      0.781      4.300      0.000
    PREC               1.501      0.263      5.717      0.000
    PCC                1.735      0.277      6.252      0.000
    MPFC               2.544      0.420      6.060      0.000
    PHC               -0.409      0.243     -1.685      0.092
    RSC                0.758      0.196      3.873      0.000
    AAG                1.251      0.259      4.832      0.000
    PAG               -0.070      0.238     -0.295      0.768

 Thresholds
    SCECORR$1         -0.503      0.107     -4.708      0.000
    COLCORR$1         -0.633      0.077     -8.167      0.000
    EMOCORR$1         -0.738      0.091     -8.143      0.000

 Variances
    PHIPP              1.000      0.000    999.000    999.000
    PREC               1.000      0.000    999.000    999.000
    PCC                1.000      0.000    999.000    999.000
    MPFC               1.000      0.000    999.000    999.000
    PHC                1.000      0.000    999.000    999.000
    RSC                1.000      0.000    999.000    999.000
    AAG                1.000      0.000    999.000    999.000
    PAG                1.000      0.000    999.000    999.000
    MEMQB              1.000      0.000    999.000    999.000

 Residual Variances
    SCECORR            0.141      0.226      0.621      0.534
    COLCORR            0.313      0.257      1.221      0.222
    EMOCORR            0.191      0.288      0.661      0.508


R-SQUARE

Within Level

    Observed                                        Two-Tailed     Scale
    Variable        Estimate       S.E.  Est./S.E.    P-Value     Factors

    SCECORR            0.464      0.080      5.804      0.000      0.732
    COLCORR            0.224      0.043      5.196      0.000      0.881
    EMOCORR            0.228      0.031      7.432      0.000      0.879
    PHIPP              0.173      0.006     28.133      0.000      0.000
    PREC               0.384      0.008     46.286      0.000      0.000
    PCC                0.402      0.006     70.728      0.000      0.000
    MPFC               0.292      0.006     46.710      0.000      0.000
    PHC                0.190      0.007     28.751      0.000      0.000
    RSC                0.231      0.006     40.464      0.000      0.000
    AAG                0.457      0.006     71.235      0.000      0.000
    PAG                0.252      0.005     48.578      0.000      0.000

     Latent                                         Two-Tailed
    Variable        Estimate       S.E.  Est./S.E.    P-Value

    MEMQ               0.038      0.015      2.496      0.013

Between Level

    Observed                                        Two-Tailed
    Variable        Estimate       S.E.  Est./S.E.    P-Value

    SCECORR            0.859      0.226      3.796      0.000
    COLCORR            0.687      0.257      2.677      0.007
    EMOCORR            0.809      0.288      2.809      0.005


QUALITY OF NUMERICAL RESULTS

     Condition Number for the Information Matrix              0.975E-09
       (ratio of smallest to largest eigenvalue)


     Beginning Time:  12:31:54
        Ending Time:  12:32:24
       Elapsed Time:  00:00:30



MUTHEN & MUTHEN
3463 Stoner Ave.
Los Angeles, CA  90066

Tel: (310) 391-9971
Fax: (310) 391-8971
Web: www.StatModel.com
Support: Support@StatModel.com

Copyright (c) 1998-2018 Muthen & Muthen
