Mplus VERSION 8.2 (Linux)
MUTHEN & MUTHEN
06/23/2021   2:00 PM

INPUT INSTRUCTIONS

  TITLE: Null Model -- is multilevel modeling necessary?
  DATA: FILE is tidy_roi_data.dat;
  VARIABLE:
    NAMES are subject pHipp PREC PCC MPFC PHC RSC aAG pAG SceCorr ColCorr EmoCorr;
    USEVARIABLES are subject pHipp PREC PCC MPFC PHC RSC aAG pAG;
    CLUSTER = subject;
  ANALYSIS:
  TYPE = TWOLEVEL;
  ESTIMATOR = MLR;
  MODEL:
  %WITHIN%
  pHipp-pAG;
  pHipp WITH pHipp-pAG;
  PREC WITH pHipp-pAG;
  PCC WITH pHipp-pAG;
  MPFC WITH pHipp-pAG;
  PHC WITH pHipp-pAG;
  RSC WITH pHipp-pAG;
  aAG WITH pHipp-pAG;
  pAG WITH pHipp-pAG;
  %BETWEEN%
  pHipp-pAG@0
  Output:
  TECH1;



INPUT READING TERMINATED NORMALLY



Null Model -- is multilevel modeling necessary?

SUMMARY OF ANALYSIS

Number of groups                                                 1
Number of observations                                        3888

Number of dependent variables                                    8
Number of independent variables                                  0
Number of continuous latent variables                            0

Observed dependent variables

  Continuous
   PHIPP       PREC        PCC         MPFC        PHC         RSC
   AAG         PAG

Variables with special functions

  Cluster variable      SUBJECT

Estimator                                                      MLR
Information matrix                                        OBSERVED
Maximum number of iterations                                   100
Convergence criterion                                    0.100D-05
Maximum number of EM iterations                                500
Convergence criteria for the EM algorithm
  Loglikelihood change                                   0.100D-02
  Relative loglikelihood change                          0.100D-05
  Derivative                                             0.100D-03
Minimum variance                                         0.100D-03
Maximum number of steepest descent iterations                   20
Maximum number of iterations for H1                           2000
Convergence criterion for H1                             0.100D-03
Optimization algorithm                                         EMA

Input data file(s)
  tidy_roi_data.dat
Input data format  FREE


SUMMARY OF DATA

     Number of clusters                         28

     Average cluster size      138.857

     Estimated Intraclass Correlations for the Y Variables

                Intraclass              Intraclass              Intraclass
     Variable  Correlation   Variable  Correlation   Variable  Correlation

     PHIPP        0.037      PREC         0.085      PCC          0.193
     MPFC         0.087      PHC          0.124      RSC          0.156
     AAG          0.255      PAG          0.077




UNIVARIATE SAMPLE STATISTICS


     UNIVARIATE HIGHER-ORDER MOMENT DESCRIPTIVE STATISTICS

         Variable/         Mean/     Skewness/   Minimum/ % with                Percentiles
        Sample Size      Variance    Kurtosis    Maximum  Min/Max      20%/60%    40%/80%    Median

     PHIPP                 0.034      -0.052      -0.752    0.03%      -0.115     -0.013      0.034
            3888.000       0.034       0.550       0.999    0.03%       0.079      0.187
     PREC                  0.068       0.006      -1.073    0.03%      -0.135      0.007      0.064
            3888.000       0.063       0.618       1.134    0.03%       0.122      0.272
     PCC                   0.119       0.128      -1.587    0.03%      -0.129      0.043      0.118
            3888.000       0.097       0.813       1.478    0.03%       0.188      0.363
     MPFC                  0.000      -0.087      -1.699    0.03%      -0.271     -0.077      0.002
            3888.000       0.114       1.100       1.929    0.03%       0.089      0.271
     PHC                   0.046      -0.133      -1.171    0.03%      -0.115      0.003      0.050
            3888.000       0.041       0.688       0.877    0.03%       0.096      0.209
     RSC                   0.113      -0.027      -0.943    0.03%      -0.078      0.058      0.114
            3888.000       0.052       0.288       0.978    0.03%       0.170      0.299
     AAG                   0.082       0.180      -1.675    0.03%      -0.239     -0.018      0.077
            3888.000       0.162       0.890       1.986    0.03%       0.173      0.394
     PAG                   0.060      -0.170      -2.105    0.03%      -0.223     -0.016      0.067
            3888.000       0.129       1.102       1.732    0.03%       0.147      0.347

     THE STANDARD ERRORS OF THE MODEL PARAMETER ESTIMATES MAY NOT BE
     TRUSTWORTHY FOR SOME PARAMETERS DUE TO A NON-POSITIVE DEFINITE
     FIRST-ORDER DERIVATIVE PRODUCT MATRIX.  THIS MAY BE DUE TO THE STARTING
     VALUES BUT MAY ALSO BE AN INDICATION OF MODEL NONIDENTIFICATION.  THE
     CONDITION NUMBER IS      -0.201D-16.  PROBLEM INVOLVING THE FOLLOWING PARAMETER:
     Parameter 28, %WITHIN%: AAG

     THE NONIDENTIFICATION IS MOST LIKELY DUE TO HAVING MORE PARAMETERS THAN THE
     NUMBER OF CLUSTERS. REDUCE THE NUMBER OF PARAMETERS.


THE MODEL ESTIMATION TERMINATED NORMALLY



MODEL FIT INFORMATION

Number of Free Parameters                       44

Loglikelihood

          H0 Value                         644.262
          H0 Scaling Correction Factor      9.2849
            for MLR
          H1 Value                        2439.857

Information Criteria

          Akaike (AIC)                   -1200.525
          Bayesian (BIC)                  -924.836
          Sample-Size Adjusted BIC       -1064.648
            (n* = (n + 2) / 24)

Chi-Square Test of Model Fit

          Value                           3591.189*
          Degrees of Freedom                    36
          P-Value                           0.0000
          Scaling Correction Factor      Undefined
            for MLR

*   The chi-square value for MLM, MLMV, MLR, ULSMV, WLSM and WLSMV cannot be used
    for chi-square difference testing in the regular way.  MLM, MLR and WLSM
    chi-square difference testing is described on the Mplus website.  MLMV, WLSMV,
    and ULSMV difference testing is done using the DIFFTEST option.

RMSEA (Root Mean Square Error Of Approximation)

          Estimate                           0.159

CFI/TLI

          CFI                                0.018
          TLI                               -0.527

Chi-Square Test of Model Fit for the Baseline Model

          Value                           3678.142
          Degrees of Freedom                    56
          P-Value                           0.0000

SRMR (Standardized Root Mean Square Residual)

          Value for Within                   0.065
          Value for Between                  0.427



MODEL RESULTS

                                                    Two-Tailed
                    Estimate       S.E.  Est./S.E.    P-Value

Within Level

 PHIPP    WITH
    PREC               0.015      0.002      6.513      0.000
    PCC                0.022      0.003      8.226      0.000
    MPFC               0.024      0.002      9.940      0.000
    PHC                0.011      0.001      8.406      0.000
    RSC                0.011      0.002      6.737      0.000
    AAG                0.026      0.002     10.905      0.000
    PAG                0.021      0.003      7.498      0.000

 PREC     WITH
    PCC                0.037      0.004      9.225      0.000
    MPFC               0.026      0.004      6.933      0.000
    PHC                0.016      0.002      7.999      0.000
    RSC                0.021      0.003      6.917      0.000
    AAG                0.044      0.005      8.996      0.000
    PAG                0.034      0.004      8.761      0.000

 PCC      WITH
    MPFC               0.048      0.004     10.988      0.000
    PHC                0.019      0.002      8.004      0.000
    RSC                0.025      0.003      7.832      0.000
    AAG                0.062      0.007      9.404      0.000
    PAG                0.043      0.005      7.933      0.000

 MPFC     WITH
    PHC                0.011      0.002      4.685      0.000
    RSC                0.017      0.003      5.135      0.000
    AAG                0.060      0.006     10.159      0.000
    PAG                0.021      0.005      3.909      0.000

 PHC      WITH
    RSC                0.019      0.002     11.554      0.000
    AAG                0.020      0.003      6.237      0.000
    PAG                0.031      0.003      9.697      0.000

 RSC      WITH
    AAG                0.032      0.005      6.782      0.000
    PAG                0.032      0.004      9.100      0.000

 AAG      WITH
    PAG                0.051      0.006      8.112      0.000

 Variances
    PHIPP              0.033      0.002     17.417      0.000
    PREC               0.061      0.005     11.605      0.000
    PCC                0.091      0.009     10.291      0.000
    MPFC               0.112      0.009     12.904      0.000
    PHC                0.039      0.002     16.281      0.000
    RSC                0.049      0.003     14.417      0.000
    AAG                0.154      0.017      9.288      0.000
    PAG                0.127      0.009     13.895      0.000

Between Level

 Means
    PHIPP              0.034      0.007      4.572      0.000
    PREC               0.068      0.014      4.720      0.000
    PCC                0.119      0.026      4.555      0.000
    MPFC               0.000      0.020     -0.014      0.989
    PHC                0.046      0.014      3.387      0.001
    RSC                0.113      0.017      6.493      0.000
    AAG                0.082      0.038      2.141      0.032
    PAG                0.060      0.019      3.124      0.002

 Variances
    PHIPP              0.000      0.000    999.000    999.000
    PREC               0.000      0.000    999.000    999.000
    PCC                0.000      0.000    999.000    999.000
    MPFC               0.000      0.000    999.000    999.000
    PHC                0.000      0.000    999.000    999.000
    RSC                0.000      0.000    999.000    999.000
    AAG                0.000      0.000    999.000    999.000
    PAG                0.000      0.000    999.000    999.000


QUALITY OF NUMERICAL RESULTS

     Condition Number for the Information Matrix             -0.201E-16
       (ratio of smallest to largest eigenvalue)


TECHNICAL 1 OUTPUT


     PARAMETER SPECIFICATION FOR WITHIN


           NU
              PHIPP         PREC          PCC           MPFC          PHC
              ________      ________      ________      ________      ________
                    0             0             0             0             0


           NU
              RSC           AAG           PAG
              ________      ________      ________
                    0             0             0


           THETA
              PHIPP         PREC          PCC           MPFC          PHC
              ________      ________      ________      ________      ________
 PHIPP              1
 PREC               2             3
 PCC                4             5             6
 MPFC               7             8             9            10
 PHC               11            12            13            14            15
 RSC               16            17            18            19            20
 AAG               22            23            24            25            26
 PAG               29            30            31            32            33


           THETA
              RSC           AAG           PAG
              ________      ________      ________
 RSC               21
 AAG               27            28
 PAG               34            35            36


     PARAMETER SPECIFICATION FOR BETWEEN


           NU
              PHIPP         PREC          PCC           MPFC          PHC
              ________      ________      ________      ________      ________
                   37            38            39            40            41


           NU
              RSC           AAG           PAG
              ________      ________      ________
                   42            43            44


           THETA
              PHIPP         PREC          PCC           MPFC          PHC
              ________      ________      ________      ________      ________
 PHIPP              0
 PREC               0             0
 PCC                0             0             0
 MPFC               0             0             0             0
 PHC                0             0             0             0             0
 RSC                0             0             0             0             0
 AAG                0             0             0             0             0
 PAG                0             0             0             0             0


           THETA
              RSC           AAG           PAG
              ________      ________      ________
 RSC                0
 AAG                0             0
 PAG                0             0             0


     STARTING VALUES FOR WITHIN


           NU
              PHIPP         PREC          PCC           MPFC          PHC
              ________      ________      ________      ________      ________
                0.000         0.000         0.000         0.000         0.000


           NU
              RSC           AAG           PAG
              ________      ________      ________
                0.000         0.000         0.000


           THETA
              PHIPP         PREC          PCC           MPFC          PHC
              ________      ________      ________      ________      ________
 PHIPP          0.017
 PREC           0.000         0.031
 PCC            0.000         0.000         0.048
 MPFC           0.000         0.000         0.000         0.057
 PHC            0.000         0.000         0.000         0.000         0.020
 RSC            0.000         0.000         0.000         0.000         0.000
 AAG            0.000         0.000         0.000         0.000         0.000
 PAG            0.000         0.000         0.000         0.000         0.000


           THETA
              RSC           AAG           PAG
              ________      ________      ________
 RSC            0.026
 AAG            0.000         0.081
 PAG            0.000         0.000         0.064


     STARTING VALUES FOR BETWEEN


           NU
              PHIPP         PREC          PCC           MPFC          PHC
              ________      ________      ________      ________      ________
                0.034         0.068         0.119         0.000         0.046


           NU
              RSC           AAG           PAG
              ________      ________      ________
                0.113         0.082         0.060


           THETA
              PHIPP         PREC          PCC           MPFC          PHC
              ________      ________      ________      ________      ________
 PHIPP          0.000
 PREC           0.000         0.000
 PCC            0.000         0.000         0.000
 MPFC           0.000         0.000         0.000         0.000
 PHC            0.000         0.000         0.000         0.000         0.000
 RSC            0.000         0.000         0.000         0.000         0.000
 AAG            0.000         0.000         0.000         0.000         0.000
 PAG            0.000         0.000         0.000         0.000         0.000


           THETA
              RSC           AAG           PAG
              ________      ________      ________
 RSC            0.000
 AAG            0.000         0.000
 PAG            0.000         0.000         0.000


     Beginning Time:  14:00:39
        Ending Time:  14:00:40
       Elapsed Time:  00:00:01



MUTHEN & MUTHEN
3463 Stoner Ave.
Los Angeles, CA  90066

Tel: (310) 391-9971
Fax: (310) 391-8971
Web: www.StatModel.com
Support: Support@StatModel.com

Copyright (c) 1998-2018 Muthen & Muthen
