Mplus VERSION 8.2 (Linux)
MUTHEN & MUTHEN
11/05/2021  12:43 PM

INPUT INSTRUCTIONS

  TITLE: Within Measurement Model -- One Latent Factor
  DATA: FILE is tidy_roi_data.dat;
  VARIABLE:
    NAMES are subject pHipp PREC PCC MPFC PHC RSC aAG pAG SceCorr ColCorr EmoCorr;
    USEVARIABLES are subject pHipp PREC PCC MPFC PHC RSC aAG pAG;
    CLUSTER = subject;
  ANALYSIS:
  TYPE = TWOLEVEL;
  ESTIMATOR = MLR;
  MODEL:
  %WITHIN%
  PMN BY pHipp-pAG;
  pAG WITH MPFC;
  %BETWEEN%
  pHipp-pAG;
  pHIPP WITH PREC-pAG;
  PREC WITH PCC-pAG;
  PCC WITH MPFC-pAG;
  MPFC WITH PHC-pAG;
  PHC WITH RSC-pAG;
  RSC WITH aAG pAG;
  aAG WITH pAG;
  Output:
  stdyx sampstat modindices;



INPUT READING TERMINATED NORMALLY



Within Measurement Model -- One Latent Factor

SUMMARY OF ANALYSIS

Number of groups                                                 1
Number of observations                                        3888

Number of dependent variables                                    8
Number of independent variables                                  0
Number of continuous latent variables                            1

Observed dependent variables

  Continuous
   PHIPP       PREC        PCC         MPFC        PHC         RSC
   AAG         PAG

Continuous latent variables
   PMN

Variables with special functions

  Cluster variable      SUBJECT

Estimator                                                      MLR
Information matrix                                        OBSERVED
Maximum number of iterations                                   100
Convergence criterion                                    0.100D-05
Maximum number of EM iterations                                500
Convergence criteria for the EM algorithm
  Loglikelihood change                                   0.100D-02
  Relative loglikelihood change                          0.100D-05
  Derivative                                             0.100D-03
Minimum variance                                         0.100D-03
Maximum number of steepest descent iterations                   20
Maximum number of iterations for H1                           2000
Convergence criterion for H1                             0.100D-03
Optimization algorithm                                         EMA

Input data file(s)
  tidy_roi_data.dat
Input data format  FREE


SUMMARY OF DATA

     Number of clusters                         28

     Average cluster size      138.857

     Estimated Intraclass Correlations for the Y Variables

                Intraclass              Intraclass              Intraclass
     Variable  Correlation   Variable  Correlation   Variable  Correlation

     PHIPP        0.021      PREC         0.123      PCC          0.142
     MPFC         0.035      PHC          0.155      RSC          0.138
     AAG          0.184      PAG          0.138



SAMPLE STATISTICS

NOTE:  The sample statistics for within and between refer to the
       maximum-likelihood estimated within and between covariance
       matrices, respectively.


     ESTIMATED SAMPLE STATISTICS FOR WITHIN


           Means
              PHIPP         PREC          PCC           MPFC          PHC
              ________      ________      ________      ________      ________
                0.000         0.000         0.000         0.000         0.000


           Means
              RSC           AAG           PAG
              ________      ________      ________
                0.000         0.000         0.000


           Covariances
              PHIPP         PREC          PCC           MPFC          PHC
              ________      ________      ________      ________      ________
 PHIPP          0.024
 PREC           0.009         0.041
 PCC            0.009         0.018         0.041
 MPFC           0.012         0.016         0.024         0.075
 PHC            0.005         0.008         0.007         0.006         0.028
 RSC            0.004         0.009         0.008         0.008         0.010
 AAG            0.014         0.028         0.031         0.032         0.013
 PAG            0.007         0.018         0.015         0.007         0.018


           Covariances
              RSC           AAG           PAG
              ________      ________      ________
 RSC            0.025
 AAG            0.015         0.102
 PAG            0.016         0.030         0.086


           Correlations
              PHIPP         PREC          PCC           MPFC          PHC
              ________      ________      ________      ________      ________
 PHIPP          1.000
 PREC           0.277         1.000
 PCC            0.285         0.432         1.000
 MPFC           0.293         0.296         0.425         1.000
 PHC            0.201         0.241         0.202         0.135         1.000
 RSC            0.185         0.299         0.259         0.179         0.375
 AAG            0.281         0.435         0.478         0.372         0.246
 PAG            0.162         0.301         0.251         0.087         0.367


           Correlations
              RSC           AAG           PAG
              ________      ________      ________
 RSC            1.000
 AAG            0.301         1.000
 PAG            0.356         0.322         1.000


     ESTIMATED SAMPLE STATISTICS FOR BETWEEN


           Means
              PHIPP         PREC          PCC           MPFC          PHC
              ________      ________      ________      ________      ________
                0.077         0.113         0.143         0.134        -0.029


           Means
              RSC           AAG           PAG
              ________      ________      ________
                0.048         0.189        -0.008


           Covariances
              PHIPP         PREC          PCC           MPFC          PHC
              ________      ________      ________      ________      ________
 PHIPP          0.001
 PREC           0.001         0.006
 PCC            0.001         0.002         0.007
 MPFC           0.000         0.001         0.001         0.003
 PHC            0.000         0.002         0.000        -0.001         0.005
 RSC            0.001         0.002         0.002         0.000         0.000
 AAG            0.001        -0.001         0.001         0.001        -0.006
 PAG           -0.001        -0.001        -0.002        -0.001         0.001


           Covariances
              RSC           AAG           PAG
              ________      ________      ________
 RSC            0.004
 AAG            0.003         0.023
 PAG           -0.001         0.003         0.014


           Correlations
              PHIPP         PREC          PCC           MPFC          PHC
              ________      ________      ________      ________      ________
 PHIPP          1.000
 PREC           0.541         1.000
 PCC            0.385         0.270         1.000
 MPFC           0.025         0.141         0.234         1.000
 PHC           -0.004         0.411        -0.009        -0.322         1.000
 RSC            0.390         0.504         0.433         0.010         0.004
 AAG            0.399        -0.093         0.108         0.150        -0.547
 PAG           -0.247        -0.091        -0.195        -0.209         0.136


           Correlations
              RSC           AAG           PAG
              ________      ________      ________
 RSC            1.000
 AAG            0.273         1.000
 PAG           -0.081         0.143         1.000


UNIVARIATE SAMPLE STATISTICS


     UNIVARIATE HIGHER-ORDER MOMENT DESCRIPTIVE STATISTICS

         Variable/         Mean/     Skewness/   Minimum/ % with                Percentiles
        Sample Size      Variance    Kurtosis    Maximum  Min/Max      20%/60%    40%/80%    Median

     PHIPP                 0.077       0.050      -0.614    0.03%      -0.048      0.041      0.078
            3888.000       0.024       1.110       1.182    0.03%       0.116      0.205
     PREC                  0.116       0.106      -0.923    0.03%      -0.061      0.060      0.111
            3888.000       0.046       0.461       0.971    0.03%       0.160      0.286
     PCC                   0.144       0.266      -0.614    0.03%      -0.037      0.080      0.134
            3888.000       0.048       0.298       1.044    0.03%       0.186      0.321
     MPFC                  0.135       0.079      -1.176    0.03%      -0.087      0.066      0.127
            3888.000       0.078       0.576       1.308    0.03%       0.193      0.361
     PHC                  -0.028      -0.225      -0.763    0.03%      -0.172     -0.065     -0.022
            3888.000       0.033       0.661       1.048    0.03%       0.023      0.121
     RSC                   0.049       0.067      -0.567    0.03%      -0.088      0.008      0.047
            3888.000       0.029       0.510       0.808    0.03%       0.088      0.186
     AAG                   0.188       0.072      -1.346    0.03%      -0.090      0.100      0.182
            3888.000       0.124       0.548       1.648    0.03%       0.264      0.465
     PAG                  -0.007      -0.151      -1.292    0.03%      -0.263     -0.075     -0.002
            3888.000       0.099       0.328       1.232    0.03%       0.075      0.256

     THE STANDARD ERRORS OF THE MODEL PARAMETER ESTIMATES MAY NOT BE
     TRUSTWORTHY FOR SOME PARAMETERS DUE TO A NON-POSITIVE DEFINITE
     FIRST-ORDER DERIVATIVE PRODUCT MATRIX.  THIS MAY BE DUE TO THE STARTING
     VALUES BUT MAY ALSO BE AN INDICATION OF MODEL NONIDENTIFICATION.  THE
     CONDITION NUMBER IS      -0.874D-16.  PROBLEM INVOLVING THE FOLLOWING PARAMETER:
     Parameter 30, %BETWEEN%: PCC WITH PREC

     THE NONIDENTIFICATION IS MOST LIKELY DUE TO HAVING MORE PARAMETERS THAN THE
     NUMBER OF CLUSTERS. REDUCE THE NUMBER OF PARAMETERS.


THE MODEL ESTIMATION TERMINATED NORMALLY



MODEL FIT INFORMATION

Number of Free Parameters                       61

Loglikelihood

          H0 Value                        6443.805
          H0 Scaling Correction Factor      2.4614
            for MLR
          H1 Value                        6768.165
          H1 Scaling Correction Factor      2.5614
            for MLR

Information Criteria

          Akaike (AIC)                  -12765.610
          Bayesian (BIC)                -12383.405
          Sample-Size Adjusted BIC      -12577.235
            (n* = (n + 2) / 24)

Chi-Square Test of Model Fit

          Value                            225.062*
          Degrees of Freedom                    19
          P-Value                           0.0000
          Scaling Correction Factor         2.8824
            for MLR

*   The chi-square value for MLM, MLMV, MLR, ULSMV, WLSM and WLSMV cannot be used
    for chi-square difference testing in the regular way.  MLM, MLR and WLSM
    chi-square difference testing is described on the Mplus website.  MLMV, WLSMV,
    and ULSMV difference testing is done using the DIFFTEST option.

RMSEA (Root Mean Square Error Of Approximation)

          Estimate                           0.053

CFI/TLI

          CFI                                0.928
          TLI                                0.788

Chi-Square Test of Model Fit for the Baseline Model

          Value                           2917.195
          Degrees of Freedom                    56
          P-Value                           0.0000

SRMR (Standardized Root Mean Square Residual)

          Value for Within                   0.057
          Value for Between                  0.004



MODEL RESULTS

                                                    Two-Tailed
                    Estimate       S.E.  Est./S.E.    P-Value

Within Level

 PMN      BY
    PHIPP              1.000      0.000    999.000    999.000
    PREC               1.875      0.126     14.903      0.000
    PCC                1.984      0.160     12.383      0.000
    MPFC               2.192      0.208     10.517      0.000
    PHC                1.067      0.094     11.338      0.000
    RSC                1.142      0.115      9.894      0.000
    AAG                3.245      0.284     11.442      0.000
    PAG                2.209      0.202     10.932      0.000

 PAG      WITH
    MPFC              -0.015      0.002     -9.005      0.000

 Variances
    PMN                0.004      0.001      5.812      0.000

 Residual Variances
    PHIPP              0.019      0.001     25.823      0.000
    PREC               0.025      0.002     13.924      0.000
    PCC                0.023      0.002     13.730      0.000
    MPFC               0.054      0.004     14.853      0.000
    PHC                0.023      0.001     17.013      0.000
    RSC                0.019      0.001     15.444      0.000
    AAG                0.055      0.004     12.910      0.000
    PAG                0.064      0.006     10.585      0.000

Between Level

 PHIPP    WITH
    PREC               0.001      0.000      3.255      0.001
    PCC                0.001      0.001      1.275      0.202
    MPFC               0.000      0.000      0.144      0.885
    PHC                0.000      0.000     -0.014      0.989
    RSC                0.001      0.000      1.815      0.069
    AAG                0.001      0.001      2.246      0.025
    PAG               -0.001      0.000     -1.715      0.086

 PREC     WITH
    PCC                0.002      0.001      1.470      0.142
    MPFC               0.001      0.001      0.636      0.525
    PHC                0.002      0.001      1.886      0.059
    RSC                0.002      0.001      2.490      0.013
    AAG               -0.001      0.003     -0.352      0.725
    PAG               -0.001      0.001     -0.573      0.567

 PCC      WITH
    MPFC               0.001      0.001      1.261      0.207
    PHC                0.000      0.001     -0.067      0.946
    RSC                0.002      0.001      1.619      0.105
    AAG                0.001      0.003      0.464      0.643
    PAG               -0.002      0.001     -1.864      0.062

 MPFC     WITH
    PHC               -0.001      0.001     -1.203      0.229
    RSC                0.000      0.001      0.012      0.990
    AAG                0.001      0.002      0.541      0.589
    PAG               -0.001      0.001     -1.061      0.289

 PHC      WITH
    RSC                0.000      0.001      0.052      0.959
    AAG               -0.006      0.003     -1.776      0.076
    PAG                0.001      0.003      0.468      0.639

 RSC      WITH
    AAG                0.003      0.002      1.229      0.219
    PAG               -0.001      0.001     -0.396      0.692

 AAG      WITH
    PAG                0.003      0.004      0.610      0.542

 Means
    PHIPP              0.077      0.005     15.501      0.000
    PREC               0.113      0.015      7.760      0.000
    PCC                0.143      0.016      8.991      0.000
    MPFC               0.134      0.011     12.295      0.000
    PHC               -0.029      0.014     -2.116      0.034
    RSC                0.048      0.012      3.933      0.000
    AAG                0.189      0.029      6.520      0.000
    PAG               -0.008      0.023     -0.355      0.723

 Variances
    PHIPP              0.001      0.000      3.580      0.000
    PREC               0.006      0.002      3.737      0.000
    PCC                0.007      0.002      3.201      0.001
    MPFC               0.003      0.001      2.925      0.003
    PHC                0.005      0.002      2.429      0.015
    RSC                0.004      0.002      2.302      0.021
    AAG                0.023      0.006      3.895      0.000
    PAG                0.014      0.005      2.965      0.003


STANDARDIZED MODEL RESULTS


STDYX Standardization

                                                    Two-Tailed
                    Estimate       S.E.  Est./S.E.    P-Value

Within Level

 PMN      BY
    PHIPP              0.432      0.028     15.377      0.000
    PREC               0.619      0.031     20.305      0.000
    PCC                0.654      0.022     29.715      0.000
    MPFC               0.533      0.029     18.432      0.000
    PHC                0.426      0.031     13.733      0.000
    RSC                0.484      0.036     13.377      0.000
    AAG                0.678      0.022     31.234      0.000
    PAG                0.502      0.039     12.947      0.000

 PAG      WITH
    MPFC              -0.248      0.027     -9.332      0.000

 Variances
    PMN                1.000      0.000    999.000    999.000

 Residual Variances
    PHIPP              0.813      0.024     33.429      0.000
    PREC               0.616      0.038     16.303      0.000
    PCC                0.573      0.029     19.908      0.000
    MPFC               0.716      0.031     23.198      0.000
    PHC                0.818      0.026     30.924      0.000
    RSC                0.766      0.035     21.895      0.000
    AAG                0.540      0.029     18.310      0.000
    PAG                0.748      0.039     19.199      0.000

Between Level

 PHIPP    WITH
    PREC               0.542      0.133      4.078      0.000
    PCC                0.386      0.232      1.663      0.096
    MPFC               0.040      0.274      0.147      0.883
    PHC               -0.002      0.171     -0.014      0.989
    RSC                0.388      0.143      2.704      0.007
    AAG                0.398      0.145      2.743      0.006
    PAG               -0.254      0.133     -1.913      0.056

 PREC     WITH
    PCC                0.271      0.159      1.704      0.088
    MPFC               0.138      0.208      0.666      0.506
    PHC                0.410      0.140      2.934      0.003
    RSC                0.504      0.115      4.374      0.000
    AAG               -0.092      0.253     -0.364      0.716
    PAG               -0.092      0.158     -0.583      0.560

 PCC      WITH
    MPFC               0.241      0.194      1.240      0.215
    PHC               -0.012      0.182     -0.068      0.946
    RSC                0.431      0.162      2.661      0.008
    AAG                0.109      0.234      0.467      0.640
    PAG               -0.198      0.107     -1.845      0.065

 MPFC     WITH
    PHC               -0.330      0.205     -1.605      0.109
    RSC                0.002      0.168      0.012      0.990
    AAG                0.151      0.264      0.571      0.568
    PAG               -0.209      0.179     -1.168      0.243

 PHC      WITH
    RSC                0.011      0.216      0.051      0.959
    AAG               -0.549      0.165     -3.315      0.001
    PAG                0.142      0.288      0.495      0.621

 RSC      WITH
    AAG                0.272      0.188      1.445      0.148
    PAG               -0.076      0.188     -0.404      0.687

 AAG      WITH
    PAG                0.142      0.237      0.599      0.549

 Means
    PHIPP              3.378      0.490      6.895      0.000
    PREC               1.502      0.230      6.525      0.000
    PCC                1.737      0.214      8.121      0.000
    MPFC               2.554      0.463      5.515      0.000
    PHC               -0.408      0.156     -2.616      0.009
    RSC                0.760      0.192      3.963      0.000
    AAG                1.251      0.212      5.913      0.000
    PAG               -0.069      0.187     -0.366      0.714

 Variances
    PHIPP              1.000      0.000    999.000    999.000
    PREC               1.000      0.000    999.000    999.000
    PCC                1.000      0.000    999.000    999.000
    MPFC               1.000      0.000    999.000    999.000
    PHC                1.000      0.000    999.000    999.000
    RSC                1.000      0.000    999.000    999.000
    AAG                1.000      0.000    999.000    999.000
    PAG                1.000      0.000    999.000    999.000


R-SQUARE

Within Level

    Observed                                        Two-Tailed
    Variable        Estimate       S.E.  Est./S.E.    P-Value

    PHIPP              0.187      0.024      7.688      0.000
    PREC               0.384      0.038     10.152      0.000
    PCC                0.427      0.029     14.858      0.000
    MPFC               0.284      0.031      9.216      0.000
    PHC                0.182      0.026      6.867      0.000
    RSC                0.234      0.035      6.688      0.000
    AAG                0.460      0.029     15.617      0.000
    PAG                0.252      0.039      6.473      0.000

Between Level


QUALITY OF NUMERICAL RESULTS

     Condition Number for the Information Matrix             -0.874E-16
       (ratio of smallest to largest eigenvalue)


MODEL MODIFICATION INDICES

NOTE:  Modification indices for direct effects of observed dependent variables
regressed on covariates may not be included.  To include these, request
MODINDICES (ALL).

Minimum M.I. value for printing the modification index    10.000

                                   M.I.     E.P.C.  Std E.P.C.  StdYX E.P.C.

Within Level

WITH Statements

MPFC     WITH PCC                 20.568     0.006      0.006        0.161
PHC      WITH PCC                 23.204    -0.004     -0.004       -0.154
RSC      WITH PCC                 14.233    -0.003     -0.003       -0.124
RSC      WITH PHC                 71.302     0.005      0.005        0.249
AAG      WITH PCC                 10.215     0.004      0.004        0.124
PAG      WITH PCC                 19.440    -0.006     -0.006       -0.154
PAG      WITH PHC                 51.172     0.008      0.008        0.216
PAG      WITH RSC                 29.367     0.006      0.006        0.167

Between Level


TECHNICAL 1 OUTPUT


     PARAMETER SPECIFICATION FOR WITHIN


           NU
              PHIPP         PREC          PCC           MPFC          PHC
              ________      ________      ________      ________      ________
                    0             0             0             0             0


           NU
              RSC           AAG           PAG
              ________      ________      ________
                    0             0             0


           LAMBDA
              PMN
              ________
 PHIPP              0
 PREC               1
 PCC                2
 MPFC               3
 PHC                4
 RSC                5
 AAG                6
 PAG                7


           THETA
              PHIPP         PREC          PCC           MPFC          PHC
              ________      ________      ________      ________      ________
 PHIPP              8
 PREC               0             9
 PCC                0             0            10
 MPFC               0             0             0            11
 PHC                0             0             0             0            12
 RSC                0             0             0             0             0
 AAG                0             0             0             0             0
 PAG                0             0             0            15             0


           THETA
              RSC           AAG           PAG
              ________      ________      ________
 RSC               13
 AAG                0            14
 PAG                0             0            16


           ALPHA
              PMN
              ________
                    0


           BETA
              PMN
              ________
 PMN                0


           PSI
              PMN
              ________
 PMN               17


     PARAMETER SPECIFICATION FOR BETWEEN


           NU
              PHIPP         PREC          PCC           MPFC          PHC
              ________      ________      ________      ________      ________
                   18            19            20            21            22


           NU
              RSC           AAG           PAG
              ________      ________      ________
                   23            24            25


           THETA
              PHIPP         PREC          PCC           MPFC          PHC
              ________      ________      ________      ________      ________
 PHIPP             26
 PREC              27            28
 PCC               29            30            31
 MPFC              32            33            34            35
 PHC               36            37            38            39            40
 RSC               41            42            43            44            45
 AAG               47            48            49            50            51
 PAG               54            55            56            57            58


           THETA
              RSC           AAG           PAG
              ________      ________      ________
 RSC               46
 AAG               52            53
 PAG               59            60            61


     STARTING VALUES FOR WITHIN


           NU
              PHIPP         PREC          PCC           MPFC          PHC
              ________      ________      ________      ________      ________
                0.000         0.000         0.000         0.000         0.000


           NU
              RSC           AAG           PAG
              ________      ________      ________
                0.000         0.000         0.000


           LAMBDA
              PMN
              ________
 PHIPP          1.000
 PREC           1.000
 PCC            1.000
 MPFC           1.000
 PHC            1.000
 RSC            1.000
 AAG            1.000
 PAG            1.000


           THETA
              PHIPP         PREC          PCC           MPFC          PHC
              ________      ________      ________      ________      ________
 PHIPP          0.012
 PREC           0.000         0.023
 PCC            0.000         0.000         0.024
 MPFC           0.000         0.000         0.000         0.039
 PHC            0.000         0.000         0.000         0.000         0.016
 RSC            0.000         0.000         0.000         0.000         0.000
 AAG            0.000         0.000         0.000         0.000         0.000
 PAG            0.000         0.000         0.000         0.000         0.000


           THETA
              RSC           AAG           PAG
              ________      ________      ________
 RSC            0.014
 AAG            0.000         0.062
 PAG            0.000         0.000         0.050


           ALPHA
              PMN
              ________
                0.000


           BETA
              PMN
              ________
 PMN            0.000


           PSI
              PMN
              ________
 PMN            0.050


     STARTING VALUES FOR BETWEEN


           NU
              PHIPP         PREC          PCC           MPFC          PHC
              ________      ________      ________      ________      ________
                0.077         0.116         0.144         0.135        -0.028


           NU
              RSC           AAG           PAG
              ________      ________      ________
                0.049         0.188        -0.007


           THETA
              PHIPP         PREC          PCC           MPFC          PHC
              ________      ________      ________      ________      ________
 PHIPP          0.012
 PREC           0.000         0.023
 PCC            0.000         0.000         0.024
 MPFC           0.000         0.000         0.000         0.039
 PHC            0.000         0.000         0.000         0.000         0.016
 RSC            0.000         0.000         0.000         0.000         0.000
 AAG            0.000         0.000         0.000         0.000         0.000
 PAG            0.000         0.000         0.000         0.000         0.000


           THETA
              RSC           AAG           PAG
              ________      ________      ________
 RSC            0.014
 AAG            0.000         0.062
 PAG            0.000         0.000         0.050


     Beginning Time:  12:43:13
        Ending Time:  12:43:13
       Elapsed Time:  00:00:00



MUTHEN & MUTHEN
3463 Stoner Ave.
Los Angeles, CA  90066

Tel: (310) 391-9971
Fax: (310) 391-8971
Web: www.StatModel.com
Support: Support@StatModel.com

Copyright (c) 1998-2018 Muthen & Muthen
