Mplus VERSION 8.2 (Linux)
MUTHEN & MUTHEN
11/04/2021   3:41 PM

INPUT INSTRUCTIONS

  TITLE: Within Measurement Model -- True Bifactor Model
  DATA: FILE is tidy_roi_data.dat;
  VARIABLE:
    NAMES are subject pHipp PREC PCC MPFC PHC RSC aAG pAG SceCorr ColCorr EmoCorr;
    USEVARIABLES are subject pHipp PREC PCC MPFC PHC RSC aAG pAG;
    CLUSTER = subject;
  ANALYSIS:
  TYPE = TWOLEVEL;
  ESTIMATOR = MLR;
  MODEL:
  %WITHIN%
  vPMN BY RSC PHC pAG;
  dPMN BY MPFC pHIPP PREC PCC aAG;
  PMN BY RSC PHC pAG MPFC pHIPP PREC pCC aAG;
  vPMN WITH dPMN@0;
  vPMN WITH PMN@0;
  dPMN WITH PMN@0;
  %BETWEEN%
  pHipp-pAG;
  pHipp WITH pHipp-pAG;
  PREC WITH pHipp-pAG;
  PCC WITH pHipp-pAG;
  MPFC WITH pHipp-pAG;
  PHC WITH pHipp-pAG;
  RSC WITH pHipp-pAG;
  aAG WITH pHipp-pAG;
  pAG WITH pHipp-pAG;
  Output:
  tech1 stdyx;



INPUT READING TERMINATED NORMALLY



Within Measurement Model -- True Bifactor Model

SUMMARY OF ANALYSIS

Number of groups                                                 1
Number of observations                                        3888

Number of dependent variables                                    8
Number of independent variables                                  0
Number of continuous latent variables                            3

Observed dependent variables

  Continuous
   PHIPP       PREC        PCC         MPFC        PHC         RSC
   AAG         PAG

Continuous latent variables
   VPMN        DPMN        PMN

Variables with special functions

  Cluster variable      SUBJECT

Estimator                                                      MLR
Information matrix                                        OBSERVED
Maximum number of iterations                                   100
Convergence criterion                                    0.100D-05
Maximum number of EM iterations                                500
Convergence criteria for the EM algorithm
  Loglikelihood change                                   0.100D-02
  Relative loglikelihood change                          0.100D-05
  Derivative                                             0.100D-03
Minimum variance                                         0.100D-03
Maximum number of steepest descent iterations                   20
Maximum number of iterations for H1                           2000
Convergence criterion for H1                             0.100D-03
Optimization algorithm                                         EMA

Input data file(s)
  tidy_roi_data.dat
Input data format  FREE


SUMMARY OF DATA

     Number of clusters                         28

     Average cluster size      138.857

     Estimated Intraclass Correlations for the Y Variables

                Intraclass              Intraclass              Intraclass
     Variable  Correlation   Variable  Correlation   Variable  Correlation

     PHIPP        0.037      PREC         0.085      PCC          0.193
     MPFC         0.087      PHC          0.124      RSC          0.156
     AAG          0.255      PAG          0.077




UNIVARIATE SAMPLE STATISTICS


     UNIVARIATE HIGHER-ORDER MOMENT DESCRIPTIVE STATISTICS

         Variable/         Mean/     Skewness/   Minimum/ % with                Percentiles
        Sample Size      Variance    Kurtosis    Maximum  Min/Max      20%/60%    40%/80%    Median

     PHIPP                 0.034      -0.052      -0.752    0.03%      -0.115     -0.013      0.034
            3888.000       0.034       0.550       0.999    0.03%       0.079      0.187
     PREC                  0.068       0.006      -1.073    0.03%      -0.135      0.007      0.064
            3888.000       0.063       0.618       1.134    0.03%       0.122      0.272
     PCC                   0.119       0.128      -1.587    0.03%      -0.129      0.043      0.118
            3888.000       0.097       0.813       1.478    0.03%       0.188      0.363
     MPFC                  0.000      -0.087      -1.699    0.03%      -0.271     -0.077      0.002
            3888.000       0.114       1.100       1.929    0.03%       0.089      0.271
     PHC                   0.046      -0.133      -1.171    0.03%      -0.115      0.003      0.050
            3888.000       0.041       0.688       0.877    0.03%       0.096      0.209
     RSC                   0.113      -0.027      -0.943    0.03%      -0.078      0.058      0.114
            3888.000       0.052       0.288       0.978    0.03%       0.170      0.299
     AAG                   0.082       0.180      -1.675    0.03%      -0.239     -0.018      0.077
            3888.000       0.162       0.890       1.986    0.03%       0.173      0.394
     PAG                   0.060      -0.170      -2.105    0.03%      -0.223     -0.016      0.067
            3888.000       0.129       1.102       1.732    0.03%       0.147      0.347

     THE STANDARD ERRORS OF THE MODEL PARAMETER ESTIMATES MAY NOT BE
     TRUSTWORTHY FOR SOME PARAMETERS DUE TO A NON-POSITIVE DEFINITE
     FIRST-ORDER DERIVATIVE PRODUCT MATRIX.  THIS MAY BE DUE TO THE STARTING
     VALUES BUT MAY ALSO BE AN INDICATION OF MODEL NONIDENTIFICATION.  THE
     CONDITION NUMBER IS      -0.729D-17.  PROBLEM INVOLVING THE FOLLOWING PARAMETER:
     Parameter 28, %BETWEEN%: [ MPFC ]

     THE NONIDENTIFICATION IS MOST LIKELY DUE TO HAVING MORE PARAMETERS THAN THE
     NUMBER OF CLUSTERS. REDUCE THE NUMBER OF PARAMETERS.


THE MODEL ESTIMATION TERMINATED NORMALLY

     WARNING:  THE RESIDUAL COVARIANCE MATRIX (THETA) IS NOT POSITIVE DEFINITE.
     THIS COULD INDICATE A NEGATIVE VARIANCE/RESIDUAL VARIANCE FOR AN OBSERVED
     VARIABLE, A CORRELATION GREATER OR EQUAL TO ONE BETWEEN TWO OBSERVED
     VARIABLES, OR A LINEAR DEPENDENCY AMONG MORE THAN TWO OBSERVED VARIABLES.
     CHECK THE RESULTS SECTION FOR MORE INFORMATION.



MODEL FIT INFORMATION

Number of Free Parameters                       68

Loglikelihood

          H0 Value                        2392.375
          H0 Scaling Correction Factor      2.8932
            for MLR
          H1 Value                        2439.857
          H1 Scaling Correction Factor      2.8470
            for MLR

Information Criteria

          Akaike (AIC)                   -4648.750
          Bayesian (BIC)                 -4222.685
          Sample-Size Adjusted BIC       -4438.758
            (n* = (n + 2) / 24)

Chi-Square Test of Model Fit

          Value                             36.736*
          Degrees of Freedom                    12
          P-Value                           0.0002
          Scaling Correction Factor         2.5850
            for MLR

*   The chi-square value for MLM, MLMV, MLR, ULSMV, WLSM and WLSMV cannot be used
    for chi-square difference testing in the regular way.  MLM, MLR and WLSM
    chi-square difference testing is described on the Mplus website.  MLMV, WLSMV,
    and ULSMV difference testing is done using the DIFFTEST option.

RMSEA (Root Mean Square Error Of Approximation)

          Estimate                           0.023

CFI/TLI

          CFI                                0.993
          TLI                                0.968

Chi-Square Test of Model Fit for the Baseline Model

          Value                           3678.142
          Degrees of Freedom                    56
          P-Value                           0.0000

SRMR (Standardized Root Mean Square Residual)

          Value for Within                   0.018
          Value for Between                  0.001



MODEL RESULTS

                                                    Two-Tailed
                    Estimate       S.E.  Est./S.E.    P-Value

Within Level

 VPMN     BY
    RSC                1.000      0.000    999.000    999.000
    PHC                1.257      0.302      4.163      0.000
    PAG                1.494      0.264      5.665      0.000

 DPMN     BY
    MPFC               1.000      0.000    999.000    999.000
    PHIPP              0.040      0.109      0.365      0.715
    PREC               0.013      0.036      0.372      0.710
    PCC                0.064      0.184      0.351      0.726
    AAG                0.063      0.177      0.357      0.721

 PMN      BY
    RSC                1.000      0.000    999.000    999.000
    PHC                0.831      0.056     14.876      0.000
    PAG                1.963      0.180     10.932      0.000
    MPFC               1.244      0.170      7.321      0.000
    PHIPP              0.882      0.072     12.250      0.000
    PREC               1.514      0.134     11.277      0.000
    PCC                1.933      0.184     10.522      0.000
    AAG                2.383      0.227     10.485      0.000

 VPMN     WITH
    DPMN               0.000      0.000    999.000    999.000
    PMN                0.000      0.000    999.000    999.000

 DPMN     WITH
    PMN                0.000      0.000    999.000    999.000

 Variances
    VPMN               0.006      0.002      3.057      0.002
    DPMN               0.265      0.699      0.380      0.704
    PMN                0.011      0.002      5.496      0.000

 Residual Variances
    PHIPP              0.023      0.001     20.521      0.000
    PREC               0.032      0.002     13.020      0.000
    PCC                0.035      0.003     13.320      0.000
    MPFC              -0.179      0.701     -0.255      0.799
    PHC                0.019      0.002     11.144      0.000
    RSC                0.027      0.002     12.114      0.000
    AAG                0.056      0.004     12.684      0.000
    PAG                0.063      0.006     11.379      0.000

Between Level

 PHIPP    WITH
    PREC               0.001      0.001      0.905      0.366
    PCC                0.002      0.002      1.151      0.250
    MPFC               0.001      0.001      1.418      0.156
    PHC                0.001      0.000      1.708      0.088
    RSC                0.001      0.001      1.399      0.162
    AAG                0.002      0.002      1.575      0.115
    PAG                0.001      0.001      1.261      0.207

 PREC     WITH
    PCC                0.003      0.002      1.391      0.164
    MPFC               0.001      0.002      0.757      0.449
    PHC                0.002      0.001      2.128      0.033
    RSC                0.003      0.001      3.373      0.001
    AAG                0.002      0.004      0.625      0.532
    PAG               -0.001      0.002     -0.383      0.702

 PCC      WITH
    MPFC               0.004      0.003      1.182      0.237
    PHC                0.003      0.002      1.518      0.129
    RSC                0.005      0.002      2.057      0.040
    AAG                0.007      0.006      1.227      0.220
    PAG                0.001      0.002      0.552      0.581

 MPFC     WITH
    PHC               -0.003      0.001     -2.000      0.046
    RSC               -0.002      0.002     -0.958      0.338
    AAG                0.010      0.005      2.001      0.045
    PAG               -0.004      0.002     -2.018      0.044

 PHC      WITH
    RSC                0.004      0.001      3.318      0.001
    AAG               -0.005      0.004     -1.138      0.255
    PAG                0.003      0.002      1.629      0.103

 RSC      WITH
    AAG                0.005      0.002      2.259      0.024
    PAG                0.001      0.002      0.487      0.626

 AAG      WITH
    PAG               -0.003      0.006     -0.582      0.561

 Means
    PHIPP              0.033      0.007      4.614      0.000
    PREC               0.066      0.014      4.634      0.000
    PCC                0.116      0.026      4.401      0.000
    MPFC              -0.001      0.020     -0.073      0.942
    PHC                0.045      0.014      3.240      0.001
    RSC                0.111      0.017      6.441      0.000
    AAG                0.083      0.039      2.136      0.033
    PAG                0.059      0.020      2.999      0.003

 Variances
    PHIPP              0.001      0.000      2.499      0.012
    PREC               0.005      0.001      3.816      0.000
    PCC                0.019      0.009      2.197      0.028
    MPFC               0.010      0.002      4.153      0.000
    PHC                0.005      0.001      3.897      0.000
    RSC                0.008      0.002      3.894      0.000
    AAG                0.041      0.015      2.727      0.006
    PAG                0.010      0.003      3.444      0.001


STANDARDIZED MODEL RESULTS


STDYX Standardization

                                                    Two-Tailed
                    Estimate       S.E.  Est./S.E.    P-Value

Within Level

 VPMN     BY
    RSC                0.360      0.059      6.091      0.000
    PHC                0.500      0.048     10.516      0.000
    PAG                0.325      0.045      7.276      0.000

 DPMN     BY
    MPFC               1.595      2.094      0.762      0.446
    PHIPP              0.113      0.162      0.700      0.484
    PREC               0.028      0.041      0.689      0.491
    PCC                0.119      0.183      0.648      0.517
    AAG                0.094      0.141      0.666      0.506

 PMN      BY
    RSC                0.509      0.036     14.131      0.000
    PHC                0.467      0.030     15.440      0.000
    PAG                0.604      0.032     18.803      0.000
    MPFC               0.409      0.060      6.787      0.000
    PHIPP              0.520      0.039     13.497      0.000
    PREC               0.670      0.032     21.196      0.000
    PCC                0.735      0.037     19.957      0.000
    AAG                0.727      0.027     26.620      0.000

 VPMN     WITH
    DPMN               0.000      0.000    999.000    999.000
    PMN                0.000      0.000    999.000    999.000

 DPMN     WITH
    PMN                0.000      0.000    999.000    999.000

 Variances
    VPMN               1.000      0.000    999.000    999.000
    DPMN               1.000      0.000    999.000    999.000
    PMN                1.000      0.000    999.000    999.000

 Residual Variances
    PHIPP              0.716      0.035     20.641      0.000
    PREC               0.550      0.042     12.981      0.000
    PCC                0.446      0.035     12.837      0.000
    MPFC              -1.713    999.000    999.000    999.000
    PHC                0.531      0.054      9.836      0.000
    RSC                0.611      0.042     14.441      0.000
    AAG                0.463      0.029     16.055      0.000
    PAG                0.529      0.034     15.659      0.000

Between Level

 PHIPP    WITH
    PREC               0.198      0.209      0.947      0.344
    PCC                0.489      0.260      1.881      0.060
    MPFC               0.258      0.146      1.767      0.077
    PHC                0.331      0.146      2.265      0.024
    RSC                0.287      0.161      1.780      0.075
    AAG                0.333      0.185      1.799      0.072
    PAG                0.244      0.158      1.542      0.123

 PREC     WITH
    PCC                0.278      0.181      1.532      0.126
    MPFC               0.168      0.207      0.812      0.417
    PHC                0.413      0.185      2.230      0.026
    RSC                0.523      0.103      5.101      0.000
    AAG                0.148      0.233      0.636      0.525
    PAG               -0.083      0.214     -0.388      0.698

 PCC      WITH
    MPFC               0.273      0.188      1.451      0.147
    PHC                0.266      0.124      2.144      0.032
    RSC                0.406      0.124      3.279      0.001
    AAG                0.257      0.185      1.389      0.165
    PAG                0.083      0.149      0.559      0.576

 MPFC     WITH
    PHC               -0.356      0.156     -2.283      0.022
    RSC               -0.183      0.186     -0.987      0.324
    AAG                0.512      0.158      3.241      0.001
    PAG               -0.377      0.154     -2.453      0.014

 PHC      WITH
    RSC                0.576      0.141      4.091      0.000
    AAG               -0.311      0.212     -1.469      0.142
    PAG                0.417      0.187      2.234      0.025

 RSC      WITH
    AAG                0.293      0.111      2.628      0.009
    PAG                0.095      0.193      0.491      0.624

 AAG      WITH
    PAG               -0.167      0.269     -0.619      0.536

 Means
    PHIPP              0.950      0.244      3.898      0.000
    PREC               0.909      0.214      4.251      0.000
    PCC                0.845      0.237      3.563      0.000
    MPFC              -0.014      0.195     -0.073      0.942
    PHC                0.628      0.233      2.702      0.007
    RSC                1.242      0.234      5.315      0.000
    AAG                0.408      0.173      2.358      0.018
    PAG                0.592      0.251      2.356      0.018

 Variances
    PHIPP              1.000      0.000    999.000    999.000
    PREC               1.000      0.000    999.000    999.000
    PCC                1.000      0.000    999.000    999.000
    MPFC               1.000      0.000    999.000    999.000
    PHC                1.000      0.000    999.000    999.000
    RSC                1.000      0.000    999.000    999.000
    AAG                1.000      0.000    999.000    999.000
    PAG                1.000      0.000    999.000    999.000


R-SQUARE

Within Level

    Observed                                        Two-Tailed
    Variable        Estimate       S.E.  Est./S.E.    P-Value

    PHIPP              0.284      0.035      8.173      0.000
    PREC               0.450      0.042     10.606      0.000
    PCC                0.554      0.035     15.950      0.000
    MPFC            Undefined   0.27127E+01
    PHC                0.469      0.054      8.675      0.000
    RSC                0.389      0.042      9.178      0.000
    AAG                0.537      0.029     18.640      0.000
    PAG                0.471      0.034     13.925      0.000

Between Level


QUALITY OF NUMERICAL RESULTS

     Condition Number for the Information Matrix             -0.729E-17
       (ratio of smallest to largest eigenvalue)


TECHNICAL 1 OUTPUT


     PARAMETER SPECIFICATION FOR WITHIN


           NU
              PHIPP         PREC          PCC           MPFC          PHC
              ________      ________      ________      ________      ________
                    0             0             0             0             0


           NU
              RSC           AAG           PAG
              ________      ________      ________
                    0             0             0


           LAMBDA
              VPMN          DPMN          PMN
              ________      ________      ________
 PHIPP              0             1             2
 PREC               0             3             4
 PCC                0             5             6
 MPFC               0             0             7
 PHC                8             0             9
 RSC                0             0             0
 AAG                0            10            11
 PAG               12             0            13


           THETA
              PHIPP         PREC          PCC           MPFC          PHC
              ________      ________      ________      ________      ________
 PHIPP             14
 PREC               0            15
 PCC                0             0            16
 MPFC               0             0             0            17
 PHC                0             0             0             0            18
 RSC                0             0             0             0             0
 AAG                0             0             0             0             0
 PAG                0             0             0             0             0


           THETA
              RSC           AAG           PAG
              ________      ________      ________
 RSC               19
 AAG                0            20
 PAG                0             0            21


           ALPHA
              VPMN          DPMN          PMN
              ________      ________      ________
                    0             0             0


           BETA
              VPMN          DPMN          PMN
              ________      ________      ________
 VPMN               0             0             0
 DPMN               0             0             0
 PMN                0             0             0


           PSI
              VPMN          DPMN          PMN
              ________      ________      ________
 VPMN              22
 DPMN               0            23
 PMN                0             0            24


     PARAMETER SPECIFICATION FOR BETWEEN


           NU
              PHIPP         PREC          PCC           MPFC          PHC
              ________      ________      ________      ________      ________
                   25            26            27            28            29


           NU
              RSC           AAG           PAG
              ________      ________      ________
                   30            31            32


           THETA
              PHIPP         PREC          PCC           MPFC          PHC
              ________      ________      ________      ________      ________
 PHIPP             33
 PREC              34            35
 PCC               36            37            38
 MPFC              39            40            41            42
 PHC               43            44            45            46            47
 RSC               48            49            50            51            52
 AAG               54            55            56            57            58
 PAG               61            62            63            64            65


           THETA
              RSC           AAG           PAG
              ________      ________      ________
 RSC               53
 AAG               59            60
 PAG               66            67            68


     STARTING VALUES FOR WITHIN


           NU
              PHIPP         PREC          PCC           MPFC          PHC
              ________      ________      ________      ________      ________
                0.000         0.000         0.000         0.000         0.000


           NU
              RSC           AAG           PAG
              ________      ________      ________
                0.000         0.000         0.000


           LAMBDA
              VPMN          DPMN          PMN
              ________      ________      ________
 PHIPP          0.000         1.000         1.000
 PREC           0.000         1.000         1.000
 PCC            0.000         1.000         1.000
 MPFC           0.000         1.000         1.000
 PHC            1.000         0.000         1.000
 RSC            1.000         0.000         1.000
 AAG            0.000         1.000         1.000
 PAG            1.000         0.000         1.000


           THETA
              PHIPP         PREC          PCC           MPFC          PHC
              ________      ________      ________      ________      ________
 PHIPP          0.017
 PREC           0.000         0.031
 PCC            0.000         0.000         0.048
 MPFC           0.000         0.000         0.000         0.057
 PHC            0.000         0.000         0.000         0.000         0.020
 RSC            0.000         0.000         0.000         0.000         0.000
 AAG            0.000         0.000         0.000         0.000         0.000
 PAG            0.000         0.000         0.000         0.000         0.000


           THETA
              RSC           AAG           PAG
              ________      ________      ________
 RSC            0.026
 AAG            0.000         0.081
 PAG            0.000         0.000         0.064


           ALPHA
              VPMN          DPMN          PMN
              ________      ________      ________
                0.000         0.000         0.000


           BETA
              VPMN          DPMN          PMN
              ________      ________      ________
 VPMN           0.000         0.000         0.000
 DPMN           0.000         0.000         0.000
 PMN            0.000         0.000         0.000


           PSI
              VPMN          DPMN          PMN
              ________      ________      ________
 VPMN           0.050
 DPMN           0.000         0.050
 PMN            0.000         0.000         0.050


     STARTING VALUES FOR BETWEEN


           NU
              PHIPP         PREC          PCC           MPFC          PHC
              ________      ________      ________      ________      ________
                0.034         0.068         0.119         0.000         0.046


           NU
              RSC           AAG           PAG
              ________      ________      ________
                0.113         0.082         0.060


           THETA
              PHIPP         PREC          PCC           MPFC          PHC
              ________      ________      ________      ________      ________
 PHIPP          0.017
 PREC           0.000         0.031
 PCC            0.000         0.000         0.048
 MPFC           0.000         0.000         0.000         0.057
 PHC            0.000         0.000         0.000         0.000         0.020
 RSC            0.000         0.000         0.000         0.000         0.000
 AAG            0.000         0.000         0.000         0.000         0.000
 PAG            0.000         0.000         0.000         0.000         0.000


           THETA
              RSC           AAG           PAG
              ________      ________      ________
 RSC            0.026
 AAG            0.000         0.081
 PAG            0.000         0.000         0.064


     Beginning Time:  15:41:29
        Ending Time:  15:41:29
       Elapsed Time:  00:00:00



MUTHEN & MUTHEN
3463 Stoner Ave.
Los Angeles, CA  90066

Tel: (310) 391-9971
Fax: (310) 391-8971
Web: www.StatModel.com
Support: Support@StatModel.com

Copyright (c) 1998-2018 Muthen & Muthen
