Mplus VERSION 8.2 (Linux)
MUTHEN & MUTHEN
01/04/2022   4:59 PM

INPUT INSTRUCTIONS

  TITLE: Within Measurement Model -- One Latent Factor
  DATA: FILE is tidy_roi_data.dat;
  VARIABLE:
    NAMES are subject pHipp PREC PCC MPFC PHC RSC aAG pAG SceCorr ColCorr EmoCorr;
    USEVARIABLES are subject pHipp PREC PCC PHC RSC aAG pAG SceCorr ColCorr EmoCorr;
    CATEGORICAL = SceCorr ColCorr EmoCorr;
    CLUSTER = subject;
  ANALYSIS:
  TYPE = TWOLEVEL;
  ESTIMATOR = WLSMV;
  MODEL:
  %WITHIN%
  PMN BY pHipp-pAG;
  MemQw BY SceCorr (1)
  ColCorr (2)
  EmoCorr (3);
  MemQw ON PMN;
  %BETWEEN%
  MemQb BY SceCorr (1)
  ColCorr (2)
  EmoCorr (3);
  pHipp-pAG;
  MemQb WITH pHIPP-pAG;
  pHIPP WITH PREC-pAG;
  PREC WITH PCC-pAG;
  PCC WITH PHC-pAG;
  PHC WITH RSC-pAG;
  RSC WITH aAG pAG;
  aAG WITH pAG;
  Output:
  stdyx sampstat;



INPUT READING TERMINATED NORMALLY



Within Measurement Model -- One Latent Factor

SUMMARY OF ANALYSIS

Number of groups                                                 1
Number of observations                                        3888

Number of dependent variables                                   10
Number of independent variables                                  0
Number of continuous latent variables                            3

Observed dependent variables

  Continuous
   PHIPP       PREC        PCC         PHC         RSC         AAG
   PAG

  Binary and ordered categorical (ordinal)
   SCECORR     COLCORR     EMOCORR

Continuous latent variables
   PMN         MEMQW       MEMQB

Variables with special functions

  Cluster variable      SUBJECT

Estimator                                                    WLSMV
Optimization Specifications for the Quasi-Newton Algorithm for
Continuous Outcomes
  Maximum number of iterations                                1000
  Convergence criterion                                  0.100D-05
Optimization Specifications for the EM Algorithm
  Maximum number of iterations                                 500
  Convergence criteria
    Loglikelihood change                                 0.100D-02
    Relative loglikelihood change                        0.100D-05
    Derivative                                           0.100D-02
Optimization Specifications for the M step of the EM Algorithm for
Categorical Latent variables
  Number of M step iterations                                    1
  M step convergence criterion                           0.100D-02
  Basis for M step termination                           ITERATION
Optimization Specifications for the M step of the EM Algorithm for
Censored, Binary or Ordered Categorical (Ordinal), Unordered
Categorical (Nominal) and Count Outcomes
  Number of M step iterations                                    1
  M step convergence criterion                           0.100D-02
  Basis for M step termination                           ITERATION
  Maximum value for logit thresholds                            10
  Minimum value for logit thresholds                           -10
  Minimum expected cell size for chi-square              0.100D-01
Optimization algorithm                                      EMA/FS
Integration Specifications
  Type                                                    STANDARD
  Number of integration points                                   7
  Dimensions of numerical integration                            0
  Adaptive quadrature                                           ON
Link                                                        PROBIT
Cholesky                                                        ON

Input data file(s)
  tidy_roi_data.dat
Input data format  FREE


SUMMARY OF DATA

     Number of clusters                         28

     Average cluster size      138.857

     Estimated Intraclass Correlations for the Y Variables

                Intraclass              Intraclass              Intraclass
     Variable  Correlation   Variable  Correlation   Variable  Correlation

     SCECORR      0.205      COLCORR      0.135      EMOCORR      0.118
     PHIPP        0.022      PREC         0.123      PCC          0.142
     PHC          0.155      RSC          0.138      AAG          0.184
     PAG          0.138



UNIVARIATE PROPORTIONS AND COUNTS FOR CATEGORICAL VARIABLES

    SCECORR
      Category 1    0.325         1262.000
      Category 2    0.675         2626.000
    COLCORR
      Category 1    0.276         1075.000
      Category 2    0.724         2813.000
    EMOCORR
      Category 1    0.242          942.000
      Category 2    0.758         2946.000


SAMPLE STATISTICS


     ESTIMATED SAMPLE STATISTICS


           MEANS/INTERCEPTS/THRESHOLDS
              SCECORR$      COLCORR$      EMOCORR$      PHIPP         PREC
              ________      ________      ________      ________      ________
               -0.503        -0.633        -0.738         0.077         0.113


           MEANS/INTERCEPTS/THRESHOLDS
              PCC           PHC           RSC           AAG           PAG
              ________      ________      ________      ________      ________
                0.143        -0.029         0.048         0.189        -0.008


           WITHIN LEVEL VARIANCE/COVARIANCE
              SCECORR       COLCORR       EMOCORR       PHIPP         PREC
              ________      ________      ________      ________      ________
 SCECORR        1.000
 COLCORR        0.332         1.000
 EMOCORR        0.308         0.235         1.000
 PHIPP          0.006         0.004         0.011         0.024
 PREC           0.010         0.012         0.015         0.009         0.041
 PCC            0.013         0.007         0.019         0.009         0.018
 PHC            0.022         0.004         0.007         0.005         0.008
 RSC            0.022         0.000         0.008         0.004         0.009
 AAG            0.013         0.010         0.021         0.014         0.028
 PAG            0.027         0.006         0.014         0.007         0.018


           WITHIN LEVEL VARIANCE/COVARIANCE
              PCC           PHC           RSC           AAG           PAG
              ________      ________      ________      ________      ________
 PCC            0.041
 PHC            0.007         0.028
 RSC            0.008         0.010         0.025
 AAG            0.031         0.013         0.015         0.102
 PAG            0.015         0.018         0.016         0.030         0.086


           WITHIN LEVEL CORRELATION
              SCECORR       COLCORR       EMOCORR       PHIPP         PREC
              ________      ________      ________      ________      ________
 SCECORR        1.000
 COLCORR        0.332         1.000
 EMOCORR        0.308         0.235         1.000
 PHIPP          0.040         0.026         0.075         1.000
 PREC           0.050         0.058         0.076         0.277         1.000
 PCC            0.062         0.037         0.093         0.285         0.432
 PHC            0.134         0.025         0.043         0.201         0.241
 RSC            0.143         0.002         0.052         0.185         0.299
 AAG            0.040         0.032         0.066         0.281         0.435
 PAG            0.091         0.020         0.047         0.162         0.301


           WITHIN LEVEL CORRELATION
              PCC           PHC           RSC           AAG           PAG
              ________      ________      ________      ________      ________
 PCC            1.000
 PHC            0.202         1.000
 RSC            0.259         0.375         1.000
 AAG            0.478         0.246         0.301         1.000
 PAG            0.251         0.367         0.356         0.322         1.000


           BETWEEN LEVEL VARIANCE/COVARIANCE
              SCECORR       COLCORR       EMOCORR       PHIPP         PREC
              ________      ________      ________      ________      ________
 SCECORR        0.257
 COLCORR        0.158         0.155
 EMOCORR        0.155         0.102         0.134
 PHIPP          0.005         0.003         0.003         0.001
 PREC           0.020         0.012         0.016         0.001         0.006
 PCC            0.005         0.013         0.006         0.001         0.002
 PHC            0.012         0.008         0.012         0.000         0.002
 RSC            0.024         0.017         0.015         0.001         0.002
 AAG            0.011         0.013        -0.001         0.001        -0.001
 PAG            0.013         0.006         0.000        -0.001        -0.001


           BETWEEN LEVEL VARIANCE/COVARIANCE
              PCC           PHC           RSC           AAG           PAG
              ________      ________      ________      ________      ________
 PCC            0.007
 PHC            0.000         0.005
 RSC            0.002         0.000         0.004
 AAG            0.001        -0.006         0.003         0.023
 PAG           -0.002         0.001        -0.001         0.003         0.014


           BETWEEN LEVEL CORRELATION
              SCECORR       COLCORR       EMOCORR       PHIPP         PREC
              ________      ________      ________      ________      ________
 SCECORR        1.000
 COLCORR        0.788         1.000
 EMOCORR        0.833         0.708         1.000
 PHIPP          0.443         0.375         0.398         1.000
 PREC           0.525         0.409         0.583         0.542         1.000
 PCC            0.123         0.387         0.209         0.385         0.271
 PHC            0.319         0.287         0.464         0.005         0.412
 RSC            0.764         0.670         0.657         0.392         0.505
 AAG            0.149         0.211        -0.020         0.394        -0.092
 PAG            0.214         0.127        -0.004        -0.247        -0.092


           BETWEEN LEVEL CORRELATION
              PCC           PHC           RSC           AAG           PAG
              ________      ________      ________      ________      ________
 PCC            1.000
 PHC           -0.009         1.000
 RSC            0.433         0.005         1.000
 AAG            0.107        -0.548         0.272         1.000
 PAG           -0.194         0.135        -0.081         0.143         1.000


UNIVARIATE SAMPLE STATISTICS


     UNIVARIATE HIGHER-ORDER MOMENT DESCRIPTIVE STATISTICS

         Variable/         Mean/     Skewness/   Minimum/ % with                Percentiles
        Sample Size      Variance    Kurtosis    Maximum  Min/Max      20%/60%    40%/80%    Median

     PHIPP                 0.077       0.050      -0.614    0.03%      -0.048      0.041      0.078
            3888.000       0.024       1.110       1.182    0.03%       0.116      0.205
     PREC                  0.116       0.106      -0.923    0.03%      -0.061      0.060      0.111
            3888.000       0.046       0.461       0.971    0.03%       0.160      0.286
     PCC                   0.144       0.266      -0.614    0.03%      -0.037      0.080      0.134
            3888.000       0.048       0.298       1.044    0.03%       0.186      0.321
     PHC                  -0.028      -0.225      -0.763    0.03%      -0.172     -0.065     -0.022
            3888.000       0.033       0.661       1.048    0.03%       0.023      0.121
     RSC                   0.049       0.067      -0.567    0.03%      -0.088      0.008      0.047
            3888.000       0.029       0.510       0.808    0.03%       0.088      0.186
     AAG                   0.188       0.072      -1.346    0.03%      -0.090      0.100      0.182
            3888.000       0.124       0.548       1.648    0.03%       0.264      0.465
     PAG                  -0.007      -0.151      -1.292    0.03%      -0.263     -0.075     -0.002
            3888.000       0.099       0.328       1.232    0.03%       0.075      0.256


THE MODEL ESTIMATION TERMINATED NORMALLY



MODEL FIT INFORMATION

Number of Free Parameters                       67

Chi-Square Test of Model Fit

          Value                            803.011*
          Degrees of Freedom                    50
          P-Value                           0.0000

*   The chi-square value for MLM, MLMV, MLR, ULSMV, WLSM and WLSMV cannot be used
    for chi-square difference testing in the regular way.  MLM, MLR and WLSM
    chi-square difference testing is described on the Mplus website.  MLMV, WLSMV,
    and ULSMV difference testing is done using the DIFFTEST option.

RMSEA (Root Mean Square Error Of Approximation)

          Estimate                           0.062

CFI/TLI

          CFI                                0.948
          TLI                                0.906

Chi-Square Test of Model Fit for the Baseline Model

          Value                          14458.210
          Degrees of Freedom                    90
          P-Value                           0.0000

SRMR (Standardized Root Mean Square Residual)

          Value for Within                   0.044
          Value for Between                  0.045



MODEL RESULTS

                                                    Two-Tailed
                    Estimate       S.E.  Est./S.E.    P-Value

Within Level

 PMN      BY
    PHIPP              1.000      0.000    999.000    999.000
    PREC               2.047      0.037     55.748      0.000
    PCC                1.938      0.035     54.620      0.000
    PHC                1.286      0.024     53.494      0.000
    RSC                1.322      0.022     59.130      0.000
    AAG                3.350      0.070     47.675      0.000
    PAG                2.400      0.046     52.613      0.000

 MEMQW    BY
    SCECORR            1.000      0.000    999.000    999.000
    COLCORR            0.510      0.132      3.876      0.000
    EMOCORR            0.515      0.108      4.791      0.000

 MEMQW      ON
    PMN                3.408      0.628      5.423      0.000

 Variances
    PMN                0.004      0.000     25.144      0.000

 Residual Variances
    PHIPP              0.020      0.000     87.625      0.000
    PREC               0.024      0.000     60.393      0.000
    PCC                0.026      0.000    102.985      0.000
    PHC                0.021      0.000     85.719      0.000
    RSC                0.018      0.000    106.061      0.000
    AAG                0.058      0.001     85.753      0.000
    PAG                0.063      0.000    137.559      0.000
    MEMQW              0.979      0.325      3.012      0.003

Between Level

 MEMQB    BY
    SCECORR            1.000      0.000    999.000    999.000
    COLCORR            0.510      0.132      3.876      0.000
    EMOCORR            0.515      0.108      4.791      0.000

 MEMQB    WITH
    PHIPP              0.007      0.004      1.705      0.088
    PREC               0.030      0.014      2.209      0.027
    PCC                0.017      0.012      1.482      0.138
    PHC                0.019      0.009      2.082      0.037
    RSC                0.035      0.010      3.488      0.000
    AAG                0.011      0.018      0.617      0.537
    PAG                0.009      0.012      0.752      0.452

 PHIPP    WITH
    PREC               0.001      0.000      2.174      0.030
    PCC                0.001      0.000      1.617      0.106
    PHC                0.000      0.000      0.021      0.983
    RSC                0.001      0.000      1.216      0.224
    AAG                0.001      0.001      1.596      0.111
    PAG               -0.001      0.001     -0.818      0.413

 PREC     WITH
    PCC                0.002      0.001      1.208      0.227
    PHC                0.002      0.001      1.745      0.081
    RSC                0.002      0.001      2.525      0.012
    AAG               -0.001      0.001     -0.727      0.467
    PAG               -0.001      0.002     -0.401      0.688

 PCC      WITH
    PHC                0.000      0.001     -0.051      0.959
    RSC                0.002      0.001      2.198      0.028
    AAG                0.001      0.002      0.763      0.445
    PAG               -0.002      0.002     -0.789      0.430

 PHC      WITH
    RSC                0.000      0.001      0.029      0.977
    AAG               -0.006      0.003     -2.255      0.024
    PAG                0.001      0.001      1.231      0.218

 RSC      WITH
    AAG                0.003      0.002      1.457      0.145
    PAG               -0.001      0.001     -0.483      0.629

 AAG      WITH
    PAG                0.003      0.002      1.043      0.297

 Means
    PHIPP              0.077      0.005     14.881      0.000
    PREC               0.113      0.016      7.080      0.000
    PCC                0.143      0.023      6.252      0.000
    PHC               -0.029      0.019     -1.544      0.123
    RSC                0.048      0.014      3.522      0.000
    AAG                0.189      0.030      6.246      0.000
    PAG               -0.008      0.029     -0.288      0.773

 Thresholds
    SCECORR$1         -0.716      0.145     -4.945      0.000
    COLCORR$1         -0.712      0.093     -7.639      0.000
    EMOCORR$1         -0.833      0.096     -8.669      0.000

 Variances
    PHIPP              0.001      0.000      2.174      0.030
    PREC               0.006      0.002      3.212      0.001
    PCC                0.007      0.002      3.127      0.002
    PHC                0.005      0.001      4.177      0.000
    RSC                0.004      0.001      4.956      0.000
    AAG                0.023      0.008      2.836      0.005
    PAG                0.014      0.004      3.566      0.000
    MEMQB              0.490      0.279      1.758      0.079

 Residual Variances
    SCECORR            0.032      0.135      0.233      0.815
    COLCORR            0.070      0.070      0.995      0.320
    EMOCORR            0.041      0.059      0.694      0.488


STANDARDIZED MODEL RESULTS


STDYX Standardization

                                                    Two-Tailed
                    Estimate       S.E.  Est./S.E.    P-Value

Within Level

 PMN      BY
    PHIPP              0.406      0.007     54.270      0.000
    PREC               0.635      0.007     88.644      0.000
    PCC                0.599      0.005    111.927      0.000
    PHC                0.482      0.007     69.554      0.000
    RSC                0.525      0.006     94.867      0.000
    AAG                0.657      0.005    132.976      0.000
    PAG                0.512      0.005     98.216      0.000

 MEMQW    BY
    SCECORR            0.711      0.058     12.210      0.000
    COLCORR            0.459      0.042     10.838      0.000
    EMOCORR            0.462      0.032     14.629      0.000

 MEMQW      ON
    PMN                0.211      0.021      9.795      0.000

 Variances
    PMN                1.000      0.000    999.000    999.000

 Residual Variances
    PHIPP              0.835      0.006    137.728      0.000
    PREC               0.597      0.009     65.663      0.000
    PCC                0.641      0.006    100.063      0.000
    PHC                0.768      0.007    114.949      0.000
    RSC                0.724      0.006    124.506      0.000
    AAG                0.568      0.006     87.493      0.000
    PAG                0.738      0.005    138.299      0.000
    MEMQW              0.956      0.009    105.625      0.000

Between Level

 MEMQB    BY
    SCECORR            0.969      0.126      7.702      0.000
    COLCORR            0.804      0.162      4.974      0.000
    EMOCORR            0.872      0.170      5.139      0.000

 MEMQB    WITH
    PHIPP              0.460      0.193      2.384      0.017
    PREC               0.570      0.132      4.310      0.000
    PCC                0.296      0.166      1.782      0.075
    PHC                0.375      0.162      2.315      0.021
    RSC                0.783      0.170      4.616      0.000
    AAG                0.105      0.162      0.649      0.517
    PAG                0.110      0.137      0.803      0.422

 PHIPP    WITH
    PREC               0.542      0.170      3.196      0.001
    PCC                0.385      0.165      2.335      0.020
    PHC                0.005      0.229      0.021      0.983
    RSC                0.392      0.293      1.339      0.181
    AAG                0.394      0.195      2.024      0.043
    PAG               -0.247      0.295     -0.836      0.403

 PREC     WITH
    PCC                0.271      0.203      1.335      0.182
    PHC                0.412      0.194      2.124      0.034
    RSC                0.505      0.130      3.876      0.000
    AAG               -0.092      0.127     -0.726      0.468
    PAG               -0.092      0.226     -0.405      0.685

 PCC      WITH
    PHC               -0.009      0.170     -0.051      0.959
    RSC                0.433      0.149      2.909      0.004
    AAG                0.107      0.132      0.810      0.418
    PAG               -0.194      0.241     -0.805      0.421

 PHC      WITH
    RSC                0.005      0.166      0.029      0.977
    AAG               -0.548      0.143     -3.826      0.000
    PAG                0.135      0.096      1.414      0.157

 RSC      WITH
    AAG                0.272      0.164      1.659      0.097
    PAG               -0.081      0.167     -0.484      0.629

 AAG      WITH
    PAG                0.143      0.125      1.143      0.253

 Means
    PHIPP              3.358      0.781      4.300      0.000
    PREC               1.501      0.263      5.717      0.000
    PCC                1.735      0.277      6.252      0.000
    PHC               -0.409      0.243     -1.685      0.092
    RSC                0.758      0.196      3.873      0.000
    AAG                1.251      0.259      4.832      0.000
    PAG               -0.070      0.238     -0.295      0.768

 Thresholds
    SCECORR$1         -0.503      0.107     -4.708      0.000
    COLCORR$1         -0.633      0.077     -8.167      0.000
    EMOCORR$1         -0.738      0.091     -8.143      0.000

 Variances
    PHIPP              1.000      0.000    999.000    999.000
    PREC               1.000      0.000    999.000    999.000
    PCC                1.000      0.000    999.000    999.000
    PHC                1.000      0.000    999.000    999.000
    RSC                1.000      0.000    999.000    999.000
    AAG                1.000      0.000    999.000    999.000
    PAG                1.000      0.000    999.000    999.000
    MEMQB              1.000      0.000    999.000    999.000

 Residual Variances
    SCECORR            0.060      0.244      0.248      0.804
    COLCORR            0.353      0.260      1.358      0.175
    EMOCORR            0.239      0.296      0.808      0.419


R-SQUARE

Within Level

    Observed                                        Two-Tailed     Scale
    Variable        Estimate       S.E.  Est./S.E.    P-Value     Factors

    SCECORR            0.506      0.083      6.105      0.000      0.703
    COLCORR            0.210      0.039      5.419      0.000      0.889
    EMOCORR            0.214      0.029      7.314      0.000      0.887
    PHIPP              0.165      0.006     27.135      0.000      0.000
    PREC               0.403      0.009     44.322      0.000      0.000
    PCC                0.359      0.006     55.964      0.000      0.000
    PHC                0.232      0.007     34.777      0.000      0.000
    RSC                0.276      0.006     47.433      0.000      0.000
    AAG                0.432      0.006     66.488      0.000      0.000
    PAG                0.262      0.005     49.108      0.000      0.000

     Latent                                         Two-Tailed
    Variable        Estimate       S.E.  Est./S.E.    P-Value

    MEMQW              0.044      0.009      4.897      0.000

Between Level

    Observed                                        Two-Tailed
    Variable        Estimate       S.E.  Est./S.E.    P-Value

    SCECORR            0.940      0.244      3.851      0.000
    COLCORR            0.647      0.260      2.487      0.013
    EMOCORR            0.761      0.296      2.570      0.010


QUALITY OF NUMERICAL RESULTS

     Condition Number for the Information Matrix              0.253E-08
       (ratio of smallest to largest eigenvalue)


     Beginning Time:  16:59:06
        Ending Time:  16:59:29
       Elapsed Time:  00:00:23



MUTHEN & MUTHEN
3463 Stoner Ave.
Los Angeles, CA  90066

Tel: (310) 391-9971
Fax: (310) 391-8971
Web: www.StatModel.com
Support: Support@StatModel.com

Copyright (c) 1998-2018 Muthen & Muthen
