Mplus VERSION 8.2 (Linux)
MUTHEN & MUTHEN
11/04/2021   3:36 PM

INPUT INSTRUCTIONS

  TITLE: Model 7: aAG
  DATA: FILE is tidy_roi_data.dat;
  VARIABLE:
    NAMES are subject pHipp PREC PCC MPFC PHC RSC aAG pAG SceCorr ColCorr EmoCorr;
    USEVARIABLES are subject pHipp PREC PCC PHC RSC aAG pAG SceCorr ColCorr EmoCorr;
    CATEGORICAL = SceCorr ColCorr EmoCorr;
    CLUSTER = subject;
  ANALYSIS:
  TYPE = TWOLEVEL;
  ESTIMATOR = WLSMV;
  MODEL:
  %WITHIN%
  PMN BY pHipp-pAG;
  MemQw BY SceCorr (1)
  ColCorr (2)
  EmoCorr (3);
  MemQw ON PMN aAG;
  %BETWEEN%
  MemQb BY SceCorr (1)
  ColCorr (2)
  EmoCorr (3);
  pHipp-pAG;
  MemQb WITH pHIPP-pAG;
  pHIPP WITH PREC-pAG;
  PREC WITH PCC-pAG;
  PCC WITH PHC-pAG;
  PHC WITH RSC-pAG;
  RSC WITH aAG pAG;
  aAG WITH pAG;
  Output:
  stdyx;



INPUT READING TERMINATED NORMALLY



Model 7: aAG

SUMMARY OF ANALYSIS

Number of groups                                                 1
Number of observations                                        3888

Number of dependent variables                                   10
Number of independent variables                                  0
Number of continuous latent variables                            3

Observed dependent variables

  Continuous
   PHIPP       PREC        PCC         PHC         RSC         AAG
   PAG

  Binary and ordered categorical (ordinal)
   SCECORR     COLCORR     EMOCORR

Continuous latent variables
   PMN         MEMQW       MEMQB

Variables with special functions

  Cluster variable      SUBJECT

Estimator                                                    WLSMV
Optimization Specifications for the Quasi-Newton Algorithm for
Continuous Outcomes
  Maximum number of iterations                                1000
  Convergence criterion                                  0.100D-05
Optimization Specifications for the EM Algorithm
  Maximum number of iterations                                 500
  Convergence criteria
    Loglikelihood change                                 0.100D-02
    Relative loglikelihood change                        0.100D-05
    Derivative                                           0.100D-02
Optimization Specifications for the M step of the EM Algorithm for
Categorical Latent variables
  Number of M step iterations                                    1
  M step convergence criterion                           0.100D-02
  Basis for M step termination                           ITERATION
Optimization Specifications for the M step of the EM Algorithm for
Censored, Binary or Ordered Categorical (Ordinal), Unordered
Categorical (Nominal) and Count Outcomes
  Number of M step iterations                                    1
  M step convergence criterion                           0.100D-02
  Basis for M step termination                           ITERATION
  Maximum value for logit thresholds                            10
  Minimum value for logit thresholds                           -10
  Minimum expected cell size for chi-square              0.100D-01
Optimization algorithm                                      EMA/FS
Integration Specifications
  Type                                                    STANDARD
  Number of integration points                                   7
  Dimensions of numerical integration                            0
  Adaptive quadrature                                           ON
Link                                                        PROBIT
Cholesky                                                        ON

Input data file(s)
  tidy_roi_data.dat
Input data format  FREE


SUMMARY OF DATA

     Number of clusters                         28

     Average cluster size      138.857

     Estimated Intraclass Correlations for the Y Variables

                Intraclass              Intraclass              Intraclass
     Variable  Correlation   Variable  Correlation   Variable  Correlation

     SCECORR      0.208      COLCORR      0.145      EMOCORR      0.119
     PHIPP        0.037      PREC         0.085      PCC          0.193
     PHC          0.124      RSC          0.156      AAG          0.254
     PAG          0.077



UNIVARIATE PROPORTIONS AND COUNTS FOR CATEGORICAL VARIABLES

    SCECORR
      Category 1    0.324         1261.000
      Category 2    0.676         2627.000
    COLCORR
      Category 1    0.278         1082.000
      Category 2    0.722         2806.000
    EMOCORR
      Category 1    0.243          943.000
      Category 2    0.757         2945.000



UNIVARIATE SAMPLE STATISTICS


     UNIVARIATE HIGHER-ORDER MOMENT DESCRIPTIVE STATISTICS

         Variable/         Mean/     Skewness/   Minimum/ % with                Percentiles
        Sample Size      Variance    Kurtosis    Maximum  Min/Max      20%/60%    40%/80%    Median

     PHIPP                 0.034      -0.052      -0.752    0.03%      -0.115     -0.013      0.034
            3888.000       0.034       0.550       0.999    0.03%       0.079      0.187
     PREC                  0.068       0.006      -1.073    0.03%      -0.135      0.007      0.064
            3888.000       0.063       0.618       1.134    0.03%       0.122      0.272
     PCC                   0.119       0.128      -1.587    0.03%      -0.129      0.043      0.118
            3888.000       0.097       0.813       1.478    0.03%       0.188      0.363
     PHC                   0.046      -0.133      -1.171    0.03%      -0.115      0.003      0.050
            3888.000       0.041       0.688       0.877    0.03%       0.096      0.209
     RSC                   0.113      -0.027      -0.943    0.03%      -0.078      0.058      0.114
            3888.000       0.052       0.288       0.978    0.03%       0.170      0.299
     AAG                   0.082       0.180      -1.675    0.03%      -0.239     -0.018      0.077
            3888.000       0.162       0.890       1.986    0.03%       0.173      0.394
     PAG                   0.060      -0.170      -2.105    0.03%      -0.223     -0.016      0.067
            3888.000       0.129       1.102       1.732    0.03%       0.147      0.347


THE MODEL ESTIMATION TERMINATED NORMALLY



MODEL FIT INFORMATION

Number of Free Parameters                       68

Chi-Square Test of Model Fit

          Value                            505.674*
          Degrees of Freedom                    49
          P-Value                           0.0000

*   The chi-square value for MLM, MLMV, MLR, ULSMV, WLSM and WLSMV cannot be used
    for chi-square difference testing in the regular way.  MLM, MLR and WLSM
    chi-square difference testing is described on the Mplus website.  MLMV, WLSMV,
    and ULSMV difference testing is done using the DIFFTEST option.

RMSEA (Root Mean Square Error Of Approximation)

          Estimate                           0.049

CFI/TLI

          CFI                                0.982
          TLI                                0.967

Chi-Square Test of Model Fit for the Baseline Model

          Value                          25402.556
          Degrees of Freedom                    90
          P-Value                           0.0000

SRMR (Standardized Root Mean Square Residual)

          Value for Within                   0.034
          Value for Between                  0.048



MODEL RESULTS

                                                    Two-Tailed
                    Estimate       S.E.  Est./S.E.    P-Value

Within Level

 PMN      BY
    PHIPP              1.000      0.000    999.000    999.000
    PREC               1.658      0.019     85.548      0.000
    PCC                2.067      0.021     99.544      0.000
    PHC                1.096      0.014     78.225      0.000
    RSC                1.275      0.014     88.281      0.000
    AAG                2.572      0.039     66.010      0.000
    PAG                2.389      0.027     89.309      0.000

 MEMQW    BY
    SCECORR            1.000      0.000    999.000    999.000
    COLCORR            0.529      0.124      4.265      0.000
    EMOCORR            0.556      0.105      5.268      0.000

 MEMQW      ON
    PMN                2.921      0.815      3.583      0.000

 MEMQW      ON
    AAG               -0.438      0.271     -1.614      0.106

 Variances
    PMN                0.009      0.000     42.198      0.000

 Residual Variances
    PHIPP              0.023      0.000     91.975      0.000
    PREC               0.033      0.000     86.925      0.000
    PCC                0.040      0.000     96.274      0.000
    PHC                0.025      0.000     95.275      0.000
    RSC                0.029      0.000    105.218      0.000
    AAG                0.062      0.001     91.291      0.000
    PAG                0.068      0.001    110.971      0.000
    MEMQW              0.888      0.278      3.192      0.001

Between Level

 MEMQB    BY
    SCECORR            1.000      0.000    999.000    999.000
    COLCORR            0.529      0.124      4.265      0.000
    EMOCORR            0.556      0.105      5.268      0.000

 MEMQB    WITH
    PHIPP              0.008      0.006      1.386      0.166
    PREC               0.022      0.012      1.855      0.064
    PCC                0.028      0.019      1.474      0.140
    PHC                0.026      0.013      2.032      0.042
    RSC                0.036      0.015      2.335      0.020
    AAG                0.009      0.203      0.043      0.966
    PAG                0.025      0.016      1.572      0.116

 PHIPP    WITH
    PREC               0.001      0.000      1.171      0.241
    PCC                0.002      0.001      3.184      0.001
    PHC                0.001      0.001      1.176      0.239
    RSC                0.001      0.001      1.034      0.301
    AAG                0.002      0.001      1.996      0.046
    PAG                0.001      0.001      0.930      0.353

 PREC     WITH
    PCC                0.003      0.001      2.006      0.045
    PHC                0.002      0.001      1.850      0.064
    RSC                0.003      0.001      2.345      0.019
    AAG                0.002      0.002      0.882      0.378
    PAG               -0.001      0.001     -0.469      0.639

 PCC      WITH
    PHC                0.003      0.003      0.952      0.341
    RSC                0.005      0.003      1.873      0.061
    AAG                0.007      0.005      1.332      0.183
    PAG                0.001      0.003      0.445      0.656

 PHC      WITH
    RSC                0.004      0.001      2.766      0.006
    AAG               -0.004      0.003     -1.740      0.082
    PAG                0.003      0.002      1.830      0.067

 RSC      WITH
    AAG                0.005      0.004      1.336      0.182
    PAG                0.001      0.002      0.516      0.606

 AAG      WITH
    PAG               -0.003      0.003     -1.166      0.244

 Means
    PHIPP              0.033      0.008      4.386      0.000
    PREC               0.066      0.015      4.564      0.000
    PCC                0.115      0.030      3.868      0.000
    PHC                0.045      0.015      3.027      0.002
    RSC                0.111      0.018      6.250      0.000
    AAG                0.083      0.044      1.903      0.057
    PAG                0.059      0.023      2.523      0.012

 Thresholds
    SCECORR$1         -0.704      0.140     -5.011      0.000
    COLCORR$1         -0.707      0.097     -7.306      0.000
    EMOCORR$1         -0.827      0.105     -7.854      0.000

 Variances
    PHIPP              0.001      0.000      3.862      0.000
    PREC               0.005      0.002      3.112      0.002
    PCC                0.019      0.003      5.737      0.000
    PHC                0.005      0.002      2.959      0.003
    RSC                0.008      0.002      3.298      0.001
    AAG                0.041      0.010      4.113      0.000
    PAG                0.010      0.003      2.970      0.003
    MEMQB              0.462      0.263      1.757      0.079

 Residual Variances
    SCECORR            0.044      0.144      0.306      0.760
    COLCORR            0.084      0.078      1.078      0.281
    EMOCORR            0.031      0.063      0.485      0.628


STANDARDIZED MODEL RESULTS


STDYX Standardization

                                                    Two-Tailed
                    Estimate       S.E.  Est./S.E.    P-Value

Within Level

 PMN      BY
    PHIPP              0.527      0.005     98.832      0.000
    PREC               0.656      0.005    136.519      0.000
    PCC                0.702      0.003    202.975      0.000
    PHC                0.550      0.006     95.430      0.000
    RSC                0.579      0.005    111.387      0.000
    AAG                0.701      0.005    142.831      0.000
    PAG                0.657      0.004    154.025      0.000

 MEMQW    BY
    SCECORR            0.694      0.055     12.589      0.000
    COLCORR            0.454      0.039     11.567      0.000
    EMOCORR            0.472      0.025     18.528      0.000

 MEMQW      ON
    PMN                0.288      0.080      3.615      0.000

 MEMQW      ON
    AAG               -0.158      0.100     -1.591      0.112

 Variances
    PMN                1.000      0.000    999.000    999.000

 Residual Variances
    PHIPP              0.722      0.006    128.608      0.000
    PREC               0.570      0.006     90.514      0.000
    PCC                0.507      0.005    104.537      0.000
    PHC                0.697      0.006    109.775      0.000
    RSC                0.664      0.006    110.159      0.000
    AAG                0.508      0.007     73.864      0.000
    PAG                0.569      0.006    101.513      0.000
    MEMQW              0.956      0.020     47.307      0.000

Between Level

 MEMQB    BY
    SCECORR            0.955      0.141      6.779      0.000
    COLCORR            0.778      0.162      4.813      0.000
    EMOCORR            0.907      0.178      5.099      0.000

 MEMQB    WITH
    PHIPP              0.319      0.190      1.676      0.094
    PREC               0.440      0.155      2.834      0.005
    PCC                0.306      0.205      1.490      0.136
    PHC                0.535      0.175      3.060      0.002
    RSC                0.585      0.151      3.873      0.000
    AAG                0.064      1.476      0.043      0.966
    PAG                0.374      0.213      1.755      0.079

 PHIPP    WITH
    PREC               0.200      0.158      1.263      0.207
    PCC                0.490      0.088      5.534      0.000
    PHC                0.322      0.247      1.305      0.192
    RSC                0.283      0.259      1.093      0.275
    AAG                0.337      0.131      2.566      0.010
    PAG                0.241      0.244      0.986      0.324

 PREC     WITH
    PCC                0.276      0.115      2.395      0.017
    PHC                0.413      0.135      3.060      0.002
    RSC                0.522      0.155      3.371      0.001
    AAG                0.147      0.155      0.947      0.344
    PAG               -0.082      0.174     -0.472      0.637

 PCC      WITH
    PHC                0.268      0.269      0.995      0.320
    RSC                0.407      0.182      2.238      0.025
    AAG                0.256      0.178      1.440      0.150
    PAG                0.085      0.187      0.455      0.649

 PHC      WITH
    RSC                0.577      0.095      6.058      0.000
    AAG               -0.310      0.148     -2.100      0.036
    PAG                0.417      0.159      2.623      0.009

 RSC      WITH
    AAG                0.292      0.214      1.364      0.173
    PAG                0.095      0.180      0.526      0.599

 AAG      WITH
    PAG               -0.166      0.131     -1.264      0.206

 Means
    PHIPP              0.949      0.221      4.299      0.000
    PREC               0.908      0.228      3.990      0.000
    PCC                0.844      0.220      3.840      0.000
    PHC                0.628      0.256      2.454      0.014
    RSC                1.240      0.255      4.870      0.000
    AAG                0.408      0.204      1.998      0.046
    PAG                0.590      0.296      1.996      0.046

 Thresholds
    SCECORR$1         -0.507      0.107     -4.716      0.000
    COLCORR$1         -0.630      0.081     -7.726      0.000
    EMOCORR$1         -0.729      0.093     -7.808      0.000

 Variances
    PHIPP              1.000      0.000    999.000    999.000
    PREC               1.000      0.000    999.000    999.000
    PCC                1.000      0.000    999.000    999.000
    PHC                1.000      0.000    999.000    999.000
    RSC                1.000      0.000    999.000    999.000
    AAG                1.000      0.000    999.000    999.000
    PAG                1.000      0.000    999.000    999.000
    MEMQB              1.000      0.000    999.000    999.000

 Residual Variances
    SCECORR            0.087      0.269      0.324      0.746
    COLCORR            0.394      0.252      1.565      0.118
    EMOCORR            0.177      0.323      0.547      0.585


R-SQUARE

Within Level

    Observed                                        Two-Tailed     Scale
    Variable        Estimate       S.E.  Est./S.E.    P-Value     Factors

    SCECORR            0.481      0.076      6.294      0.000      0.720
    COLCORR            0.206      0.036      5.783      0.000      0.891
    EMOCORR            0.223      0.024      9.264      0.000      0.882
    PHIPP              0.278      0.006     49.416      0.000      0.000
    PREC               0.430      0.006     68.259      0.000      0.000
    PCC                0.493      0.005    101.487      0.000      0.000
    PHC                0.303      0.006     47.715      0.000      0.000
    RSC                0.336      0.006     55.694      0.000      0.000
    AAG                0.492      0.007     71.415      0.000      0.000
    PAG                0.431      0.006     77.013      0.000      0.000

     Latent                                         Two-Tailed
    Variable        Estimate       S.E.  Est./S.E.    P-Value

    MEMQW              0.044      0.020      2.176      0.030

Between Level

    Observed                                        Two-Tailed
    Variable        Estimate       S.E.  Est./S.E.    P-Value

    SCECORR            0.913      0.269      3.389      0.001
    COLCORR            0.606      0.252      2.406      0.016
    EMOCORR            0.823      0.323      2.550      0.011


QUALITY OF NUMERICAL RESULTS

     Condition Number for the Information Matrix              0.342E-08
       (ratio of smallest to largest eigenvalue)


     Beginning Time:  15:36:01
        Ending Time:  15:36:23
       Elapsed Time:  00:00:22



MUTHEN & MUTHEN
3463 Stoner Ave.
Los Angeles, CA  90066

Tel: (310) 391-9971
Fax: (310) 391-8971
Web: www.StatModel.com
Support: Support@StatModel.com

Copyright (c) 1998-2018 Muthen & Muthen
