Mplus VERSION 8.2 (Linux)
MUTHEN & MUTHEN
11/04/2021   3:41 PM

INPUT INSTRUCTIONS

  TITLE: Within Measurement Model -- One Latent Factor
  DATA: FILE is tidy_roi_data.dat;
  VARIABLE:
    NAMES are subject pHipp PREC PCC MPFC PHC RSC aAG pAG SceCorr ColCorr EmoCorr;
    USEVARIABLES are subject pHipp PREC PCC MPFC PHC RSC aAG pAG;
    CLUSTER = subject;
  ANALYSIS:
  TYPE = TWOLEVEL;
  ESTIMATOR = MLR;
  MODEL:
  %WITHIN%
  PMN BY pHipp-pAG;
  pAG WITH PHC;
  %BETWEEN%
  pHipp-pAG;
  pHIPP WITH PREC-pAG;
  PREC WITH PCC-pAG;
  PCC WITH MPFC-pAG;
  MPFC WITH PHC-pAG;
  PHC WITH RSC-pAG;
  RSC WITH aAG pAG;
  aAG WITH pAG;
  Output:
  sampstat modindices;



INPUT READING TERMINATED NORMALLY



Within Measurement Model -- One Latent Factor

SUMMARY OF ANALYSIS

Number of groups                                                 1
Number of observations                                        3888

Number of dependent variables                                    8
Number of independent variables                                  0
Number of continuous latent variables                            1

Observed dependent variables

  Continuous
   PHIPP       PREC        PCC         MPFC        PHC         RSC
   AAG         PAG

Continuous latent variables
   PMN

Variables with special functions

  Cluster variable      SUBJECT

Estimator                                                      MLR
Information matrix                                        OBSERVED
Maximum number of iterations                                   100
Convergence criterion                                    0.100D-05
Maximum number of EM iterations                                500
Convergence criteria for the EM algorithm
  Loglikelihood change                                   0.100D-02
  Relative loglikelihood change                          0.100D-05
  Derivative                                             0.100D-03
Minimum variance                                         0.100D-03
Maximum number of steepest descent iterations                   20
Maximum number of iterations for H1                           2000
Convergence criterion for H1                             0.100D-03
Optimization algorithm                                         EMA

Input data file(s)
  tidy_roi_data.dat
Input data format  FREE


SUMMARY OF DATA

     Number of clusters                         28

     Average cluster size      138.857

     Estimated Intraclass Correlations for the Y Variables

                Intraclass              Intraclass              Intraclass
     Variable  Correlation   Variable  Correlation   Variable  Correlation

     PHIPP        0.037      PREC         0.085      PCC          0.193
     MPFC         0.087      PHC          0.124      RSC          0.156
     AAG          0.255      PAG          0.077



SAMPLE STATISTICS

NOTE:  The sample statistics for within and between refer to the
       maximum-likelihood estimated within and between covariance
       matrices, respectively.


     ESTIMATED SAMPLE STATISTICS FOR WITHIN


           Means
              PHIPP         PREC          PCC           MPFC          PHC
              ________      ________      ________      ________      ________
                0.000         0.000         0.000         0.000         0.000


           Means
              RSC           AAG           PAG
              ________      ________      ________
                0.000         0.000         0.000


           Covariances
              PHIPP         PREC          PCC           MPFC          PHC
              ________      ________      ________      ________      ________
 PHIPP          0.032
 PREC           0.014         0.058
 PCC            0.020         0.034         0.078
 MPFC           0.023         0.025         0.044         0.104
 PHC            0.011         0.014         0.017         0.013         0.036
 RSC            0.011         0.018         0.021         0.017         0.016
 AAG            0.024         0.041         0.054         0.050         0.022
 PAG            0.021         0.033         0.042         0.023         0.029


           Covariances
              RSC           AAG           PAG
              ________      ________      ________
 RSC            0.044
 AAG            0.027         0.121
 PAG            0.031         0.052         0.119


           Correlations
              PHIPP         PREC          PCC           MPFC          PHC
              ________      ________      ________      ________      ________
 PHIPP          1.000
 PREC           0.330         1.000
 PCC            0.394         0.504         1.000
 MPFC           0.390         0.317         0.492         1.000
 PHC            0.315         0.318         0.315         0.209         1.000
 RSC            0.281         0.356         0.362         0.259         0.418
 AAG            0.380         0.485         0.555         0.448         0.336
 PAG            0.331         0.404         0.433         0.209         0.445


           Correlations
              RSC           AAG           PAG
              ________      ________      ________
 RSC            1.000
 AAG            0.376         1.000
 PAG            0.425         0.433         1.000


     ESTIMATED SAMPLE STATISTICS FOR BETWEEN


           Means
              PHIPP         PREC          PCC           MPFC          PHC
              ________      ________      ________      ________      ________
                0.033         0.066         0.116        -0.001         0.045


           Means
              RSC           AAG           PAG
              ________      ________      ________
                0.111         0.083         0.059


           Covariances
              PHIPP         PREC          PCC           MPFC          PHC
              ________      ________      ________      ________      ________
 PHIPP          0.001
 PREC           0.001         0.005
 PCC            0.002         0.003         0.019
 MPFC           0.001         0.001         0.004         0.010
 PHC            0.001         0.002         0.003        -0.003         0.005
 RSC            0.001         0.003         0.005        -0.002         0.004
 AAG            0.002         0.002         0.007         0.010        -0.005
 PAG            0.001        -0.001         0.001        -0.004         0.003


           Covariances
              RSC           AAG           PAG
              ________      ________      ________
 RSC            0.008
 AAG            0.005         0.041
 PAG            0.001        -0.003         0.010


           Correlations
              PHIPP         PREC          PCC           MPFC          PHC
              ________      ________      ________      ________      ________
 PHIPP          1.000
 PREC           0.200         1.000
 PCC            0.489         0.277         1.000
 MPFC           0.259         0.168         0.273         1.000
 PHC            0.324         0.412         0.268        -0.357         1.000
 RSC            0.285         0.522         0.406        -0.186         0.576
 AAG            0.334         0.148         0.257         0.512        -0.311
 PAG            0.242        -0.083         0.084        -0.374         0.417


           Correlations
              RSC           AAG           PAG
              ________      ________      ________
 RSC            1.000
 AAG            0.293         1.000
 PAG            0.095        -0.167         1.000


UNIVARIATE SAMPLE STATISTICS


     UNIVARIATE HIGHER-ORDER MOMENT DESCRIPTIVE STATISTICS

         Variable/         Mean/     Skewness/   Minimum/ % with                Percentiles
        Sample Size      Variance    Kurtosis    Maximum  Min/Max      20%/60%    40%/80%    Median

     PHIPP                 0.034      -0.052      -0.752    0.03%      -0.115     -0.013      0.034
            3888.000       0.034       0.550       0.999    0.03%       0.079      0.187
     PREC                  0.068       0.006      -1.073    0.03%      -0.135      0.007      0.064
            3888.000       0.063       0.618       1.134    0.03%       0.122      0.272
     PCC                   0.119       0.128      -1.587    0.03%      -0.129      0.043      0.118
            3888.000       0.097       0.813       1.478    0.03%       0.188      0.363
     MPFC                  0.000      -0.087      -1.699    0.03%      -0.271     -0.077      0.002
            3888.000       0.114       1.100       1.929    0.03%       0.089      0.271
     PHC                   0.046      -0.133      -1.171    0.03%      -0.115      0.003      0.050
            3888.000       0.041       0.688       0.877    0.03%       0.096      0.209
     RSC                   0.113      -0.027      -0.943    0.03%      -0.078      0.058      0.114
            3888.000       0.052       0.288       0.978    0.03%       0.170      0.299
     AAG                   0.082       0.180      -1.675    0.03%      -0.239     -0.018      0.077
            3888.000       0.162       0.890       1.986    0.03%       0.173      0.394
     PAG                   0.060      -0.170      -2.105    0.03%      -0.223     -0.016      0.067
            3888.000       0.129       1.102       1.732    0.03%       0.147      0.347

     THE STANDARD ERRORS OF THE MODEL PARAMETER ESTIMATES MAY NOT BE
     TRUSTWORTHY FOR SOME PARAMETERS DUE TO A NON-POSITIVE DEFINITE
     FIRST-ORDER DERIVATIVE PRODUCT MATRIX.  THIS MAY BE DUE TO THE STARTING
     VALUES BUT MAY ALSO BE AN INDICATION OF MODEL NONIDENTIFICATION.  THE
     CONDITION NUMBER IS      -0.433D-16.  PROBLEM INVOLVING THE FOLLOWING PARAMETER:
     Parameter 29, %BETWEEN%: PCC WITH PHIPP

     THE NONIDENTIFICATION IS MOST LIKELY DUE TO HAVING MORE PARAMETERS THAN THE
     NUMBER OF CLUSTERS. REDUCE THE NUMBER OF PARAMETERS.


THE MODEL ESTIMATION TERMINATED NORMALLY



MODEL FIT INFORMATION

Number of Free Parameters                       61

Loglikelihood

          H0 Value                        2124.510
          H0 Scaling Correction Factor      2.7360
            for MLR
          H1 Value                        2439.857
          H1 Scaling Correction Factor      2.8470
            for MLR

Information Criteria

          Akaike (AIC)                   -4127.019
          Bayesian (BIC)                 -3744.814
          Sample-Size Adjusted BIC       -3938.644
            (n* = (n + 2) / 24)

Chi-Square Test of Model Fit

          Value                            196.902*
          Degrees of Freedom                    19
          P-Value                           0.0000
          Scaling Correction Factor         3.2031
            for MLR

*   The chi-square value for MLM, MLMV, MLR, ULSMV, WLSM and WLSMV cannot be used
    for chi-square difference testing in the regular way.  MLM, MLR and WLSM
    chi-square difference testing is described on the Mplus website.  MLMV, WLSMV,
    and ULSMV difference testing is done using the DIFFTEST option.

RMSEA (Root Mean Square Error Of Approximation)

          Estimate                           0.049

CFI/TLI

          CFI                                0.951
          TLI                                0.855

Chi-Square Test of Model Fit for the Baseline Model

          Value                           3678.142
          Degrees of Freedom                    56
          P-Value                           0.0000

SRMR (Standardized Root Mean Square Residual)

          Value for Within                   0.048
          Value for Between                  0.003



MODEL RESULTS

                                                    Two-Tailed
                    Estimate       S.E.  Est./S.E.    P-Value

Within Level

 PMN      BY
    PHIPP              1.000      0.000    999.000    999.000
    PREC               1.588      0.110     14.397      0.000
    PCC                2.140      0.144     14.852      0.000
    MPFC               1.868      0.153     12.218      0.000
    PHC                0.928      0.054     17.164      0.000
    RSC                1.149      0.079     14.473      0.000
    AAG                2.602      0.206     12.646      0.000
    PAG                2.064      0.151     13.645      0.000

 PAG      WITH
    PHC                0.011      0.002      5.803      0.000

 Variances
    PMN                0.010      0.001      6.548      0.000

 Residual Variances
    PHIPP              0.023      0.001     24.230      0.000
    PREC               0.033      0.002     13.634      0.000
    PCC                0.034      0.002     14.210      0.000
    MPFC               0.071      0.007      9.771      0.000
    PHC                0.027      0.002     16.511      0.000
    RSC                0.031      0.002     16.015      0.000
    AAG                0.056      0.004     13.362      0.000
    PAG                0.078      0.007     10.866      0.000

Between Level

 PHIPP    WITH
    PREC               0.001      0.001      0.905      0.366
    PCC                0.002      0.002      1.150      0.250
    MPFC               0.001      0.001      1.475      0.140
    PHC                0.001      0.000      1.698      0.090
    RSC                0.001      0.001      1.389      0.165
    AAG                0.002      0.002      1.571      0.116
    PAG                0.001      0.001      1.258      0.208

 PREC     WITH
    PCC                0.003      0.002      1.392      0.164
    MPFC               0.001      0.002      0.738      0.461
    PHC                0.002      0.001      2.126      0.033
    RSC                0.003      0.001      3.365      0.001
    AAG                0.002      0.004      0.628      0.530
    PAG               -0.001      0.002     -0.375      0.708

 PCC      WITH
    MPFC               0.004      0.003      1.193      0.233
    PHC                0.003      0.002      1.515      0.130
    RSC                0.005      0.002      2.051      0.040
    AAG                0.007      0.006      1.226      0.220
    PAG                0.001      0.002      0.552      0.581

 MPFC     WITH
    PHC               -0.003      0.001     -2.026      0.043
    RSC               -0.002      0.002     -0.988      0.323
    AAG                0.010      0.005      2.005      0.045
    PAG               -0.004      0.002     -2.053      0.040

 PHC      WITH
    RSC                0.004      0.001      3.358      0.001
    AAG               -0.005      0.004     -1.139      0.255
    PAG                0.003      0.002      1.627      0.104

 RSC      WITH
    AAG                0.005      0.002      2.250      0.024
    PAG                0.001      0.002      0.523      0.601

 AAG      WITH
    PAG               -0.003      0.006     -0.580      0.562

 Means
    PHIPP              0.033      0.007      4.612      0.000
    PREC               0.066      0.014      4.634      0.000
    PCC                0.115      0.026      4.401      0.000
    MPFC              -0.001      0.020     -0.070      0.944
    PHC                0.045      0.014      3.240      0.001
    RSC                0.111      0.017      6.441      0.000
    AAG                0.083      0.039      2.136      0.033
    PAG                0.059      0.020      2.999      0.003

 Variances
    PHIPP              0.001      0.000      2.499      0.012
    PREC               0.005      0.001      3.816      0.000
    PCC                0.019      0.009      2.197      0.028
    MPFC               0.010      0.002      4.152      0.000
    PHC                0.005      0.001      3.897      0.000
    RSC                0.008      0.002      3.894      0.000
    AAG                0.041      0.015      2.727      0.006
    PAG                0.010      0.003      3.442      0.001


QUALITY OF NUMERICAL RESULTS

     Condition Number for the Information Matrix             -0.433E-16
       (ratio of smallest to largest eigenvalue)


MODEL MODIFICATION INDICES

NOTE:  Modification indices for direct effects of observed dependent variables
regressed on covariates may not be included.  To include these, request
MODINDICES (ALL).

Minimum M.I. value for printing the modification index    10.000

                                   M.I.     E.P.C.  Std E.P.C.  StdYX E.P.C.

Within Level

WITH Statements

MPFC     WITH PHIPP               20.171     0.006      0.006        0.144
MPFC     WITH PREC                11.401    -0.006     -0.006       -0.114
MPFC     WITH PCC                 28.454     0.010      0.010        0.198
PHC      WITH PCC                 11.853    -0.004     -0.004       -0.118
RSC      WITH PCC                 12.433    -0.004     -0.004       -0.129
RSC      WITH PHC                 45.673     0.006      0.006        0.203
PAG      WITH MPFC                43.209    -0.015     -0.015       -0.205
PAG      WITH RSC                 18.113     0.006      0.006        0.131

Between Level


TECHNICAL 1 OUTPUT


     PARAMETER SPECIFICATION FOR WITHIN


           NU
              PHIPP         PREC          PCC           MPFC          PHC
              ________      ________      ________      ________      ________
                    0             0             0             0             0


           NU
              RSC           AAG           PAG
              ________      ________      ________
                    0             0             0


           LAMBDA
              PMN
              ________
 PHIPP              0
 PREC               1
 PCC                2
 MPFC               3
 PHC                4
 RSC                5
 AAG                6
 PAG                7


           THETA
              PHIPP         PREC          PCC           MPFC          PHC
              ________      ________      ________      ________      ________
 PHIPP              8
 PREC               0             9
 PCC                0             0            10
 MPFC               0             0             0            11
 PHC                0             0             0             0            12
 RSC                0             0             0             0             0
 AAG                0             0             0             0             0
 PAG                0             0             0             0            15


           THETA
              RSC           AAG           PAG
              ________      ________      ________
 RSC               13
 AAG                0            14
 PAG                0             0            16


           ALPHA
              PMN
              ________
                    0


           BETA
              PMN
              ________
 PMN                0


           PSI
              PMN
              ________
 PMN               17


     PARAMETER SPECIFICATION FOR BETWEEN


           NU
              PHIPP         PREC          PCC           MPFC          PHC
              ________      ________      ________      ________      ________
                   18            19            20            21            22


           NU
              RSC           AAG           PAG
              ________      ________      ________
                   23            24            25


           THETA
              PHIPP         PREC          PCC           MPFC          PHC
              ________      ________      ________      ________      ________
 PHIPP             26
 PREC              27            28
 PCC               29            30            31
 MPFC              32            33            34            35
 PHC               36            37            38            39            40
 RSC               41            42            43            44            45
 AAG               47            48            49            50            51
 PAG               54            55            56            57            58


           THETA
              RSC           AAG           PAG
              ________      ________      ________
 RSC               46
 AAG               52            53
 PAG               59            60            61


     STARTING VALUES FOR WITHIN


           NU
              PHIPP         PREC          PCC           MPFC          PHC
              ________      ________      ________      ________      ________
                0.000         0.000         0.000         0.000         0.000


           NU
              RSC           AAG           PAG
              ________      ________      ________
                0.000         0.000         0.000


           LAMBDA
              PMN
              ________
 PHIPP          1.000
 PREC           1.000
 PCC            1.000
 MPFC           1.000
 PHC            1.000
 RSC            1.000
 AAG            1.000
 PAG            1.000


           THETA
              PHIPP         PREC          PCC           MPFC          PHC
              ________      ________      ________      ________      ________
 PHIPP          0.017
 PREC           0.000         0.031
 PCC            0.000         0.000         0.048
 MPFC           0.000         0.000         0.000         0.057
 PHC            0.000         0.000         0.000         0.000         0.020
 RSC            0.000         0.000         0.000         0.000         0.000
 AAG            0.000         0.000         0.000         0.000         0.000
 PAG            0.000         0.000         0.000         0.000         0.000


           THETA
              RSC           AAG           PAG
              ________      ________      ________
 RSC            0.026
 AAG            0.000         0.081
 PAG            0.000         0.000         0.064


           ALPHA
              PMN
              ________
                0.000


           BETA
              PMN
              ________
 PMN            0.000


           PSI
              PMN
              ________
 PMN            0.050


     STARTING VALUES FOR BETWEEN


           NU
              PHIPP         PREC          PCC           MPFC          PHC
              ________      ________      ________      ________      ________
                0.034         0.068         0.119         0.000         0.046


           NU
              RSC           AAG           PAG
              ________      ________      ________
                0.113         0.082         0.060


           THETA
              PHIPP         PREC          PCC           MPFC          PHC
              ________      ________      ________      ________      ________
 PHIPP          0.017
 PREC           0.000         0.031
 PCC            0.000         0.000         0.048
 MPFC           0.000         0.000         0.000         0.057
 PHC            0.000         0.000         0.000         0.000         0.020
 RSC            0.000         0.000         0.000         0.000         0.000
 AAG            0.000         0.000         0.000         0.000         0.000
 PAG            0.000         0.000         0.000         0.000         0.000


           THETA
              RSC           AAG           PAG
              ________      ________      ________
 RSC            0.026
 AAG            0.000         0.081
 PAG            0.000         0.000         0.064


     Beginning Time:  15:41:30
        Ending Time:  15:41:30
       Elapsed Time:  00:00:00



MUTHEN & MUTHEN
3463 Stoner Ave.
Los Angeles, CA  90066

Tel: (310) 391-9971
Fax: (310) 391-8971
Web: www.StatModel.com
Support: Support@StatModel.com

Copyright (c) 1998-2018 Muthen & Muthen
