Mplus VERSION 8.2 (Linux)
MUTHEN & MUTHEN
07/01/2021  12:08 PM

INPUT INSTRUCTIONS

  TITLE: Model 0: Redundancy
  DATA: FILE is tidy_roi_data.dat;
  VARIABLE:
    NAMES are subject pHipp PREC PCC MPFC PHC RSC aAG pAG SceCorr ColCorr EmoCorr;
    USEVARIABLES are subject pHipp PREC PCC MPFC PHC RSC aAG pAG SceCorr ColCorr EmoCorr;
    CATEGORICAL = SceCorr ColCorr EmoCorr;
    CLUSTER = subject;
  ANALYSIS:
  TYPE = TWOLEVEL;
  ESTIMATOR = WLSMV;
  MODEL:
  %WITHIN%
  PMN BY pHipp-pAG;
  MemQ BY SceCorr (1)
  ColCorr (2)
  EmoCorr (3);
  pAG WITH MPFC;
  MemQ ON PMN;
  %BETWEEN%
  MemQb BY SceCorr (1)
  ColCorr (2)
  EmoCorr (3);
  pHipp-pAG;
  pHipp WITH pHipp-pAG;
  PREC WITH pHipp-pAG;
  PCC WITH pHipp-pAG;
  MPFC WITH pHipp-pAG;
  PHC WITH pHipp-pAG;
  RSC WITH pHipp-pAG;
  aAG WITH pHipp-pAG;
  pAG WITH pHipp-pAG;
  MemQb WITH pHIPP-pAG;
  Output:
  sampstat stdyx;



INPUT READING TERMINATED NORMALLY



Model 0: Redundancy

SUMMARY OF ANALYSIS

Number of groups                                                 1
Number of observations                                        3888

Number of dependent variables                                   11
Number of independent variables                                  0
Number of continuous latent variables                            3

Observed dependent variables

  Continuous
   PHIPP       PREC        PCC         MPFC        PHC         RSC
   AAG         PAG

  Binary and ordered categorical (ordinal)
   SCECORR     COLCORR     EMOCORR

Continuous latent variables
   PMN         MEMQ        MEMQB

Variables with special functions

  Cluster variable      SUBJECT

Estimator                                                    WLSMV
Optimization Specifications for the Quasi-Newton Algorithm for
Continuous Outcomes
  Maximum number of iterations                                1000
  Convergence criterion                                  0.100D-05
Optimization Specifications for the EM Algorithm
  Maximum number of iterations                                 500
  Convergence criteria
    Loglikelihood change                                 0.100D-02
    Relative loglikelihood change                        0.100D-05
    Derivative                                           0.100D-02
Optimization Specifications for the M step of the EM Algorithm for
Categorical Latent variables
  Number of M step iterations                                    1
  M step convergence criterion                           0.100D-02
  Basis for M step termination                           ITERATION
Optimization Specifications for the M step of the EM Algorithm for
Censored, Binary or Ordered Categorical (Ordinal), Unordered
Categorical (Nominal) and Count Outcomes
  Number of M step iterations                                    1
  M step convergence criterion                           0.100D-02
  Basis for M step termination                           ITERATION
  Maximum value for logit thresholds                            10
  Minimum value for logit thresholds                           -10
  Minimum expected cell size for chi-square              0.100D-01
Optimization algorithm                                      EMA/FS
Integration Specifications
  Type                                                    STANDARD
  Number of integration points                                   7
  Dimensions of numerical integration                            0
  Adaptive quadrature                                           ON
Link                                                        PROBIT
Cholesky                                                        ON

Input data file(s)
  tidy_roi_data.dat
Input data format  FREE


SUMMARY OF DATA

     Number of clusters                         28

     Average cluster size      138.857

     Estimated Intraclass Correlations for the Y Variables

                Intraclass              Intraclass              Intraclass
     Variable  Correlation   Variable  Correlation   Variable  Correlation

     SCECORR      0.208      COLCORR      0.145      EMOCORR      0.119
     PHIPP        0.037      PREC         0.085      PCC          0.193
     MPFC         0.087      PHC          0.124      RSC          0.156
     AAG          0.254      PAG          0.077



UNIVARIATE PROPORTIONS AND COUNTS FOR CATEGORICAL VARIABLES

    SCECORR
      Category 1    0.324         1261.000
      Category 2    0.676         2627.000
    COLCORR
      Category 1    0.278         1082.000
      Category 2    0.722         2806.000
    EMOCORR
      Category 1    0.243          943.000
      Category 2    0.757         2945.000


SAMPLE STATISTICS


     ESTIMATED SAMPLE STATISTICS


           MEANS/INTERCEPTS/THRESHOLDS
              SCECORR$      COLCORR$      EMOCORR$      PHIPP         PREC
              ________      ________      ________      ________      ________
               -0.507        -0.630        -0.729         0.033         0.066


           MEANS/INTERCEPTS/THRESHOLDS
              PCC           MPFC          PHC           RSC           AAG
              ________      ________      ________      ________      ________
                0.115        -0.002         0.045         0.111         0.083


           MEANS/INTERCEPTS/THRESHOLDS
              PAG
              ________
                0.059


           WITHIN LEVEL VARIANCE/COVARIANCE
              SCECORR       COLCORR       EMOCORR       PHIPP         PREC
              ________      ________      ________      ________      ________
 SCECORR        1.000
 COLCORR        0.326         1.000
 EMOCORR        0.308         0.225         1.000
 PHIPP          0.010         0.002         0.011         0.032
 PREC           0.015         0.014         0.017         0.014         0.058
 PCC            0.013         0.002         0.019         0.020         0.034
 MPFC          -0.009        -0.014         0.008         0.023         0.025
 PHC            0.019         0.007         0.011         0.011         0.014
 RSC            0.029         0.004         0.013         0.011         0.018
 AAG            0.009         0.002         0.012         0.024         0.041
 PAG            0.028        -0.002         0.016         0.021         0.033


           WITHIN LEVEL VARIANCE/COVARIANCE
              PCC           MPFC          PHC           RSC           AAG
              ________      ________      ________      ________      ________
 PCC            0.078
 MPFC           0.044         0.104
 PHC            0.017         0.013         0.036
 RSC            0.021         0.017         0.016         0.044
 AAG            0.054         0.050         0.022         0.027         0.121
 PAG            0.042         0.023         0.029         0.031         0.052


           WITHIN LEVEL VARIANCE/COVARIANCE
              PAG
              ________
 PAG            0.119


           WITHIN LEVEL CORRELATION
              SCECORR       COLCORR       EMOCORR       PHIPP         PREC
              ________      ________      ________      ________      ________
 SCECORR        1.000
 COLCORR        0.326         1.000
 EMOCORR        0.308         0.225         1.000
 PHIPP          0.054         0.009         0.060         1.000
 PREC           0.064         0.059         0.070         0.330         1.000
 PCC            0.046         0.008         0.069         0.394         0.504
 MPFC          -0.028        -0.044         0.024         0.390         0.317
 PHC            0.103         0.037         0.058         0.315         0.318
 RSC            0.137         0.017         0.063         0.281         0.356
 AAG            0.027         0.006         0.034         0.380         0.485
 PAG            0.082        -0.005         0.047         0.331         0.404


           WITHIN LEVEL CORRELATION
              PCC           MPFC          PHC           RSC           AAG
              ________      ________      ________      ________      ________
 PCC            1.000
 MPFC           0.492         1.000
 PHC            0.315         0.209         1.000
 RSC            0.362         0.259         0.418         1.000
 AAG            0.555         0.448         0.336         0.376         1.000
 PAG            0.433         0.209         0.445         0.425         0.433


           WITHIN LEVEL CORRELATION
              PAG
              ________
 PAG            1.000


           BETWEEN LEVEL VARIANCE/COVARIANCE
              SCECORR       COLCORR       EMOCORR       PHIPP         PREC
              ________      ________      ________      ________      ________
 SCECORR        0.262
 COLCORR        0.166         0.169
 EMOCORR        0.155         0.104         0.134
 PHIPP          0.006         0.003         0.005         0.001
 PREC           0.016         0.006         0.015         0.001         0.005
 PCC            0.013         0.024         0.011         0.002         0.003
 MPFC          -0.009        -0.009        -0.008         0.001         0.001
 PHC            0.016         0.011         0.016         0.001         0.002
 RSC            0.024         0.016         0.020         0.001         0.003
 AAG            0.006         0.011        -0.001         0.002         0.002
 PAG            0.016         0.015         0.012         0.001        -0.001


           BETWEEN LEVEL VARIANCE/COVARIANCE
              PCC           MPFC          PHC           RSC           AAG
              ________      ________      ________      ________      ________
 PCC            0.019
 MPFC           0.004         0.010
 PHC            0.003        -0.003         0.005
 RSC            0.005        -0.002         0.004         0.008
 AAG            0.007         0.010        -0.004         0.005         0.041
 PAG            0.001        -0.004         0.003         0.001        -0.003


           BETWEEN LEVEL VARIANCE/COVARIANCE
              PAG
              ________
 PAG            0.010


           BETWEEN LEVEL CORRELATION
              SCECORR       COLCORR       EMOCORR       PHIPP         PREC
              ________      ________      ________      ________      ________
 SCECORR        1.000
 COLCORR        0.788         1.000
 EMOCORR        0.826         0.692         1.000
 PHIPP          0.327         0.200         0.377         1.000
 PREC           0.415         0.204         0.547         0.200         1.000
 PCC            0.179         0.423         0.222         0.490         0.276
 MPFC          -0.181        -0.223        -0.213         0.259         0.167
 PHC            0.447         0.360         0.618         0.322         0.413
 RSC            0.513         0.427         0.600         0.283         0.522
 AAG            0.053         0.131        -0.015         0.337         0.147
 PAG            0.307         0.360         0.315         0.241        -0.082


           BETWEEN LEVEL CORRELATION
              PCC           MPFC          PHC           RSC           AAG
              ________      ________      ________      ________      ________
 PCC            1.000
 MPFC           0.274         1.000
 PHC            0.268        -0.357         1.000
 RSC            0.407        -0.186         0.577         1.000
 AAG            0.256         0.510        -0.310         0.292         1.000
 PAG            0.085        -0.371         0.417         0.095        -0.166


           BETWEEN LEVEL CORRELATION
              PAG
              ________
 PAG            1.000


UNIVARIATE SAMPLE STATISTICS


     UNIVARIATE HIGHER-ORDER MOMENT DESCRIPTIVE STATISTICS

         Variable/         Mean/     Skewness/   Minimum/ % with                Percentiles
        Sample Size      Variance    Kurtosis    Maximum  Min/Max      20%/60%    40%/80%    Median

     PHIPP                 0.034      -0.052      -0.752    0.03%      -0.115     -0.013      0.034
            3888.000       0.034       0.550       0.999    0.03%       0.079      0.187
     PREC                  0.068       0.006      -1.073    0.03%      -0.135      0.007      0.064
            3888.000       0.063       0.618       1.134    0.03%       0.122      0.272
     PCC                   0.119       0.128      -1.587    0.03%      -0.129      0.043      0.118
            3888.000       0.097       0.813       1.478    0.03%       0.188      0.363
     MPFC                  0.000      -0.087      -1.699    0.03%      -0.271     -0.077      0.002
            3888.000       0.114       1.100       1.929    0.03%       0.089      0.271
     PHC                   0.046      -0.133      -1.171    0.03%      -0.115      0.003      0.050
            3888.000       0.041       0.688       0.877    0.03%       0.096      0.209
     RSC                   0.113      -0.027      -0.943    0.03%      -0.078      0.058      0.114
            3888.000       0.052       0.288       0.978    0.03%       0.170      0.299
     AAG                   0.082       0.180      -1.675    0.03%      -0.239     -0.018      0.077
            3888.000       0.162       0.890       1.986    0.03%       0.173      0.394
     PAG                   0.060      -0.170      -2.105    0.03%      -0.223     -0.016      0.067
            3888.000       0.129       1.102       1.732    0.03%       0.147      0.347


THE MODEL ESTIMATION TERMINATED NORMALLY



MODEL FIT INFORMATION

Number of Free Parameters                       80

Chi-Square Test of Model Fit

          Value                           1125.465*
          Degrees of Freedom                    60
          P-Value                           0.0000

*   The chi-square value for MLM, MLMV, MLR, ULSMV, WLSM and WLSMV cannot be used
    for chi-square difference testing in the regular way.  MLM, MLR and WLSM
    chi-square difference testing is described on the Mplus website.  MLMV, WLSMV,
    and ULSMV difference testing is done using the DIFFTEST option.

RMSEA (Root Mean Square Error Of Approximation)

          Estimate                           0.068

CFI/TLI

          CFI                                0.969
          TLI                                0.943

Chi-Square Test of Model Fit for the Baseline Model

          Value                          34491.316
          Degrees of Freedom                   110
          P-Value                           0.0000

SRMR (Standardized Root Mean Square Residual)

          Value for Within                   0.042
          Value for Between                  0.044



MODEL RESULTS

                                                    Two-Tailed
                    Estimate       S.E.  Est./S.E.    P-Value

Within Level

 PMN      BY
    PHIPP              1.000      0.000    999.000    999.000
    PREC               1.527      0.016     94.539      0.000
    PCC                2.109      0.020    106.993      0.000
    MPFC               1.895      0.026     73.088      0.000
    PHC                0.971      0.012     80.837      0.000
    RSC                1.158      0.012     96.014      0.000
    AAG                2.529      0.037     69.080      0.000
    PAG                2.292      0.024     94.273      0.000

 MEMQ     BY
    SCECORR            1.000      0.000    999.000    999.000
    COLCORR            0.560      0.138      4.052      0.000
    EMOCORR            0.594      0.120      4.942      0.000

 MEMQ       ON
    PMN                1.223      0.270      4.529      0.000

 PAG      WITH
    MPFC              -0.019      0.000    -54.663      0.000

 Variances
    PMN                0.010      0.000     47.006      0.000

 Residual Variances
    PHIPP              0.023      0.000     93.127      0.000
    PREC               0.035      0.000    101.289      0.000
    PCC                0.035      0.000    105.622      0.000
    MPFC               0.069      0.001    118.988      0.000
    PHC                0.027      0.000     99.075      0.000
    RSC                0.031      0.000    109.887      0.000
    AAG                0.059      0.001     96.448      0.000
    PAG                0.068      0.001    110.004      0.000
    MEMQ               0.842      0.271      3.110      0.002

Between Level

 MEMQB    BY
    SCECORR            1.000      0.000    999.000    999.000
    COLCORR            0.560      0.138      4.052      0.000
    EMOCORR            0.594      0.120      4.942      0.000

 MEMQB    WITH
    PHIPP              0.007      0.005      1.372      0.170
    PREC               0.021      0.011      1.845      0.065
    PCC                0.028      0.019      1.486      0.137
    MPFC              -0.014      0.014     -1.042      0.297
    PHC                0.025      0.012      2.004      0.045
    RSC                0.034      0.015      2.331      0.020
    AAG                0.008      0.196      0.043      0.966
    PAG                0.024      0.015      1.576      0.115

 PHIPP    WITH
    PREC               0.001      0.000      1.171      0.241
    PCC                0.002      0.001      3.184      0.001
    MPFC               0.001      0.001      0.912      0.362
    PHC                0.001      0.001      1.176      0.239
    RSC                0.001      0.001      1.034      0.301
    AAG                0.002      0.001      1.996      0.046
    PAG                0.001      0.001      0.930      0.353

 PREC     WITH
    PCC                0.003      0.001      2.006      0.045
    MPFC               0.001      0.001      0.877      0.381
    PHC                0.002      0.001      1.850      0.064
    RSC                0.003      0.001      2.345      0.019
    AAG                0.002      0.002      0.882      0.378
    PAG               -0.001      0.001     -0.469      0.639

 PCC      WITH
    MPFC               0.004      0.002      1.580      0.114
    PHC                0.003      0.003      0.952      0.341
    RSC                0.005      0.003      1.873      0.061
    AAG                0.007      0.005      1.332      0.183
    PAG                0.001      0.003      0.445      0.656

 MPFC     WITH
    PHC               -0.003      0.002     -1.511      0.131
    RSC               -0.002      0.002     -0.897      0.370
    AAG                0.010      0.004      2.327      0.020
    PAG               -0.004      0.002     -1.968      0.049

 PHC      WITH
    RSC                0.004      0.001      2.766      0.006
    AAG               -0.004      0.003     -1.740      0.082
    PAG                0.003      0.002      1.830      0.067

 RSC      WITH
    AAG                0.005      0.004      1.336      0.182
    PAG                0.001      0.002      0.516      0.606

 AAG      WITH
    PAG               -0.003      0.003     -1.166      0.244

 Means
    PHIPP              0.033      0.008      4.386      0.000
    PREC               0.066      0.015      4.564      0.000
    PCC                0.115      0.030      3.868      0.000
    MPFC              -0.002      0.023     -0.072      0.943
    PHC                0.045      0.015      3.027      0.002
    RSC                0.111      0.018      6.250      0.000
    AAG                0.083      0.044      1.903      0.057
    PAG                0.059      0.023      2.523      0.012

 Thresholds
    SCECORR$1         -0.691      0.132     -5.224      0.000
    COLCORR$1         -0.709      0.099     -7.188      0.000
    EMOCORR$1         -0.832      0.105     -7.887      0.000

 Variances
    PHIPP              0.001      0.000      3.862      0.000
    PREC               0.005      0.002      3.112      0.002
    PCC                0.019      0.003      5.737      0.000
    MPFC               0.010      0.004      2.581      0.010
    PHC                0.005      0.002      2.959      0.003
    RSC                0.008      0.002      3.298      0.001
    AAG                0.041      0.010      4.113      0.000
    PAG                0.010      0.003      2.970      0.003
    MEMQB              0.425      0.249      1.702      0.089

 Residual Variances
    SCECORR            0.062      0.135      0.462      0.644
    COLCORR            0.082      0.076      1.068      0.286
    EMOCORR            0.025      0.061      0.415      0.678


STANDARDIZED MODEL RESULTS


STDYX Standardization

                                                    Two-Tailed
                    Estimate       S.E.  Est./S.E.    P-Value

Within Level

 PMN      BY
    PHIPP              0.548      0.005    113.775      0.000
    PREC               0.628      0.005    138.209      0.000
    PCC                0.745      0.003    281.431      0.000
    MPFC               0.580      0.005    120.690      0.000
    PHC                0.508      0.006     84.587      0.000
    RSC                0.548      0.005    102.928      0.000
    AAG                0.717      0.005    151.199      0.000
    PAG                0.655      0.004    152.790      0.000

 MEMQ     BY
    SCECORR            0.679      0.059     11.596      0.000
    COLCORR            0.460      0.042     11.070      0.000
    EMOCORR            0.482      0.027     17.665      0.000

 MEMQ       ON
    PMN                0.130      0.025      5.274      0.000

 PAG      WITH
    MPFC              -0.277      0.005    -54.171      0.000

 Variances
    PMN                1.000      0.000    999.000    999.000

 Residual Variances
    PHIPP              0.700      0.005    132.479      0.000
    PREC               0.605      0.006    105.985      0.000
    PCC                0.445      0.004    112.894      0.000
    MPFC               0.664      0.006    119.346      0.000
    PHC                0.742      0.006    121.832      0.000
    RSC                0.700      0.006    120.107      0.000
    AAG                0.486      0.007     71.358      0.000
    PAG                0.570      0.006    101.441      0.000
    MEMQ               0.983      0.006    152.301      0.000

Between Level

 MEMQB    BY
    SCECORR            0.934      0.135      6.908      0.000
    COLCORR            0.787      0.157      5.016      0.000
    EMOCORR            0.925      0.170      5.439      0.000

 MEMQB    WITH
    PHIPP              0.319      0.191      1.665      0.096
    PREC               0.439      0.156      2.822      0.005
    PCC                0.309      0.205      1.507      0.132
    MPFC              -0.219      0.193     -1.133      0.257
    PHC                0.532      0.174      3.058      0.002
    RSC                0.586      0.150      3.904      0.000
    AAG                0.063      1.485      0.043      0.966
    PAG                0.373      0.212      1.762      0.078

 PHIPP    WITH
    PREC               0.200      0.158      1.263      0.207
    PCC                0.490      0.088      5.534      0.000
    MPFC               0.259      0.269      0.962      0.336
    PHC                0.322      0.247      1.305      0.192
    RSC                0.283      0.259      1.093      0.275
    AAG                0.337      0.131      2.566      0.010
    PAG                0.241      0.244      0.986      0.324

 PREC     WITH
    PCC                0.276      0.115      2.395      0.017
    MPFC               0.167      0.175      0.957      0.339
    PHC                0.413      0.135      3.060      0.002
    RSC                0.522      0.155      3.371      0.001
    AAG                0.147      0.155      0.947      0.344
    PAG               -0.082      0.174     -0.472      0.637

 PCC      WITH
    MPFC               0.274      0.142      1.937      0.053
    PHC                0.268      0.269      0.995      0.320
    RSC                0.407      0.182      2.238      0.025
    AAG                0.256      0.178      1.440      0.150
    PAG                0.085      0.187      0.455      0.649

 MPFC     WITH
    PHC               -0.357      0.190     -1.881      0.060
    RSC               -0.186      0.197     -0.945      0.345
    AAG                0.510      0.123      4.130      0.000
    PAG               -0.371      0.158     -2.345      0.019

 PHC      WITH
    RSC                0.577      0.095      6.058      0.000
    AAG               -0.310      0.148     -2.100      0.036
    PAG                0.417      0.159      2.623      0.009

 RSC      WITH
    AAG                0.292      0.214      1.364      0.173
    PAG                0.095      0.180      0.526      0.599

 AAG      WITH
    PAG               -0.166      0.131     -1.263      0.206

 Means
    PHIPP              0.949      0.221      4.299      0.000
    PREC               0.908      0.228      3.990      0.000
    PCC                0.844      0.220      3.839      0.000
    MPFC              -0.017      0.229     -0.073      0.942
    PHC                0.628      0.256      2.454      0.014
    RSC                1.240      0.255      4.870      0.000
    AAG                0.408      0.204      1.998      0.046
    PAG                0.590      0.296      1.996      0.046

 Thresholds
    SCECORR$1         -0.507      0.107     -4.716      0.000
    COLCORR$1         -0.629      0.081     -7.725      0.000
    EMOCORR$1         -0.729      0.093     -7.808      0.000

 Variances
    PHIPP              1.000      0.000    999.000    999.000
    PREC               1.000      0.000    999.000    999.000
    PCC                1.000      0.000    999.000    999.000
    MPFC               1.000      0.000    999.000    999.000
    PHC                1.000      0.000    999.000    999.000
    RSC                1.000      0.000    999.000    999.000
    AAG                1.000      0.000    999.000    999.000
    PAG                1.000      0.000    999.000    999.000
    MEMQB              1.000      0.000    999.000    999.000

 Residual Variances
    SCECORR            0.128      0.253      0.506      0.613
    COLCORR            0.380      0.247      1.540      0.124
    EMOCORR            0.145      0.315      0.460      0.646


R-SQUARE

Within Level

    Observed                                        Two-Tailed     Scale
    Variable        Estimate       S.E.  Est./S.E.    P-Value     Factors

    SCECORR            0.461      0.080      5.798      0.000      0.734
    COLCORR            0.211      0.038      5.535      0.000      0.888
    EMOCORR            0.232      0.026      8.833      0.000      0.876
    PHIPP              0.300      0.005     56.887      0.000      0.000
    PREC               0.395      0.006     69.105      0.000      0.000
    PCC                0.555      0.004    140.715      0.000      0.000
    MPFC               0.336      0.006     60.345      0.000      0.000
    PHC                0.258      0.006     42.294      0.000      0.000
    RSC                0.300      0.006     51.464      0.000      0.000
    AAG                0.514      0.007     75.599      0.000      0.000
    PAG                0.430      0.006     76.395      0.000      0.000

     Latent                                         Two-Tailed
    Variable        Estimate       S.E.  Est./S.E.    P-Value

    MEMQ               0.017      0.006      2.637      0.008

Between Level

    Observed                                        Two-Tailed
    Variable        Estimate       S.E.  Est./S.E.    P-Value

    SCECORR            0.872      0.253      3.454      0.001
    COLCORR            0.620      0.247      2.508      0.012
    EMOCORR            0.855      0.315      2.719      0.007


QUALITY OF NUMERICAL RESULTS

     Condition Number for the Information Matrix              0.867E-08
       (ratio of smallest to largest eigenvalue)


     Beginning Time:  12:08:52
        Ending Time:  12:09:17
       Elapsed Time:  00:00:25



MUTHEN & MUTHEN
3463 Stoner Ave.
Los Angeles, CA  90066

Tel: (310) 391-9971
Fax: (310) 391-8971
Web: www.StatModel.com
Support: Support@StatModel.com

Copyright (c) 1998-2018 Muthen & Muthen
