Mplus VERSION 8.2 (Linux)
MUTHEN & MUTHEN
11/04/2021   3:41 PM

INPUT INSTRUCTIONS

  TITLE: Null Model -- is multilevel modeling necessary?
  DATA: FILE is tidy_roi_data.dat;
  VARIABLE:
    NAMES are subject pHipp PREC PCC MPFC PHC RSC aAG pAG SceCorr ColCorr EmoCorr;
    USEVARIABLES are subject SceCorr ColCorr EmoCorr;
    CATEGORICAL = SceCorr ColCorr EmoCorr;
    CLUSTER = subject;
  ANALYSIS:
  TYPE = TWOLEVEL;
  ESTIMATOR = WLSMV;
  MODEL:
  %WITHIN%
  MemQ BY SceCorr (1)
  ColCorr (2)
  EmoCorr (3);
  %BETWEEN%
  MemQb BY SceCorr (1)
  ColCorr (2)
  EmoCorr (3);
  Output:
  stdyx TECH1;



INPUT READING TERMINATED NORMALLY



Null Model -- is multilevel modeling necessary?

SUMMARY OF ANALYSIS

Number of groups                                                 1
Number of observations                                        3888

Number of dependent variables                                    3
Number of independent variables                                  0
Number of continuous latent variables                            2

Observed dependent variables

  Binary and ordered categorical (ordinal)
   SCECORR     COLCORR     EMOCORR

Continuous latent variables
   MEMQ        MEMQB

Variables with special functions

  Cluster variable      SUBJECT

Estimator                                                    WLSMV
Optimization Specifications for the Quasi-Newton Algorithm for
Continuous Outcomes
  Maximum number of iterations                                1000
  Convergence criterion                                  0.100D-05
Optimization Specifications for the EM Algorithm
  Maximum number of iterations                                 500
  Convergence criteria
    Loglikelihood change                                 0.100D-02
    Relative loglikelihood change                        0.100D-05
    Derivative                                           0.100D-02
Optimization Specifications for the M step of the EM Algorithm for
Categorical Latent variables
  Number of M step iterations                                    1
  M step convergence criterion                           0.100D-02
  Basis for M step termination                           ITERATION
Optimization Specifications for the M step of the EM Algorithm for
Censored, Binary or Ordered Categorical (Ordinal), Unordered
Categorical (Nominal) and Count Outcomes
  Number of M step iterations                                    1
  M step convergence criterion                           0.100D-02
  Basis for M step termination                           ITERATION
  Maximum value for logit thresholds                            10
  Minimum value for logit thresholds                           -10
  Minimum expected cell size for chi-square              0.100D-01
Optimization algorithm                                          FS
Integration Specifications
  Type                                                    STANDARD
  Number of integration points                                   7
  Dimensions of numerical integration                            2
  Adaptive quadrature                                           ON
Link                                                        PROBIT
Cholesky                                                        ON

Input data file(s)
  tidy_roi_data.dat
Input data format  FREE


SUMMARY OF DATA

     Number of clusters                         28

     Average cluster size      138.857

     Estimated Intraclass Correlations for the Y Variables

                Intraclass              Intraclass              Intraclass
     Variable  Correlation   Variable  Correlation   Variable  Correlation

     SCECORR      0.208      COLCORR      0.145      EMOCORR      0.119



UNIVARIATE PROPORTIONS AND COUNTS FOR CATEGORICAL VARIABLES

    SCECORR
      Category 1    0.324         1261.000
      Category 2    0.676         2627.000
    COLCORR
      Category 1    0.278         1082.000
      Category 2    0.722         2806.000
    EMOCORR
      Category 1    0.243          943.000
      Category 2    0.757         2945.000



THE MODEL ESTIMATION TERMINATED NORMALLY



MODEL FIT INFORMATION

Number of Free Parameters                       10

Chi-Square Test of Model Fit

          Value                              0.112*
          Degrees of Freedom                     2
          P-Value                           0.9456

*   The chi-square value for MLM, MLMV, MLR, ULSMV, WLSM and WLSMV cannot be used
    for chi-square difference testing in the regular way.  MLM, MLR and WLSM
    chi-square difference testing is described on the Mplus website.  MLMV, WLSMV,
    and ULSMV difference testing is done using the DIFFTEST option.

RMSEA (Root Mean Square Error Of Approximation)

          Estimate                           0.000

CFI/TLI

          CFI                                1.000
          TLI                                1.015

Chi-Square Test of Model Fit for the Baseline Model

          Value                            378.445
          Degrees of Freedom                     6
          P-Value                           0.0000

SRMR (Standardized Root Mean Square Residual)

          Value for Within                   0.001
          Value for Between                  0.015



MODEL RESULTS

                                                    Two-Tailed
                    Estimate       S.E.  Est./S.E.    P-Value

Within Level

 MEMQ     BY
    SCECORR            1.000      0.000    999.000    999.000
    COLCORR            0.619      0.120      5.165      0.000
    EMOCORR            0.576      0.099      5.840      0.000

 Variances
    MEMQ               0.811      0.198      4.085      0.000

Between Level

 MEMQB    BY
    SCECORR            1.000      0.000    999.000    999.000
    COLCORR            0.619      0.120      5.165      0.000
    EMOCORR            0.576      0.099      5.840      0.000

 Thresholds
    SCECORR$1         -0.682      0.131     -5.206      0.000
    COLCORR$1         -0.721      0.098     -7.366      0.000
    EMOCORR$1         -0.821      0.110     -7.443      0.000

 Variances
    MEMQB              0.398      0.216      1.848      0.065

 Residual Variances
    SCECORR            0.077      0.169      0.454      0.650
    COLCORR            0.069      0.085      0.811      0.417
    EMOCORR            0.038      0.063      0.613      0.540


STANDARDIZED MODEL RESULTS


STDYX Standardization

                                                    Two-Tailed
                    Estimate       S.E.  Est./S.E.    P-Value

Within Level

 MEMQ     BY
    SCECORR            0.669      0.045     14.793      0.000
    COLCORR            0.487      0.035     13.827      0.000
    EMOCORR            0.461      0.031     14.656      0.000

 Variances
    MEMQ               1.000      0.000    999.000    999.000

Between Level

 MEMQB    BY
    SCECORR            0.916      0.173      5.278      0.000
    COLCORR            0.830      0.179      4.629      0.000
    EMOCORR            0.880      0.179      4.906      0.000

 Thresholds
    SCECORR$1         -0.507      0.107     -4.716      0.000
    COLCORR$1         -0.630      0.081     -7.726      0.000
    EMOCORR$1         -0.729      0.093     -7.808      0.000

 Variances
    MEMQB              1.000      0.000    999.000    999.000

 Residual Variances
    SCECORR            0.161      0.318      0.508      0.612
    COLCORR            0.312      0.297      1.048      0.294
    EMOCORR            0.225      0.316      0.712      0.476


R-SQUARE

Within Level

    Observed                                        Two-Tailed     Scale
    Variable        Estimate       S.E.  Est./S.E.    P-Value     Factors

    SCECORR            0.448      0.061      7.397      0.000      0.743
    COLCORR            0.237      0.034      6.914      0.000      0.873
    EMOCORR            0.212      0.029      7.328      0.000      0.888

Between Level

    Observed                                        Two-Tailed
    Variable        Estimate       S.E.  Est./S.E.    P-Value

    SCECORR            0.839      0.318      2.639      0.008
    COLCORR            0.688      0.297      2.314      0.021
    EMOCORR            0.775      0.316      2.453      0.014


QUALITY OF NUMERICAL RESULTS

     Condition Number for the Information Matrix              0.987E-02
       (ratio of smallest to largest eigenvalue)


TECHNICAL 1 OUTPUT


     PARAMETER SPECIFICATION FOR WITHIN


           TAU
              SCECORR$      COLCORR$      EMOCORR$
              ________      ________      ________
                    0             0             0


           NU
              SCECORR       COLCORR       EMOCORR
              ________      ________      ________
                    0             0             0


           LAMBDA
              MEMQ
              ________
 SCECORR            0
 COLCORR            1
 EMOCORR            2


           THETA
              SCECORR       COLCORR       EMOCORR
              ________      ________      ________
 SCECORR            0
 COLCORR            0             0
 EMOCORR            0             0             0


           ALPHA
              MEMQ
              ________
                    0


           BETA
              MEMQ
              ________
 MEMQ               0


           PSI
              MEMQ
              ________
 MEMQ               3


     PARAMETER SPECIFICATION FOR BETWEEN


           TAU
              SCECORR$      COLCORR$      EMOCORR$
              ________      ________      ________
                    8             9            10


           NU
              SCECORR       COLCORR       EMOCORR
              ________      ________      ________
                    0             0             0


           LAMBDA
              MEMQB
              ________
 SCECORR            0
 COLCORR            1
 EMOCORR            2


           THETA
              SCECORR       COLCORR       EMOCORR
              ________      ________      ________
 SCECORR            4
 COLCORR            0             5
 EMOCORR            0             0             6


           ALPHA
              MEMQB
              ________
                    0


           BETA
              MEMQB
              ________
 MEMQB              0


           PSI
              MEMQB
              ________
 MEMQB              7


     STARTING VALUES FOR WITHIN


           TAU
              SCECORR$      COLCORR$      EMOCORR$
              ________      ________      ________
                0.000         0.000         0.000


           NU
              SCECORR       COLCORR       EMOCORR
              ________      ________      ________
                0.000         0.000         0.000


           LAMBDA
              MEMQ
              ________
 SCECORR        1.000
 COLCORR        1.000
 EMOCORR        1.000


           THETA
              SCECORR       COLCORR       EMOCORR
              ________      ________      ________
 SCECORR        1.000
 COLCORR        0.000         1.000
 EMOCORR        0.000         0.000         1.000


           ALPHA
              MEMQ
              ________
                0.000


           BETA
              MEMQ
              ________
 MEMQ           0.000


           PSI
              MEMQ
              ________
 MEMQ           0.050


     STARTING VALUES FOR BETWEEN


           TAU
              SCECORR$      COLCORR$      EMOCORR$
              ________      ________      ________
               -0.408        -0.529        -0.633


           NU
              SCECORR       COLCORR       EMOCORR
              ________      ________      ________
                0.000         0.000         0.000


           LAMBDA
              MEMQB
              ________
 SCECORR        1.000
 COLCORR        1.000
 EMOCORR        1.000


           THETA
              SCECORR       COLCORR       EMOCORR
              ________      ________      ________
 SCECORR        1.000
 COLCORR        0.000         1.000
 EMOCORR        0.000         0.000         1.000


           ALPHA
              MEMQB
              ________
                0.000


           BETA
              MEMQB
              ________
 MEMQB          0.000


           PSI
              MEMQB
              ________
 MEMQB          0.050


     Beginning Time:  15:41:16
        Ending Time:  15:41:22
       Elapsed Time:  00:00:06



MUTHEN & MUTHEN
3463 Stoner Ave.
Los Angeles, CA  90066

Tel: (310) 391-9971
Fax: (310) 391-8971
Web: www.StatModel.com
Support: Support@StatModel.com

Copyright (c) 1998-2018 Muthen & Muthen
