Mplus VERSION 8.2 (Linux)
MUTHEN & MUTHEN
11/05/2021  12:26 PM

INPUT INSTRUCTIONS

  TITLE: Model 4: MPFC
  DATA: FILE is tidy_roi_data.dat;
  VARIABLE:
    NAMES are subject pHipp PREC PCC MPFC PHC RSC aAG pAG SceCorr ColCorr EmoCorr;
    USEVARIABLES are subject pHipp PREC PCC MPFC PHC RSC aAG pAG SceCorr ColCorr EmoCorr;
    CATEGORICAL = SceCorr ColCorr EmoCorr;
    CLUSTER = subject;
  ANALYSIS:
  TYPE = TWOLEVEL;
  ESTIMATOR = WLSMV;
  MODEL:
  %WITHIN%
  PMN BY pHipp-pAG;
  MemQ BY SceCorr (1)
  ColCorr (2)
  EmoCorr (3);
  MemQ ON PMN
  MPFC (uMPFC);
  %BETWEEN%
  MemQb BY SceCorr (1)
  ColCorr (2)
  EmoCorr (3);
  pHipp-pAG;
  pHipp WITH pHipp-pAG;
  PREC WITH pHipp-pAG;
  PCC WITH pHipp-pAG;
  MPFC WITH pHipp-pAG;
  PHC WITH pHipp-pAG;
  RSC WITH pHipp-pAG;
  aAG WITH pHipp-pAG;
  pAG WITH pHipp-pAG;
  MemQb WITH pHIPP-pAG;
  model test:
  uMPFC = 0;
  Output:
  stdyx;



INPUT READING TERMINATED NORMALLY



Model 4: MPFC

SUMMARY OF ANALYSIS

Number of groups                                                 1
Number of observations                                        3888

Number of dependent variables                                   11
Number of independent variables                                  0
Number of continuous latent variables                            3

Observed dependent variables

  Continuous
   PHIPP       PREC        PCC         MPFC        PHC         RSC
   AAG         PAG

  Binary and ordered categorical (ordinal)
   SCECORR     COLCORR     EMOCORR

Continuous latent variables
   PMN         MEMQ        MEMQB

Variables with special functions

  Cluster variable      SUBJECT

Estimator                                                    WLSMV
Optimization Specifications for the Quasi-Newton Algorithm for
Continuous Outcomes
  Maximum number of iterations                                1000
  Convergence criterion                                  0.100D-05
Optimization Specifications for the EM Algorithm
  Maximum number of iterations                                 500
  Convergence criteria
    Loglikelihood change                                 0.100D-02
    Relative loglikelihood change                        0.100D-05
    Derivative                                           0.100D-02
Optimization Specifications for the M step of the EM Algorithm for
Categorical Latent variables
  Number of M step iterations                                    1
  M step convergence criterion                           0.100D-02
  Basis for M step termination                           ITERATION
Optimization Specifications for the M step of the EM Algorithm for
Censored, Binary or Ordered Categorical (Ordinal), Unordered
Categorical (Nominal) and Count Outcomes
  Number of M step iterations                                    1
  M step convergence criterion                           0.100D-02
  Basis for M step termination                           ITERATION
  Maximum value for logit thresholds                            10
  Minimum value for logit thresholds                           -10
  Minimum expected cell size for chi-square              0.100D-01
Optimization algorithm                                      EMA/FS
Integration Specifications
  Type                                                    STANDARD
  Number of integration points                                   7
  Dimensions of numerical integration                            0
  Adaptive quadrature                                           ON
Link                                                        PROBIT
Cholesky                                                        ON

Input data file(s)
  tidy_roi_data.dat
Input data format  FREE


SUMMARY OF DATA

     Number of clusters                         28

     Average cluster size      138.857

     Estimated Intraclass Correlations for the Y Variables

                Intraclass              Intraclass              Intraclass
     Variable  Correlation   Variable  Correlation   Variable  Correlation

     SCECORR      0.205      COLCORR      0.135      EMOCORR      0.118
     PHIPP        0.022      PREC         0.123      PCC          0.142
     MPFC         0.036      PHC          0.155      RSC          0.138
     AAG          0.184      PAG          0.138



UNIVARIATE PROPORTIONS AND COUNTS FOR CATEGORICAL VARIABLES

    SCECORR
      Category 1    0.325         1262.000
      Category 2    0.675         2626.000
    COLCORR
      Category 1    0.276         1075.000
      Category 2    0.724         2813.000
    EMOCORR
      Category 1    0.242          942.000
      Category 2    0.758         2946.000



UNIVARIATE SAMPLE STATISTICS


     UNIVARIATE HIGHER-ORDER MOMENT DESCRIPTIVE STATISTICS

         Variable/         Mean/     Skewness/   Minimum/ % with                Percentiles
        Sample Size      Variance    Kurtosis    Maximum  Min/Max      20%/60%    40%/80%    Median

     PHIPP                 0.077       0.050      -0.614    0.03%      -0.048      0.041      0.078
            3888.000       0.024       1.110       1.182    0.03%       0.116      0.205
     PREC                  0.116       0.106      -0.923    0.03%      -0.061      0.060      0.111
            3888.000       0.046       0.461       0.971    0.03%       0.160      0.286
     PCC                   0.144       0.266      -0.614    0.03%      -0.037      0.080      0.134
            3888.000       0.048       0.298       1.044    0.03%       0.186      0.321
     MPFC                  0.135       0.079      -1.176    0.03%      -0.087      0.066      0.127
            3888.000       0.078       0.576       1.308    0.03%       0.193      0.361
     PHC                  -0.028      -0.225      -0.763    0.03%      -0.172     -0.065     -0.022
            3888.000       0.033       0.661       1.048    0.03%       0.023      0.121
     RSC                   0.049       0.067      -0.567    0.03%      -0.088      0.008      0.047
            3888.000       0.029       0.510       0.808    0.03%       0.088      0.186
     AAG                   0.188       0.072      -1.346    0.03%      -0.090      0.100      0.182
            3888.000       0.124       0.548       1.648    0.03%       0.264      0.465
     PAG                  -0.007      -0.151      -1.292    0.03%      -0.263     -0.075     -0.002
            3888.000       0.099       0.328       1.232    0.03%       0.075      0.256


THE MODEL ESTIMATION TERMINATED NORMALLY



MODEL FIT INFORMATION

Number of Free Parameters                       80

Chi-Square Test of Model Fit

          Value                           1559.540*
          Degrees of Freedom                    60
          P-Value                           0.0000

*   The chi-square value for MLM, MLMV, MLR, ULSMV, WLSM and WLSMV cannot be used
    for chi-square difference testing in the regular way.  MLM, MLR and WLSM
    chi-square difference testing is described on the Mplus website.  MLMV, WLSMV,
    and ULSMV difference testing is done using the DIFFTEST option.

Wald Test of Parameter Constraints

          Value                             16.181
          Degrees of Freedom                     1
          P-Value                           0.0001

RMSEA (Root Mean Square Error Of Approximation)

          Estimate                           0.080

CFI/TLI

          CFI                                0.919
          TLI                                0.851

Chi-Square Test of Model Fit for the Baseline Model

          Value                          18597.614
          Degrees of Freedom                   110
          P-Value                           0.0000

SRMR (Standardized Root Mean Square Residual)

          Value for Within                   0.052
          Value for Between                  0.043



MODEL RESULTS

                                                    Two-Tailed
                    Estimate       S.E.  Est./S.E.    P-Value

Within Level

 PMN      BY
    PHIPP              1.000      0.000    999.000    999.000
    PREC               1.946      0.034     57.756      0.000
    PCC                2.011      0.037     53.744      0.000
    MPFC               2.099      0.035     60.652      0.000
    PHC                1.114      0.021     54.081      0.000
    RSC                1.172      0.018     63.904      0.000
    AAG                3.356      0.069     48.545      0.000
    PAG                2.102      0.037     56.523      0.000

 MEMQ     BY
    SCECORR            1.000      0.000    999.000    999.000
    COLCORR            0.526      0.138      3.804      0.000
    EMOCORR            0.527      0.110      4.777      0.000

 MEMQ       ON
    PMN                4.688      0.905      5.180      0.000

 MEMQ       ON
    MPFC              -0.673      0.167     -4.023      0.000

 Variances
    PMN                0.004      0.000     26.535      0.000

 Residual Variances
    PHIPP              0.020      0.000     85.555      0.000
    PREC               0.025      0.000     64.371      0.000
    PCC                0.024      0.000    117.188      0.000
    MPFC               0.056      0.001     96.595      0.000
    PHC                0.023      0.000     85.114      0.000
    RSC                0.019      0.000    110.961      0.000
    AAG                0.054      0.001     95.844      0.000
    PAG                0.067      0.001    128.794      0.000
    MEMQ               0.918      0.312      2.946      0.003

Between Level

 MEMQB    BY
    SCECORR            1.000      0.000    999.000    999.000
    COLCORR            0.526      0.138      3.804      0.000
    EMOCORR            0.527      0.110      4.777      0.000

 MEMQB    WITH
    PHIPP              0.007      0.004      1.684      0.092
    PREC               0.030      0.014      2.181      0.029
    PCC                0.017      0.011      1.471      0.141
    MPFC              -0.004      0.007     -0.622      0.534
    PHC                0.018      0.009      2.106      0.035
    RSC                0.034      0.010      3.470      0.001
    AAG                0.011      0.018      0.615      0.539
    PAG                0.009      0.012      0.750      0.453

 PHIPP    WITH
    PREC               0.001      0.000      2.174      0.030
    PCC                0.001      0.000      1.617      0.106
    MPFC               0.000      0.000      0.202      0.840
    PHC                0.000      0.000      0.021      0.983
    RSC                0.001      0.000      1.216      0.224
    AAG                0.001      0.001      1.596      0.111
    PAG               -0.001      0.001     -0.818      0.413

 PREC     WITH
    PCC                0.002      0.001      1.208      0.227
    MPFC               0.001      0.001      0.733      0.463
    PHC                0.002      0.001      1.745      0.081
    RSC                0.002      0.001      2.525      0.012
    AAG               -0.001      0.001     -0.727      0.467
    PAG               -0.001      0.002     -0.401      0.688

 PCC      WITH
    MPFC               0.001      0.001      1.305      0.192
    PHC                0.000      0.001     -0.051      0.959
    RSC                0.002      0.001      2.198      0.028
    AAG                0.001      0.002      0.763      0.445
    PAG               -0.002      0.002     -0.789      0.430

 MPFC     WITH
    PHC               -0.001      0.001     -1.734      0.083
    RSC                0.000      0.001      0.046      0.964
    AAG                0.001      0.001      1.000      0.317
    PAG               -0.001      0.001     -0.913      0.361

 PHC      WITH
    RSC                0.000      0.001      0.029      0.977
    AAG               -0.006      0.003     -2.255      0.024
    PAG                0.001      0.001      1.231      0.218

 RSC      WITH
    AAG                0.003      0.002      1.457      0.145
    PAG               -0.001      0.001     -0.483      0.629

 AAG      WITH
    PAG                0.003      0.002      1.043      0.297

 Means
    PHIPP              0.077      0.005     14.881      0.000
    PREC               0.113      0.016      7.080      0.000
    PCC                0.143      0.023      6.252      0.000
    MPFC               0.134      0.012     11.118      0.000
    PHC               -0.029      0.019     -1.544      0.123
    RSC                0.048      0.014      3.522      0.000
    AAG                0.189      0.030      6.246      0.000
    PAG               -0.008      0.029     -0.288      0.773

 Thresholds
    SCECORR$1         -0.710      0.136     -5.203      0.000
    COLCORR$1         -0.714      0.095     -7.531      0.000
    EMOCORR$1         -0.834      0.097     -8.590      0.000

 Variances
    PHIPP              0.001      0.000      2.174      0.030
    PREC               0.006      0.002      3.212      0.001
    PCC                0.007      0.002      3.127      0.002
    MPFC               0.003      0.001      3.197      0.001
    PHC                0.005      0.001      4.177      0.000
    RSC                0.004      0.001      4.956      0.000
    AAG                0.023      0.008      2.836      0.005
    PAG                0.014      0.004      3.566      0.000
    MEMQB              0.472      0.279      1.693      0.090

 Residual Variances
    SCECORR            0.040      0.133      0.299      0.765
    COLCORR            0.067      0.068      0.989      0.323
    EMOCORR            0.040      0.056      0.710      0.478


STANDARDIZED MODEL RESULTS


STDYX Standardization

                                                    Two-Tailed
                    Estimate       S.E.  Est./S.E.    P-Value

Within Level

 PMN      BY
    PHIPP              0.422      0.007     57.355      0.000
    PREC               0.628      0.007     93.673      0.000
    PCC                0.647      0.004    145.558      0.000
    MPFC               0.499      0.006     84.332      0.000
    PHC                0.435      0.007     58.082      0.000
    RSC                0.485      0.006     82.193      0.000
    AAG                0.686      0.005    143.729      0.000
    PAG                0.467      0.006     83.425      0.000

 MEMQ     BY
    SCECORR            0.705      0.060     11.736      0.000
    COLCORR            0.463      0.044     10.604      0.000
    EMOCORR            0.464      0.031     14.853      0.000

 MEMQ       ON
    PMN                0.307      0.032      9.505      0.000

 MEMQ       ON
    MPFC              -0.185      0.034     -5.483      0.000

 Variances
    PMN                1.000      0.000    999.000    999.000

 Residual Variances
    PHIPP              0.822      0.006    132.022      0.000
    PREC               0.606      0.008     71.890      0.000
    PCC                0.581      0.006    101.049      0.000
    MPFC               0.751      0.006    127.282      0.000
    PHC                0.811      0.007    124.671      0.000
    RSC                0.765      0.006    133.854      0.000
    AAG                0.530      0.007     81.054      0.000
    PAG                0.782      0.005    149.562      0.000
    MEMQ               0.928      0.016     59.452      0.000

Between Level

 MEMQB    BY
    SCECORR            0.960      0.126      7.613      0.000
    COLCORR            0.812      0.155      5.229      0.000
    EMOCORR            0.875      0.160      5.459      0.000

 MEMQB    WITH
    PHIPP              0.460      0.193      2.380      0.017
    PREC               0.569      0.132      4.325      0.000
    PCC                0.297      0.166      1.784      0.074
    MPFC              -0.113      0.190     -0.599      0.549
    PHC                0.376      0.163      2.311      0.021
    RSC                0.784      0.171      4.598      0.000
    AAG                0.105      0.163      0.648      0.517
    PAG                0.109      0.136      0.802      0.423

 PHIPP    WITH
    PREC               0.542      0.170      3.196      0.001
    PCC                0.385      0.165      2.335      0.020
    MPFC               0.032      0.154      0.205      0.838
    PHC                0.005      0.229      0.021      0.983
    RSC                0.392      0.293      1.339      0.181
    AAG                0.394      0.195      2.024      0.043
    PAG               -0.247      0.295     -0.836      0.403

 PREC     WITH
    PCC                0.271      0.203      1.335      0.182
    MPFC               0.142      0.186      0.763      0.445
    PHC                0.412      0.194      2.124      0.034
    RSC                0.505      0.130      3.876      0.000
    AAG               -0.092      0.127     -0.726      0.468
    PAG               -0.092      0.226     -0.405      0.685

 PCC      WITH
    MPFC               0.232      0.152      1.522      0.128
    PHC               -0.009      0.170     -0.051      0.959
    RSC                0.433      0.149      2.909      0.004
    AAG                0.107      0.132      0.810      0.418
    PAG               -0.194      0.241     -0.805      0.421

 MPFC     WITH
    PHC               -0.318      0.163     -1.953      0.051
    RSC                0.010      0.230      0.046      0.964
    AAG                0.145      0.135      1.079      0.281
    PAG               -0.206      0.215     -0.957      0.339

 PHC      WITH
    RSC                0.005      0.166      0.029      0.977
    AAG               -0.548      0.143     -3.826      0.000
    PAG                0.135      0.096      1.414      0.157

 RSC      WITH
    AAG                0.272      0.164      1.659      0.097
    PAG               -0.081      0.167     -0.484      0.629

 AAG      WITH
    PAG                0.143      0.125      1.143      0.253

 Means
    PHIPP              3.358      0.781      4.300      0.000
    PREC               1.501      0.263      5.717      0.000
    PCC                1.735      0.277      6.252      0.000
    MPFC               2.544      0.420      6.060      0.000
    PHC               -0.409      0.243     -1.685      0.092
    RSC                0.758      0.196      3.873      0.000
    AAG                1.251      0.259      4.832      0.000
    PAG               -0.070      0.238     -0.295      0.768

 Thresholds
    SCECORR$1         -0.503      0.107     -4.708      0.000
    COLCORR$1         -0.633      0.077     -8.167      0.000
    EMOCORR$1         -0.738      0.091     -8.143      0.000

 Variances
    PHIPP              1.000      0.000    999.000    999.000
    PREC               1.000      0.000    999.000    999.000
    PCC                1.000      0.000    999.000    999.000
    MPFC               1.000      0.000    999.000    999.000
    PHC                1.000      0.000    999.000    999.000
    RSC                1.000      0.000    999.000    999.000
    AAG                1.000      0.000    999.000    999.000
    PAG                1.000      0.000    999.000    999.000
    MEMQB              1.000      0.000    999.000    999.000

 Residual Variances
    SCECORR            0.078      0.242      0.322      0.748
    COLCORR            0.340      0.252      1.348      0.178
    EMOCORR            0.234      0.281      0.834      0.404


R-SQUARE

Within Level

    Observed                                        Two-Tailed     Scale
    Variable        Estimate       S.E.  Est./S.E.    P-Value     Factors

    SCECORR            0.497      0.085      5.868      0.000      0.709
    COLCORR            0.215      0.041      5.302      0.000      0.886
    EMOCORR            0.215      0.029      7.427      0.000      0.886
    PHIPP              0.178      0.006     28.677      0.000      0.000
    PREC               0.394      0.008     46.837      0.000      0.000
    PCC                0.419      0.006     72.779      0.000      0.000
    MPFC               0.249      0.006     42.166      0.000      0.000
    PHC                0.189      0.007     29.041      0.000      0.000
    RSC                0.235      0.006     41.097      0.000      0.000
    AAG                0.470      0.007     71.865      0.000      0.000
    PAG                0.218      0.005     41.712      0.000      0.000

     Latent                                         Two-Tailed
    Variable        Estimate       S.E.  Est./S.E.    P-Value

    MEMQ               0.072      0.016      4.597      0.000

Between Level

    Observed                                        Two-Tailed
    Variable        Estimate       S.E.  Est./S.E.    P-Value

    SCECORR            0.922      0.242      3.807      0.000
    COLCORR            0.660      0.252      2.615      0.009
    EMOCORR            0.766      0.281      2.730      0.006


QUALITY OF NUMERICAL RESULTS

     Condition Number for the Information Matrix              0.233E-08
       (ratio of smallest to largest eigenvalue)


     Beginning Time:  12:26:37
        Ending Time:  12:27:07
       Elapsed Time:  00:00:30



MUTHEN & MUTHEN
3463 Stoner Ave.
Los Angeles, CA  90066

Tel: (310) 391-9971
Fax: (310) 391-8971
Web: www.StatModel.com
Support: Support@StatModel.com

Copyright (c) 1998-2018 Muthen & Muthen
