Mplus VERSION 8.2 (Linux)
MUTHEN & MUTHEN
11/04/2021   3:41 PM

INPUT INSTRUCTIONS

  TITLE: Within Measurement Model -- Bifactor Model
  DATA: FILE is tidy_roi_data.dat;
  VARIABLE:
    NAMES are subject pHipp PREC PCC MPFC PHC RSC aAG pAG SceCorr ColCorr EmoCorr;
    USEVARIABLES are subject pHipp PREC PCC MPFC PHC RSC aAG pAG;
    CLUSTER = subject;
  ANALYSIS:
  TYPE = TWOLEVEL;
  ESTIMATOR = MLR;
  MODEL:
  %WITHIN%
  vPMN BY RSC PHC pAG;
  dPMN BY MPFC pHIPP PREC PCC aAG;
  %BETWEEN%
  pHipp-pAG;
  pHipp WITH pHipp-pAG;
  PREC WITH pHipp-pAG;
  PCC WITH pHipp-pAG;
  MPFC WITH pHipp-pAG;
  PHC WITH pHipp-pAG;
  RSC WITH pHipp-pAG;
  aAG WITH pHipp-pAG;
  pAG WITH pHipp-pAG;
  Output:
  stdyx modindices;



INPUT READING TERMINATED NORMALLY



Within Measurement Model -- Bifactor Model

SUMMARY OF ANALYSIS

Number of groups                                                 1
Number of observations                                        3888

Number of dependent variables                                    8
Number of independent variables                                  0
Number of continuous latent variables                            2

Observed dependent variables

  Continuous
   PHIPP       PREC        PCC         MPFC        PHC         RSC
   AAG         PAG

Continuous latent variables
   VPMN        DPMN

Variables with special functions

  Cluster variable      SUBJECT

Estimator                                                      MLR
Information matrix                                        OBSERVED
Maximum number of iterations                                   100
Convergence criterion                                    0.100D-05
Maximum number of EM iterations                                500
Convergence criteria for the EM algorithm
  Loglikelihood change                                   0.100D-02
  Relative loglikelihood change                          0.100D-05
  Derivative                                             0.100D-03
Minimum variance                                         0.100D-03
Maximum number of steepest descent iterations                   20
Maximum number of iterations for H1                           2000
Convergence criterion for H1                             0.100D-03
Optimization algorithm                                         EMA

Input data file(s)
  tidy_roi_data.dat
Input data format  FREE


SUMMARY OF DATA

     Number of clusters                         28

     Average cluster size      138.857

     Estimated Intraclass Correlations for the Y Variables

                Intraclass              Intraclass              Intraclass
     Variable  Correlation   Variable  Correlation   Variable  Correlation

     PHIPP        0.037      PREC         0.085      PCC          0.193
     MPFC         0.087      PHC          0.124      RSC          0.156
     AAG          0.255      PAG          0.077




UNIVARIATE SAMPLE STATISTICS


     UNIVARIATE HIGHER-ORDER MOMENT DESCRIPTIVE STATISTICS

         Variable/         Mean/     Skewness/   Minimum/ % with                Percentiles
        Sample Size      Variance    Kurtosis    Maximum  Min/Max      20%/60%    40%/80%    Median

     PHIPP                 0.034      -0.052      -0.752    0.03%      -0.115     -0.013      0.034
            3888.000       0.034       0.550       0.999    0.03%       0.079      0.187
     PREC                  0.068       0.006      -1.073    0.03%      -0.135      0.007      0.064
            3888.000       0.063       0.618       1.134    0.03%       0.122      0.272
     PCC                   0.119       0.128      -1.587    0.03%      -0.129      0.043      0.118
            3888.000       0.097       0.813       1.478    0.03%       0.188      0.363
     MPFC                  0.000      -0.087      -1.699    0.03%      -0.271     -0.077      0.002
            3888.000       0.114       1.100       1.929    0.03%       0.089      0.271
     PHC                   0.046      -0.133      -1.171    0.03%      -0.115      0.003      0.050
            3888.000       0.041       0.688       0.877    0.03%       0.096      0.209
     RSC                   0.113      -0.027      -0.943    0.03%      -0.078      0.058      0.114
            3888.000       0.052       0.288       0.978    0.03%       0.170      0.299
     AAG                   0.082       0.180      -1.675    0.03%      -0.239     -0.018      0.077
            3888.000       0.162       0.890       1.986    0.03%       0.173      0.394
     PAG                   0.060      -0.170      -2.105    0.03%      -0.223     -0.016      0.067
            3888.000       0.129       1.102       1.732    0.03%       0.147      0.347

     THE STANDARD ERRORS OF THE MODEL PARAMETER ESTIMATES MAY NOT BE
     TRUSTWORTHY FOR SOME PARAMETERS DUE TO A NON-POSITIVE DEFINITE
     FIRST-ORDER DERIVATIVE PRODUCT MATRIX.  THIS MAY BE DUE TO THE STARTING
     VALUES BUT MAY ALSO BE AN INDICATION OF MODEL NONIDENTIFICATION.  THE
     CONDITION NUMBER IS      -0.190D-16.  PROBLEM INVOLVING THE FOLLOWING PARAMETER:
     Parameter 29, %BETWEEN%: PCC WITH PHIPP

     THE NONIDENTIFICATION IS MOST LIKELY DUE TO HAVING MORE PARAMETERS THAN THE
     NUMBER OF CLUSTERS. REDUCE THE NUMBER OF PARAMETERS.


THE MODEL ESTIMATION TERMINATED NORMALLY



MODEL FIT INFORMATION

Number of Free Parameters                       61

Loglikelihood

          H0 Value                        2252.025
          H0 Scaling Correction Factor      2.7654
            for MLR
          H1 Value                        2439.857
          H1 Scaling Correction Factor      2.8470
            for MLR

Information Criteria

          Akaike (AIC)                   -4382.050
          Bayesian (BIC)                 -3999.845
          Sample-Size Adjusted BIC       -4193.675
            (n* = (n + 2) / 24)

Chi-Square Test of Model Fit

          Value                            120.841*
          Degrees of Freedom                    19
          P-Value                           0.0000
          Scaling Correction Factor         3.1087
            for MLR

*   The chi-square value for MLM, MLMV, MLR, ULSMV, WLSM and WLSMV cannot be used
    for chi-square difference testing in the regular way.  MLM, MLR and WLSM
    chi-square difference testing is described on the Mplus website.  MLMV, WLSMV,
    and ULSMV difference testing is done using the DIFFTEST option.

RMSEA (Root Mean Square Error Of Approximation)

          Estimate                           0.037

CFI/TLI

          CFI                                0.972
          TLI                                0.917

Chi-Square Test of Model Fit for the Baseline Model

          Value                           3678.142
          Degrees of Freedom                    56
          P-Value                           0.0000

SRMR (Standardized Root Mean Square Residual)

          Value for Within                   0.035
          Value for Between                  0.003



MODEL RESULTS

                                                    Two-Tailed
                    Estimate       S.E.  Est./S.E.    P-Value

Within Level

 VPMN     BY
    RSC                1.000      0.000    999.000    999.000
    PHC                0.884      0.059     14.939      0.000
    PAG                1.842      0.142     12.983      0.000

 DPMN     BY
    MPFC               1.000      0.000    999.000    999.000
    PHIPP              0.523      0.044     11.809      0.000
    PREC               0.827      0.086      9.670      0.000
    PCC                1.135      0.088     12.893      0.000
    AAG                1.367      0.090     15.129      0.000

 DPMN     WITH
    VPMN               0.019      0.002      7.892      0.000

 Variances
    VPMN               0.018      0.002      7.207      0.000
    DPMN               0.035      0.005      7.201      0.000

 Residual Variances
    PHIPP              0.023      0.001     24.553      0.000
    PREC               0.033      0.002     13.585      0.000
    PCC                0.032      0.002     14.221      0.000
    MPFC               0.069      0.007      9.600      0.000
    PHC                0.022      0.001     18.057      0.000
    RSC                0.026      0.002     13.263      0.000
    AAG                0.055      0.004     12.985      0.000
    PAG                0.060      0.006     10.733      0.000

Between Level

 PHIPP    WITH
    PREC               0.001      0.001      0.905      0.366
    PCC                0.002      0.002      1.149      0.251
    MPFC               0.001      0.001      1.470      0.142
    PHC                0.001      0.000      1.700      0.089
    RSC                0.001      0.001      1.400      0.162
    AAG                0.002      0.002      1.571      0.116
    PAG                0.001      0.001      1.274      0.203

 PREC     WITH
    PCC                0.003      0.002      1.391      0.164
    MPFC               0.001      0.002      0.735      0.462
    PHC                0.002      0.001      2.127      0.033
    RSC                0.003      0.001      3.376      0.001
    AAG                0.002      0.004      0.628      0.530
    PAG               -0.001      0.002     -0.366      0.715

 PCC      WITH
    MPFC               0.004      0.003      1.190      0.234
    PHC                0.003      0.002      1.513      0.130
    RSC                0.005      0.002      2.056      0.040
    AAG                0.007      0.006      1.225      0.220
    PAG                0.001      0.002      0.557      0.578

 MPFC     WITH
    PHC               -0.003      0.001     -2.030      0.042
    RSC               -0.002      0.002     -0.979      0.327
    AAG                0.010      0.005      2.003      0.045
    PAG               -0.004      0.002     -2.049      0.040

 PHC      WITH
    RSC                0.004      0.001      3.324      0.001
    AAG               -0.005      0.004     -1.139      0.255
    PAG                0.003      0.002      1.627      0.104

 RSC      WITH
    AAG                0.005      0.002      2.258      0.024
    PAG                0.001      0.002      0.478      0.633

 AAG      WITH
    PAG               -0.003      0.006     -0.577      0.564

 Means
    PHIPP              0.033      0.007      4.612      0.000
    PREC               0.066      0.014      4.633      0.000
    PCC                0.115      0.026      4.400      0.000
    MPFC              -0.001      0.020     -0.071      0.943
    PHC                0.045      0.014      3.240      0.001
    RSC                0.111      0.017      6.441      0.000
    AAG                0.083      0.039      2.136      0.033
    PAG                0.059      0.020      3.001      0.003

 Variances
    PHIPP              0.001      0.000      2.498      0.012
    PREC               0.005      0.001      3.816      0.000
    PCC                0.019      0.009      2.197      0.028
    MPFC               0.010      0.002      4.153      0.000
    PHC                0.005      0.001      3.896      0.000
    RSC                0.008      0.002      3.894      0.000
    AAG                0.041      0.015      2.727      0.006
    PAG                0.010      0.003      3.441      0.001


STANDARDIZED MODEL RESULTS


STDYX Standardization

                                                    Two-Tailed
                    Estimate       S.E.  Est./S.E.    P-Value

Within Level

 VPMN     BY
    RSC                0.635      0.031     20.163      0.000
    PHC                0.620      0.024     25.524      0.000
    PAG                0.707      0.024     29.824      0.000

 DPMN     BY
    MPFC               0.583      0.034     17.165      0.000
    PHIPP              0.546      0.029     18.608      0.000
    PREC               0.649      0.031     20.852      0.000
    PCC                0.764      0.020     38.016      0.000
    AAG                0.739      0.018     41.773      0.000

 DPMN     WITH
    VPMN               0.771      0.035     21.855      0.000

 Variances
    VPMN               1.000      0.000    999.000    999.000
    DPMN               1.000      0.000    999.000    999.000

 Residual Variances
    PHIPP              0.702      0.032     21.903      0.000
    PREC               0.579      0.040     14.347      0.000
    PCC                0.416      0.031     13.538      0.000
    MPFC               0.660      0.040     16.676      0.000
    PHC                0.616      0.030     20.480      0.000
    RSC                0.597      0.040     14.951      0.000
    AAG                0.454      0.026     17.342      0.000
    PAG                0.500      0.034     14.915      0.000

Between Level

 PHIPP    WITH
    PREC               0.198      0.209      0.947      0.344
    PCC                0.488      0.260      1.874      0.061
    MPFC               0.267      0.145      1.844      0.065
    PHC                0.330      0.147      2.253      0.024
    RSC                0.287      0.161      1.780      0.075
    AAG                0.332      0.185      1.793      0.073
    PAG                0.246      0.158      1.561      0.119

 PREC     WITH
    PCC                0.278      0.181      1.531      0.126
    MPFC               0.163      0.207      0.788      0.431
    PHC                0.413      0.185      2.231      0.026
    RSC                0.524      0.103      5.114      0.000
    AAG                0.149      0.233      0.639      0.523
    PAG               -0.079      0.214     -0.370      0.711

 PCC      WITH
    MPFC               0.275      0.188      1.462      0.144
    PHC                0.265      0.124      2.134      0.033
    RSC                0.406      0.124      3.277      0.001
    AAG                0.257      0.185      1.386      0.166
    PAG                0.084      0.149      0.564      0.573

 MPFC     WITH
    PHC               -0.362      0.156     -2.320      0.020
    RSC               -0.188      0.186     -1.010      0.312
    AAG                0.513      0.158      3.245      0.001
    PAG               -0.383      0.154     -2.494      0.013

 PHC      WITH
    RSC                0.577      0.141      4.090      0.000
    AAG               -0.311      0.211     -1.471      0.141
    PAG                0.417      0.187      2.232      0.026

 RSC      WITH
    AAG                0.293      0.112      2.629      0.009
    PAG                0.093      0.193      0.481      0.630

 AAG      WITH
    PAG               -0.165      0.269     -0.613      0.540

 Means
    PHIPP              0.950      0.244      3.898      0.000
    PREC               0.909      0.214      4.250      0.000
    PCC                0.845      0.237      3.563      0.000
    MPFC              -0.014      0.195     -0.071      0.943
    PHC                0.629      0.233      2.702      0.007
    RSC                1.243      0.234      5.314      0.000
    AAG                0.408      0.173      2.357      0.018
    PAG                0.592      0.251      2.356      0.018

 Variances
    PHIPP              1.000      0.000    999.000    999.000
    PREC               1.000      0.000    999.000    999.000
    PCC                1.000      0.000    999.000    999.000
    MPFC               1.000      0.000    999.000    999.000
    PHC                1.000      0.000    999.000    999.000
    RSC                1.000      0.000    999.000    999.000
    AAG                1.000      0.000    999.000    999.000
    PAG                1.000      0.000    999.000    999.000


R-SQUARE

Within Level

    Observed                                        Two-Tailed
    Variable        Estimate       S.E.  Est./S.E.    P-Value

    PHIPP              0.298      0.032      9.304      0.000
    PREC               0.421      0.040     10.426      0.000
    PCC                0.584      0.031     19.008      0.000
    MPFC               0.340      0.040      8.583      0.000
    PHC                0.384      0.030     12.762      0.000
    RSC                0.403      0.040     10.082      0.000
    AAG                0.546      0.026     20.887      0.000
    PAG                0.500      0.034     14.912      0.000

Between Level


QUALITY OF NUMERICAL RESULTS

     Condition Number for the Information Matrix             -0.190E-16
       (ratio of smallest to largest eigenvalue)


MODEL MODIFICATION INDICES

NOTE:  Modification indices for direct effects of observed dependent variables
regressed on covariates may not be included.  To include these, request
MODINDICES (ALL).

Minimum M.I. value for printing the modification index    10.000

                                   M.I.     E.P.C.  Std E.P.C.  StdYX E.P.C.

Within Level

BY Statements

VPMN     BY PREC                  10.720     0.358      0.047        0.197
VPMN     BY MPFC                  37.465    -0.920     -0.122       -0.377

WITH Statements

MPFC     WITH PHIPP               17.499     0.005      0.005        0.134
MPFC     WITH PREC                17.080    -0.007     -0.007       -0.139
MPFC     WITH PCC                 18.064     0.008      0.008        0.164
PAG      WITH MPFC                33.467    -0.013     -0.013       -0.201

Between Level


TECHNICAL 1 OUTPUT


     PARAMETER SPECIFICATION FOR WITHIN


           NU
              PHIPP         PREC          PCC           MPFC          PHC
              ________      ________      ________      ________      ________
                    0             0             0             0             0


           NU
              RSC           AAG           PAG
              ________      ________      ________
                    0             0             0


           LAMBDA
              VPMN          DPMN
              ________      ________
 PHIPP              0             1
 PREC               0             2
 PCC                0             3
 MPFC               0             0
 PHC                4             0
 RSC                0             0
 AAG                0             5
 PAG                6             0


           THETA
              PHIPP         PREC          PCC           MPFC          PHC
              ________      ________      ________      ________      ________
 PHIPP              7
 PREC               0             8
 PCC                0             0             9
 MPFC               0             0             0            10
 PHC                0             0             0             0            11
 RSC                0             0             0             0             0
 AAG                0             0             0             0             0
 PAG                0             0             0             0             0


           THETA
              RSC           AAG           PAG
              ________      ________      ________
 RSC               12
 AAG                0            13
 PAG                0             0            14


           ALPHA
              VPMN          DPMN
              ________      ________
                    0             0


           BETA
              VPMN          DPMN
              ________      ________
 VPMN               0             0
 DPMN               0             0


           PSI
              VPMN          DPMN
              ________      ________
 VPMN              15
 DPMN              16            17


     PARAMETER SPECIFICATION FOR BETWEEN


           NU
              PHIPP         PREC          PCC           MPFC          PHC
              ________      ________      ________      ________      ________
                   18            19            20            21            22


           NU
              RSC           AAG           PAG
              ________      ________      ________
                   23            24            25


           THETA
              PHIPP         PREC          PCC           MPFC          PHC
              ________      ________      ________      ________      ________
 PHIPP             26
 PREC              27            28
 PCC               29            30            31
 MPFC              32            33            34            35
 PHC               36            37            38            39            40
 RSC               41            42            43            44            45
 AAG               47            48            49            50            51
 PAG               54            55            56            57            58


           THETA
              RSC           AAG           PAG
              ________      ________      ________
 RSC               46
 AAG               52            53
 PAG               59            60            61


     STARTING VALUES FOR WITHIN


           NU
              PHIPP         PREC          PCC           MPFC          PHC
              ________      ________      ________      ________      ________
                0.000         0.000         0.000         0.000         0.000


           NU
              RSC           AAG           PAG
              ________      ________      ________
                0.000         0.000         0.000


           LAMBDA
              VPMN          DPMN
              ________      ________
 PHIPP          0.000         1.000
 PREC           0.000         1.000
 PCC            0.000         1.000
 MPFC           0.000         1.000
 PHC            1.000         0.000
 RSC            1.000         0.000
 AAG            0.000         1.000
 PAG            1.000         0.000


           THETA
              PHIPP         PREC          PCC           MPFC          PHC
              ________      ________      ________      ________      ________
 PHIPP          0.017
 PREC           0.000         0.031
 PCC            0.000         0.000         0.048
 MPFC           0.000         0.000         0.000         0.057
 PHC            0.000         0.000         0.000         0.000         0.020
 RSC            0.000         0.000         0.000         0.000         0.000
 AAG            0.000         0.000         0.000         0.000         0.000
 PAG            0.000         0.000         0.000         0.000         0.000


           THETA
              RSC           AAG           PAG
              ________      ________      ________
 RSC            0.026
 AAG            0.000         0.081
 PAG            0.000         0.000         0.064


           ALPHA
              VPMN          DPMN
              ________      ________
                0.000         0.000


           BETA
              VPMN          DPMN
              ________      ________
 VPMN           0.000         0.000
 DPMN           0.000         0.000


           PSI
              VPMN          DPMN
              ________      ________
 VPMN           0.050
 DPMN           0.000         0.050


     STARTING VALUES FOR BETWEEN


           NU
              PHIPP         PREC          PCC           MPFC          PHC
              ________      ________      ________      ________      ________
                0.034         0.068         0.119         0.000         0.046


           NU
              RSC           AAG           PAG
              ________      ________      ________
                0.113         0.082         0.060


           THETA
              PHIPP         PREC          PCC           MPFC          PHC
              ________      ________      ________      ________      ________
 PHIPP          0.017
 PREC           0.000         0.031
 PCC            0.000         0.000         0.048
 MPFC           0.000         0.000         0.000         0.057
 PHC            0.000         0.000         0.000         0.000         0.020
 RSC            0.000         0.000         0.000         0.000         0.000
 AAG            0.000         0.000         0.000         0.000         0.000
 PAG            0.000         0.000         0.000         0.000         0.000


           THETA
              RSC           AAG           PAG
              ________      ________      ________
 RSC            0.026
 AAG            0.000         0.081
 PAG            0.000         0.000         0.064


     Beginning Time:  15:41:30
        Ending Time:  15:41:30
       Elapsed Time:  00:00:00



MUTHEN & MUTHEN
3463 Stoner Ave.
Los Angeles, CA  90066

Tel: (310) 391-9971
Fax: (310) 391-8971
Web: www.StatModel.com
Support: Support@StatModel.com

Copyright (c) 1998-2018 Muthen & Muthen
