Mplus VERSION 8.2 (Linux)
MUTHEN & MUTHEN
11/04/2021   3:41 PM

INPUT INSTRUCTIONS

  TITLE: Within Measurement Model -- One Latent Factor
  DATA: FILE is tidy_roi_data.dat;
  VARIABLE:
    NAMES are subject pHipp PREC PCC MPFC PHC RSC aAG pAG SceCorr ColCorr EmoCorr;
    USEVARIABLES are subject pHipp PREC PCC PHC RSC aAG pAG;
    CLUSTER = subject;
  ANALYSIS:
  TYPE = TWOLEVEL;
  ESTIMATOR = MLR;
  MODEL:
  %WITHIN%
  PMN BY pHipp-pAG;
  %BETWEEN%
  pHipp-pAG;
  pHIPP WITH PREC-pAG;
  PREC WITH PCC-pAG;
  PCC WITH PHC-pAG;
  PHC WITH RSC-pAG;
  RSC WITH aAG pAG;
  aAG WITH pAG;
  Output:
  stdyx sampstat modindices;



INPUT READING TERMINATED NORMALLY



Within Measurement Model -- One Latent Factor

SUMMARY OF ANALYSIS

Number of groups                                                 1
Number of observations                                        3888

Number of dependent variables                                    7
Number of independent variables                                  0
Number of continuous latent variables                            1

Observed dependent variables

  Continuous
   PHIPP       PREC        PCC         PHC         RSC         AAG
   PAG

Continuous latent variables
   PMN

Variables with special functions

  Cluster variable      SUBJECT

Estimator                                                      MLR
Information matrix                                        OBSERVED
Maximum number of iterations                                   100
Convergence criterion                                    0.100D-05
Maximum number of EM iterations                                500
Convergence criteria for the EM algorithm
  Loglikelihood change                                   0.100D-02
  Relative loglikelihood change                          0.100D-05
  Derivative                                             0.100D-03
Minimum variance                                         0.100D-03
Maximum number of steepest descent iterations                   20
Maximum number of iterations for H1                           2000
Convergence criterion for H1                             0.100D-03
Optimization algorithm                                         EMA

Input data file(s)
  tidy_roi_data.dat
Input data format  FREE


SUMMARY OF DATA

     Number of clusters                         28

     Average cluster size      138.857

     Estimated Intraclass Correlations for the Y Variables

                Intraclass              Intraclass              Intraclass
     Variable  Correlation   Variable  Correlation   Variable  Correlation

     PHIPP        0.037      PREC         0.085      PCC          0.193
     PHC          0.124      RSC          0.156      AAG          0.255
     PAG          0.077



SAMPLE STATISTICS

NOTE:  The sample statistics for within and between refer to the
       maximum-likelihood estimated within and between covariance
       matrices, respectively.


     ESTIMATED SAMPLE STATISTICS FOR WITHIN


           Means
              PHIPP         PREC          PCC           PHC           RSC
              ________      ________      ________      ________      ________
                0.000         0.000         0.000         0.000         0.000


           Means
              AAG           PAG
              ________      ________
                0.000         0.000


           Covariances
              PHIPP         PREC          PCC           PHC           RSC
              ________      ________      ________      ________      ________
 PHIPP          0.032
 PREC           0.014         0.058
 PCC            0.020         0.034         0.078
 PHC            0.011         0.014         0.017         0.036
 RSC            0.011         0.018         0.021         0.016         0.044
 AAG            0.024         0.041         0.054         0.022         0.027
 PAG            0.021         0.033         0.042         0.029         0.031


           Covariances
              AAG           PAG
              ________      ________
 AAG            0.121
 PAG            0.052         0.119


           Correlations
              PHIPP         PREC          PCC           PHC           RSC
              ________      ________      ________      ________      ________
 PHIPP          1.000
 PREC           0.330         1.000
 PCC            0.394         0.504         1.000
 PHC            0.315         0.318         0.315         1.000
 RSC            0.281         0.356         0.362         0.418         1.000
 AAG            0.380         0.485         0.555         0.336         0.376
 PAG            0.331         0.404         0.433         0.445         0.425


           Correlations
              AAG           PAG
              ________      ________
 AAG            1.000
 PAG            0.433         1.000


     ESTIMATED SAMPLE STATISTICS FOR BETWEEN


           Means
              PHIPP         PREC          PCC           PHC           RSC
              ________      ________      ________      ________      ________
                0.033         0.066         0.115         0.045         0.111


           Means
              AAG           PAG
              ________      ________
                0.083         0.059


           Covariances
              PHIPP         PREC          PCC           PHC           RSC
              ________      ________      ________      ________      ________
 PHIPP          0.001
 PREC           0.001         0.005
 PCC            0.002         0.003         0.019
 PHC            0.001         0.002         0.003         0.005
 RSC            0.001         0.003         0.005         0.004         0.008
 AAG            0.002         0.002         0.007        -0.005         0.005
 PAG            0.001        -0.001         0.001         0.003         0.001


           Covariances
              AAG           PAG
              ________      ________
 AAG            0.041
 PAG           -0.003         0.010


           Correlations
              PHIPP         PREC          PCC           PHC           RSC
              ________      ________      ________      ________      ________
 PHIPP          1.000
 PREC           0.201         1.000
 PCC            0.490         0.277         1.000
 PHC            0.324         0.413         0.268         1.000
 RSC            0.286         0.523         0.407         0.577         1.000
 AAG            0.334         0.148         0.257        -0.311         0.292
 PAG            0.242        -0.082         0.086         0.417         0.096


           Correlations
              AAG           PAG
              ________      ________
 AAG            1.000
 PAG           -0.167         1.000


UNIVARIATE SAMPLE STATISTICS


     UNIVARIATE HIGHER-ORDER MOMENT DESCRIPTIVE STATISTICS

         Variable/         Mean/     Skewness/   Minimum/ % with                Percentiles
        Sample Size      Variance    Kurtosis    Maximum  Min/Max      20%/60%    40%/80%    Median

     PHIPP                 0.034      -0.052      -0.752    0.03%      -0.115     -0.013      0.034
            3888.000       0.034       0.550       0.999    0.03%       0.079      0.187
     PREC                  0.068       0.006      -1.073    0.03%      -0.135      0.007      0.064
            3888.000       0.063       0.618       1.134    0.03%       0.122      0.272
     PCC                   0.119       0.128      -1.587    0.03%      -0.129      0.043      0.118
            3888.000       0.097       0.813       1.478    0.03%       0.188      0.363
     PHC                   0.046      -0.133      -1.171    0.03%      -0.115      0.003      0.050
            3888.000       0.041       0.688       0.877    0.03%       0.096      0.209
     RSC                   0.113      -0.027      -0.943    0.03%      -0.078      0.058      0.114
            3888.000       0.052       0.288       0.978    0.03%       0.170      0.299
     AAG                   0.082       0.180      -1.675    0.03%      -0.239     -0.018      0.077
            3888.000       0.162       0.890       1.986    0.03%       0.173      0.394
     PAG                   0.060      -0.170      -2.105    0.03%      -0.223     -0.016      0.067
            3888.000       0.129       1.102       1.732    0.03%       0.147      0.347

     THE STANDARD ERRORS OF THE MODEL PARAMETER ESTIMATES MAY NOT BE
     TRUSTWORTHY FOR SOME PARAMETERS DUE TO A NON-POSITIVE DEFINITE
     FIRST-ORDER DERIVATIVE PRODUCT MATRIX.  THIS MAY BE DUE TO THE STARTING
     VALUES BUT MAY ALSO BE AN INDICATION OF MODEL NONIDENTIFICATION.  THE
     CONDITION NUMBER IS      -0.670D-16.  PROBLEM INVOLVING THE FOLLOWING PARAMETER:
     Parameter 29, %BETWEEN%: PHC WITH PREC

     THE NONIDENTIFICATION IS MOST LIKELY DUE TO HAVING MORE PARAMETERS THAN THE
     NUMBER OF CLUSTERS. REDUCE THE NUMBER OF PARAMETERS.


THE MODEL ESTIMATION TERMINATED NORMALLY



MODEL FIT INFORMATION

Number of Free Parameters                       49

Loglikelihood

          H0 Value                        2629.981
          H0 Scaling Correction Factor      2.7292
            for MLR
          H1 Value                        2825.860
          H1 Scaling Correction Factor      2.7559
            for MLR

Information Criteria

          Akaike (AIC)                   -5161.963
          Bayesian (BIC)                 -4854.946
          Sample-Size Adjusted BIC       -5010.645
            (n* = (n + 2) / 24)

Chi-Square Test of Model Fit

          Value                            137.491*
          Degrees of Freedom                    14
          P-Value                           0.0000
          Scaling Correction Factor         2.8493
            for MLR

*   The chi-square value for MLM, MLMV, MLR, ULSMV, WLSM and WLSMV cannot be used
    for chi-square difference testing in the regular way.  MLM, MLR and WLSM
    chi-square difference testing is described on the Mplus website.  MLMV, WLSMV,
    and ULSMV difference testing is done using the DIFFTEST option.

RMSEA (Root Mean Square Error Of Approximation)

          Estimate                           0.048

CFI/TLI

          CFI                                0.961
          TLI                                0.883

Chi-Square Test of Model Fit for the Baseline Model

          Value                           3203.618
          Degrees of Freedom                    42
          P-Value                           0.0000

SRMR (Standardized Root Mean Square Residual)

          Value for Within                   0.039
          Value for Between                  0.002



MODEL RESULTS

                                                    Two-Tailed
                    Estimate       S.E.  Est./S.E.    P-Value

Within Level

 PMN      BY
    PHIPP              1.000      0.000    999.000    999.000
    PREC               1.652      0.115     14.305      0.000
    PCC                2.089      0.143     14.584      0.000
    PHC                1.076      0.072     14.941      0.000
    RSC                1.251      0.091     13.770      0.000
    AAG                2.597      0.204     12.708      0.000
    PAG                2.353      0.183     12.875      0.000

 Variances
    PMN                0.009      0.001      6.384      0.000

 Residual Variances
    PHIPP              0.023      0.001     22.773      0.000
    PREC               0.033      0.002     13.358      0.000
    PCC                0.038      0.003     12.989      0.000
    PHC                0.025      0.002     16.757      0.000
    RSC                0.029      0.002     16.396      0.000
    AAG                0.060      0.005     13.044      0.000
    PAG                0.069      0.006     10.760      0.000

Between Level

 PHIPP    WITH
    PREC               0.001      0.001      0.909      0.364
    PCC                0.002      0.002      1.155      0.248
    PHC                0.001      0.000      1.685      0.092
    RSC                0.001      0.001      1.387      0.165
    AAG                0.002      0.002      1.579      0.114
    PAG                0.001      0.001      1.242      0.214

 PREC     WITH
    PCC                0.003      0.002      1.398      0.162
    PHC                0.002      0.001      2.116      0.034
    RSC                0.003      0.001      3.368      0.001
    AAG                0.002      0.004      0.631      0.528
    PAG               -0.001      0.002     -0.389      0.697

 PCC      WITH
    PHC                0.003      0.002      1.513      0.130
    RSC                0.005      0.002      2.057      0.040
    AAG                0.007      0.006      1.232      0.218
    PAG                0.001      0.002      0.557      0.577

 PHC      WITH
    RSC                0.004      0.001      3.349      0.001
    AAG               -0.005      0.004     -1.143      0.253
    PAG                0.003      0.002      1.653      0.098

 RSC      WITH
    AAG                0.005      0.002      2.246      0.025
    PAG                0.001      0.002      0.512      0.609

 AAG      WITH
    PAG               -0.003      0.006     -0.587      0.557

 Means
    PHIPP              0.033      0.007      4.612      0.000
    PREC               0.066      0.014      4.629      0.000
    PCC                0.115      0.026      4.400      0.000
    PHC                0.045      0.014      3.235      0.001
    RSC                0.111      0.017      6.439      0.000
    AAG                0.083      0.039      2.135      0.033
    PAG                0.059      0.020      2.999      0.003

 Variances
    PHIPP              0.001      0.000      2.498      0.012
    PREC               0.005      0.001      3.816      0.000
    PCC                0.019      0.009      2.198      0.028
    PHC                0.005      0.001      3.899      0.000
    RSC                0.008      0.002      3.899      0.000
    AAG                0.041      0.015      2.727      0.006
    PAG                0.010      0.003      3.447      0.001


STANDARDIZED MODEL RESULTS


STDYX Standardization

                                                    Two-Tailed
                    Estimate       S.E.  Est./S.E.    P-Value

Within Level

 PMN      BY
    PHIPP              0.529      0.030     17.722      0.000
    PREC               0.656      0.032     20.815      0.000
    PCC                0.712      0.027     26.084      0.000
    PHC                0.543      0.027     19.998      0.000
    RSC                0.571      0.033     17.373      0.000
    AAG                0.711      0.022     32.691      0.000
    PAG                0.649      0.027     23.854      0.000

 Variances
    PMN                1.000      0.000    999.000    999.000

 Residual Variances
    PHIPP              0.720      0.032     22.819      0.000
    PREC               0.570      0.041     13.798      0.000
    PCC                0.493      0.039     12.671      0.000
    PHC                0.706      0.029     23.971      0.000
    RSC                0.674      0.038     17.957      0.000
    AAG                0.495      0.031     16.015      0.000
    PAG                0.578      0.035     16.369      0.000

Between Level

 PHIPP    WITH
    PREC               0.199      0.209      0.951      0.342
    PCC                0.491      0.259      1.892      0.059
    PHC                0.327      0.147      2.230      0.026
    RSC                0.284      0.161      1.762      0.078
    AAG                0.334      0.185      1.803      0.071
    PAG                0.240      0.159      1.514      0.130

 PREC     WITH
    PCC                0.279      0.181      1.539      0.124
    PHC                0.410      0.185      2.218      0.027
    RSC                0.522      0.102      5.095      0.000
    AAG                0.149      0.233      0.642      0.521
    PAG               -0.084      0.214     -0.394      0.693

 PCC      WITH
    PHC                0.265      0.124      2.135      0.033
    RSC                0.406      0.124      3.279      0.001
    AAG                0.258      0.185      1.395      0.163
    PAG                0.084      0.149      0.565      0.572

 PHC      WITH
    RSC                0.582      0.141      4.122      0.000
    AAG               -0.312      0.211     -1.477      0.140
    PAG                0.423      0.186      2.277      0.023

 RSC      WITH
    AAG                0.291      0.112      2.609      0.009
    PAG                0.099      0.192      0.516      0.606

 AAG      WITH
    PAG               -0.168      0.269     -0.624      0.532

 Means
    PHIPP              0.950      0.244      3.895      0.000
    PREC               0.909      0.214      4.244      0.000
    PCC                0.844      0.237      3.564      0.000
    PHC                0.627      0.232      2.700      0.007
    RSC                1.240      0.233      5.324      0.000
    AAG                0.407      0.173      2.356      0.018
    PAG                0.591      0.251      2.358      0.018

 Variances
    PHIPP              1.000      0.000    999.000    999.000
    PREC               1.000      0.000    999.000    999.000
    PCC                1.000      0.000    999.000    999.000
    PHC                1.000      0.000    999.000    999.000
    RSC                1.000      0.000    999.000    999.000
    AAG                1.000      0.000    999.000    999.000
    PAG                1.000      0.000    999.000    999.000


R-SQUARE

Within Level

    Observed                                        Two-Tailed
    Variable        Estimate       S.E.  Est./S.E.    P-Value

    PHIPP              0.280      0.032      8.861      0.000
    PREC               0.430      0.041     10.407      0.000
    PCC                0.507      0.039     13.042      0.000
    PHC                0.294      0.029      9.999      0.000
    RSC                0.326      0.038      8.686      0.000
    AAG                0.505      0.031     16.345      0.000
    PAG                0.422      0.035     11.927      0.000

Between Level


QUALITY OF NUMERICAL RESULTS

     Condition Number for the Information Matrix             -0.670E-16
       (ratio of smallest to largest eigenvalue)


MODEL MODIFICATION INDICES

NOTE:  Modification indices for direct effects of observed dependent variables
regressed on covariates may not be included.  To include these, request
MODINDICES (ALL).

Minimum M.I. value for printing the modification index    10.000

                                   M.I.     E.P.C.  Std E.P.C.  StdYX E.P.C.

Within Level

WITH Statements

PCC      WITH PREC                12.180     0.005      0.005        0.128
PHC      WITH PCC                 30.156    -0.006     -0.006       -0.184
RSC      WITH PCC                 12.610    -0.004     -0.004       -0.121
RSC      WITH PHC                 42.128     0.005      0.005        0.198
AAG      WITH PCC                 27.182     0.010      0.010        0.205
AAG      WITH PHC                 14.237    -0.005     -0.005       -0.126
PAG      WITH PHC                 39.209     0.008      0.008        0.199
PAG      WITH RSC                 14.151     0.005      0.005        0.121

Between Level


TECHNICAL 1 OUTPUT


     PARAMETER SPECIFICATION FOR WITHIN


           NU
              PHIPP         PREC          PCC           PHC           RSC
              ________      ________      ________      ________      ________
                    0             0             0             0             0


           NU
              AAG           PAG
              ________      ________
                    0             0


           LAMBDA
              PMN
              ________
 PHIPP              0
 PREC               1
 PCC                2
 PHC                3
 RSC                4
 AAG                5
 PAG                6


           THETA
              PHIPP         PREC          PCC           PHC           RSC
              ________      ________      ________      ________      ________
 PHIPP              7
 PREC               0             8
 PCC                0             0             9
 PHC                0             0             0            10
 RSC                0             0             0             0            11
 AAG                0             0             0             0             0
 PAG                0             0             0             0             0


           THETA
              AAG           PAG
              ________      ________
 AAG               12
 PAG                0            13


           ALPHA
              PMN
              ________
                    0


           BETA
              PMN
              ________
 PMN                0


           PSI
              PMN
              ________
 PMN               14


     PARAMETER SPECIFICATION FOR BETWEEN


           NU
              PHIPP         PREC          PCC           PHC           RSC
              ________      ________      ________      ________      ________
                   15            16            17            18            19


           NU
              AAG           PAG
              ________      ________
                   20            21


           THETA
              PHIPP         PREC          PCC           PHC           RSC
              ________      ________      ________      ________      ________
 PHIPP             22
 PREC              23            24
 PCC               25            26            27
 PHC               28            29            30            31
 RSC               32            33            34            35            36
 AAG               37            38            39            40            41
 PAG               43            44            45            46            47


           THETA
              AAG           PAG
              ________      ________
 AAG               42
 PAG               48            49


     STARTING VALUES FOR WITHIN


           NU
              PHIPP         PREC          PCC           PHC           RSC
              ________      ________      ________      ________      ________
                0.000         0.000         0.000         0.000         0.000


           NU
              AAG           PAG
              ________      ________
                0.000         0.000


           LAMBDA
              PMN
              ________
 PHIPP          1.000
 PREC           1.000
 PCC            1.000
 PHC            1.000
 RSC            1.000
 AAG            1.000
 PAG            1.000


           THETA
              PHIPP         PREC          PCC           PHC           RSC
              ________      ________      ________      ________      ________
 PHIPP          0.017
 PREC           0.000         0.031
 PCC            0.000         0.000         0.048
 PHC            0.000         0.000         0.000         0.020
 RSC            0.000         0.000         0.000         0.000         0.026
 AAG            0.000         0.000         0.000         0.000         0.000
 PAG            0.000         0.000         0.000         0.000         0.000


           THETA
              AAG           PAG
              ________      ________
 AAG            0.081
 PAG            0.000         0.064


           ALPHA
              PMN
              ________
                0.000


           BETA
              PMN
              ________
 PMN            0.000


           PSI
              PMN
              ________
 PMN            0.050


     STARTING VALUES FOR BETWEEN


           NU
              PHIPP         PREC          PCC           PHC           RSC
              ________      ________      ________      ________      ________
                0.034         0.068         0.119         0.046         0.113


           NU
              AAG           PAG
              ________      ________
                0.082         0.060


           THETA
              PHIPP         PREC          PCC           PHC           RSC
              ________      ________      ________      ________      ________
 PHIPP          0.017
 PREC           0.000         0.031
 PCC            0.000         0.000         0.048
 PHC            0.000         0.000         0.000         0.020
 RSC            0.000         0.000         0.000         0.000         0.026
 AAG            0.000         0.000         0.000         0.000         0.000
 PAG            0.000         0.000         0.000         0.000         0.000


           THETA
              AAG           PAG
              ________      ________
 AAG            0.081
 PAG            0.000         0.064


     Beginning Time:  15:41:30
        Ending Time:  15:41:30
       Elapsed Time:  00:00:00



MUTHEN & MUTHEN
3463 Stoner Ave.
Los Angeles, CA  90066

Tel: (310) 391-9971
Fax: (310) 391-8971
Web: www.StatModel.com
Support: Support@StatModel.com

Copyright (c) 1998-2018 Muthen & Muthen
