Mplus VERSION 8.2 (Linux)
MUTHEN & MUTHEN
07/01/2021   3:35 PM

INPUT INSTRUCTIONS

  TITLE: Model 10: MPFC + PHC + PREC
  DATA: FILE is tidy_roi_data.dat;
  VARIABLE:
    NAMES are subject pHipp PREC PCC MPFC PHC RSC aAG pAG SceCorr ColCorr EmoCorr;
    USEVARIABLES are subject pHipp PREC PCC MPFC PHC RSC aAG pAG SceCorr ColCorr EmoCorr;
    CATEGORICAL = SceCorr ColCorr EmoCorr;
    CLUSTER = subject;
  ANALYSIS:
  TYPE = TWOLEVEL;
  ESTIMATOR = WLSMV;
  MODEL:
  %WITHIN%
  PMN BY pHipp-pAG;
  MemQ BY SceCorr (1)
  ColCorr (2)
  EmoCorr (3);
  pAG WITH MPFC;
  MemQ ON PMN
  MPFC (uMPFC)
  PHC (uPHC)
  PREC (uPREC);
  %BETWEEN%
  MemQb BY SceCorr (1)
  ColCorr (2)
  EmoCorr (3);
  pHipp-pAG;
  pHipp WITH pHipp-pAG;
  PREC WITH pHipp-pAG;
  PCC WITH pHipp-pAG;
  MPFC WITH pHipp-pAG;
  PHC WITH pHipp-pAG;
  RSC WITH pHipp-pAG;
  aAG WITH pHipp-pAG;
  pAG WITH pHipp-pAG;
  MemQb WITH pHIPP-pAG;
  model test:
  uPREC = 0;
  Output:
  stdyx;



INPUT READING TERMINATED NORMALLY



Model 10: MPFC + PHC + PREC

SUMMARY OF ANALYSIS

Number of groups                                                 1
Number of observations                                        3888

Number of dependent variables                                   11
Number of independent variables                                  0
Number of continuous latent variables                            3

Observed dependent variables

  Continuous
   PHIPP       PREC        PCC         MPFC        PHC         RSC
   AAG         PAG

  Binary and ordered categorical (ordinal)
   SCECORR     COLCORR     EMOCORR

Continuous latent variables
   PMN         MEMQ        MEMQB

Variables with special functions

  Cluster variable      SUBJECT

Estimator                                                    WLSMV
Optimization Specifications for the Quasi-Newton Algorithm for
Continuous Outcomes
  Maximum number of iterations                                1000
  Convergence criterion                                  0.100D-05
Optimization Specifications for the EM Algorithm
  Maximum number of iterations                                 500
  Convergence criteria
    Loglikelihood change                                 0.100D-02
    Relative loglikelihood change                        0.100D-05
    Derivative                                           0.100D-02
Optimization Specifications for the M step of the EM Algorithm for
Categorical Latent variables
  Number of M step iterations                                    1
  M step convergence criterion                           0.100D-02
  Basis for M step termination                           ITERATION
Optimization Specifications for the M step of the EM Algorithm for
Censored, Binary or Ordered Categorical (Ordinal), Unordered
Categorical (Nominal) and Count Outcomes
  Number of M step iterations                                    1
  M step convergence criterion                           0.100D-02
  Basis for M step termination                           ITERATION
  Maximum value for logit thresholds                            10
  Minimum value for logit thresholds                           -10
  Minimum expected cell size for chi-square              0.100D-01
Optimization algorithm                                      EMA/FS
Integration Specifications
  Type                                                    STANDARD
  Number of integration points                                   7
  Dimensions of numerical integration                            0
  Adaptive quadrature                                           ON
Link                                                        PROBIT
Cholesky                                                        ON

Input data file(s)
  tidy_roi_data.dat
Input data format  FREE


SUMMARY OF DATA

     Number of clusters                         28

     Average cluster size      138.857

     Estimated Intraclass Correlations for the Y Variables

                Intraclass              Intraclass              Intraclass
     Variable  Correlation   Variable  Correlation   Variable  Correlation

     SCECORR      0.208      COLCORR      0.145      EMOCORR      0.119
     PHIPP        0.037      PREC         0.085      PCC          0.193
     MPFC         0.087      PHC          0.124      RSC          0.156
     AAG          0.254      PAG          0.077



UNIVARIATE PROPORTIONS AND COUNTS FOR CATEGORICAL VARIABLES

    SCECORR
      Category 1    0.324         1261.000
      Category 2    0.676         2627.000
    COLCORR
      Category 1    0.278         1082.000
      Category 2    0.722         2806.000
    EMOCORR
      Category 1    0.243          943.000
      Category 2    0.757         2945.000



UNIVARIATE SAMPLE STATISTICS


     UNIVARIATE HIGHER-ORDER MOMENT DESCRIPTIVE STATISTICS

         Variable/         Mean/     Skewness/   Minimum/ % with                Percentiles
        Sample Size      Variance    Kurtosis    Maximum  Min/Max      20%/60%    40%/80%    Median

     PHIPP                 0.034      -0.052      -0.752    0.03%      -0.115     -0.013      0.034
            3888.000       0.034       0.550       0.999    0.03%       0.079      0.187
     PREC                  0.068       0.006      -1.073    0.03%      -0.135      0.007      0.064
            3888.000       0.063       0.618       1.134    0.03%       0.122      0.272
     PCC                   0.119       0.128      -1.587    0.03%      -0.129      0.043      0.118
            3888.000       0.097       0.813       1.478    0.03%       0.188      0.363
     MPFC                  0.000      -0.087      -1.699    0.03%      -0.271     -0.077      0.002
            3888.000       0.114       1.100       1.929    0.03%       0.089      0.271
     PHC                   0.046      -0.133      -1.171    0.03%      -0.115      0.003      0.050
            3888.000       0.041       0.688       0.877    0.03%       0.096      0.209
     RSC                   0.113      -0.027      -0.943    0.03%      -0.078      0.058      0.114
            3888.000       0.052       0.288       0.978    0.03%       0.170      0.299
     AAG                   0.082       0.180      -1.675    0.03%      -0.239     -0.018      0.077
            3888.000       0.162       0.890       1.986    0.03%       0.173      0.394
     PAG                   0.060      -0.170      -2.105    0.03%      -0.223     -0.016      0.067
            3888.000       0.129       1.102       1.732    0.03%       0.147      0.347


THE MODEL ESTIMATION TERMINATED NORMALLY



MODEL FIT INFORMATION

Number of Free Parameters                       83

Chi-Square Test of Model Fit

          Value                           1130.945*
          Degrees of Freedom                    57
          P-Value                           0.0000

*   The chi-square value for MLM, MLMV, MLR, ULSMV, WLSM and WLSMV cannot be used
    for chi-square difference testing in the regular way.  MLM, MLR and WLSM
    chi-square difference testing is described on the Mplus website.  MLMV, WLSMV,
    and ULSMV difference testing is done using the DIFFTEST option.

Wald Test of Parameter Constraints

          Value                              3.704
          Degrees of Freedom                     1
          P-Value                           0.0543

RMSEA (Root Mean Square Error Of Approximation)

          Estimate                           0.070

CFI/TLI

          CFI                                0.969
          TLI                                0.940

Chi-Square Test of Model Fit for the Baseline Model

          Value                          34491.316
          Degrees of Freedom                   110
          P-Value                           0.0000

SRMR (Standardized Root Mean Square Residual)

          Value for Within                   0.040
          Value for Between                  0.046



MODEL RESULTS

                                                    Two-Tailed
                    Estimate       S.E.  Est./S.E.    P-Value

Within Level

 PMN      BY
    PHIPP              1.000      0.000    999.000    999.000
    PREC               1.527      0.016     94.770      0.000
    PCC                2.108      0.020    107.035      0.000
    MPFC               1.896      0.026     73.278      0.000
    PHC                0.971      0.012     80.882      0.000
    RSC                1.158      0.012     95.992      0.000
    AAG                2.529      0.037     69.071      0.000
    PAG                2.292      0.024     94.047      0.000

 MEMQ     BY
    SCECORR            1.000      0.000    999.000    999.000
    COLCORR            0.529      0.120      4.422      0.000
    EMOCORR            0.541      0.099      5.485      0.000

 MEMQ       ON
    PMN                1.041      0.604      1.724      0.085

 MEMQ       ON
    MPFC              -0.460      0.131     -3.515      0.000
    PHC                0.460      0.167      2.749      0.006
    PREC               0.380      0.197      1.925      0.054

 PAG      WITH
    MPFC              -0.019      0.000    -54.485      0.000

 Variances
    PMN                0.010      0.000     47.023      0.000

 Residual Variances
    PHIPP              0.023      0.000     93.073      0.000
    PREC               0.035      0.000    101.257      0.000
    PCC                0.035      0.000    105.495      0.000
    MPFC               0.069      0.001    118.960      0.000
    PHC                0.027      0.000     99.147      0.000
    RSC                0.031      0.000    109.966      0.000
    AAG                0.059      0.001     96.500      0.000
    PAG                0.068      0.001    110.210      0.000
    MEMQ               0.904      0.272      3.322      0.001

Between Level

 MEMQB    BY
    SCECORR            1.000      0.000    999.000    999.000
    COLCORR            0.529      0.120      4.422      0.000
    EMOCORR            0.541      0.099      5.485      0.000

 MEMQB    WITH
    PHIPP              0.008      0.005      1.396      0.163
    PREC               0.022      0.012      1.871      0.061
    PCC                0.029      0.019      1.480      0.139
    MPFC              -0.015      0.014     -1.038      0.299
    PHC                0.026      0.013      2.053      0.040
    RSC                0.036      0.015      2.353      0.019
    AAG                0.009      0.205      0.044      0.965
    PAG                0.026      0.016      1.575      0.115

 PHIPP    WITH
    PREC               0.001      0.000      1.171      0.241
    PCC                0.002      0.001      3.184      0.001
    MPFC               0.001      0.001      0.912      0.362
    PHC                0.001      0.001      1.176      0.239
    RSC                0.001      0.001      1.034      0.301
    AAG                0.002      0.001      1.996      0.046
    PAG                0.001      0.001      0.930      0.353

 PREC     WITH
    PCC                0.003      0.001      2.006      0.045
    MPFC               0.001      0.001      0.877      0.381
    PHC                0.002      0.001      1.850      0.064
    RSC                0.003      0.001      2.345      0.019
    AAG                0.002      0.002      0.882      0.378
    PAG               -0.001      0.001     -0.469      0.639

 PCC      WITH
    MPFC               0.004      0.002      1.580      0.114
    PHC                0.003      0.003      0.952      0.341
    RSC                0.005      0.003      1.873      0.061
    AAG                0.007      0.005      1.332      0.183
    PAG                0.001      0.003      0.445      0.656

 MPFC     WITH
    PHC               -0.003      0.002     -1.511      0.131
    RSC               -0.002      0.002     -0.897      0.370
    AAG                0.010      0.004      2.327      0.020
    PAG               -0.004      0.002     -1.968      0.049

 PHC      WITH
    RSC                0.004      0.001      2.766      0.006
    AAG               -0.004      0.003     -1.740      0.082
    PAG                0.003      0.002      1.830      0.067

 RSC      WITH
    AAG                0.005      0.004      1.336      0.182
    PAG                0.001      0.002      0.516      0.606

 AAG      WITH
    PAG               -0.003      0.003     -1.166      0.244

 Means
    PHIPP              0.033      0.008      4.386      0.000
    PREC               0.066      0.015      4.564      0.000
    PCC                0.115      0.030      3.868      0.000
    MPFC              -0.002      0.023     -0.072      0.943
    PHC                0.045      0.015      3.027      0.002
    RSC                0.111      0.018      6.250      0.000
    AAG                0.083      0.044      1.903      0.057
    PAG                0.059      0.023      2.523      0.012

 Thresholds
    SCECORR$1         -0.707      0.143     -4.954      0.000
    COLCORR$1         -0.708      0.097     -7.319      0.000
    EMOCORR$1         -0.824      0.103     -7.968      0.000

 Variances
    PHIPP              0.001      0.000      3.862      0.000
    PREC               0.005      0.002      3.112      0.002
    PCC                0.019      0.003      5.737      0.000
    MPFC               0.010      0.004      2.581      0.010
    PHC                0.005      0.002      2.959      0.003
    RSC                0.008      0.002      3.298      0.001
    AAG                0.041      0.010      4.113      0.000
    PAG                0.010      0.003      2.970      0.003
    MEMQB              0.470      0.263      1.789      0.074

 Residual Variances
    SCECORR            0.040      0.141      0.283      0.777
    COLCORR            0.082      0.077      1.067      0.286
    EMOCORR            0.034      0.061      0.558      0.577


STANDARDIZED MODEL RESULTS


STDYX Standardization

                                                    Two-Tailed
                    Estimate       S.E.  Est./S.E.    P-Value

Within Level

 PMN      BY
    PHIPP              0.548      0.005    113.780      0.000
    PREC               0.628      0.005    137.831      0.000
    PCC                0.745      0.003    281.484      0.000
    MPFC               0.580      0.005    121.507      0.000
    PHC                0.507      0.006     84.592      0.000
    RSC                0.548      0.005    102.911      0.000
    AAG                0.717      0.005    151.588      0.000
    PAG                0.655      0.004    152.685      0.000

 MEMQ     BY
    SCECORR            0.697      0.053     13.064      0.000
    COLCORR            0.457      0.038     11.880      0.000
    EMOCORR            0.465      0.025     18.260      0.000

 MEMQ       ON
    PMN                0.106      0.056      1.903      0.057

 MEMQ       ON
    MPFC              -0.153      0.037     -4.156      0.000
    PHC                0.089      0.036      2.506      0.012
    PREC               0.094      0.050      1.882      0.060

 PAG      WITH
    MPFC              -0.278      0.005    -53.989      0.000

 Variances
    PMN                1.000      0.000    999.000    999.000

 Residual Variances
    PHIPP              0.700      0.005    132.470      0.000
    PREC               0.606      0.006    105.801      0.000
    PCC                0.445      0.004    112.919      0.000
    MPFC               0.664      0.006    119.929      0.000
    PHC                0.743      0.006    122.046      0.000
    RSC                0.700      0.006    120.117      0.000
    AAG                0.485      0.007     71.515      0.000
    PAG                0.570      0.006    101.401      0.000
    MEMQ               0.958      0.012     78.098      0.000

Between Level

 MEMQB    BY
    SCECORR            0.960      0.136      7.069      0.000
    COLCORR            0.784      0.160      4.910      0.000
    EMOCORR            0.896      0.172      5.204      0.000

 MEMQB    WITH
    PHIPP              0.318      0.190      1.674      0.094
    PREC               0.440      0.155      2.828      0.005
    PCC                0.305      0.204      1.497      0.134
    MPFC              -0.217      0.192     -1.133      0.257
    PHC                0.534      0.175      3.056      0.002
    RSC                0.585      0.152      3.853      0.000
    AAG                0.064      1.474      0.043      0.965
    PAG                0.375      0.214      1.755      0.079

 PHIPP    WITH
    PREC               0.200      0.158      1.263      0.207
    PCC                0.490      0.088      5.534      0.000
    MPFC               0.259      0.269      0.962      0.336
    PHC                0.322      0.247      1.305      0.192
    RSC                0.283      0.259      1.093      0.275
    AAG                0.337      0.131      2.566      0.010
    PAG                0.241      0.244      0.986      0.324

 PREC     WITH
    PCC                0.276      0.115      2.395      0.017
    MPFC               0.167      0.175      0.957      0.339
    PHC                0.413      0.135      3.060      0.002
    RSC                0.522      0.155      3.371      0.001
    AAG                0.147      0.155      0.947      0.344
    PAG               -0.082      0.174     -0.472      0.637

 PCC      WITH
    MPFC               0.274      0.142      1.937      0.053
    PHC                0.268      0.269      0.995      0.320
    RSC                0.407      0.182      2.238      0.025
    AAG                0.256      0.178      1.440      0.150
    PAG                0.085      0.187      0.455      0.649

 MPFC     WITH
    PHC               -0.357      0.190     -1.881      0.060
    RSC               -0.186      0.197     -0.945      0.345
    AAG                0.510      0.123      4.130      0.000
    PAG               -0.371      0.158     -2.345      0.019

 PHC      WITH
    RSC                0.577      0.095      6.058      0.000
    AAG               -0.310      0.148     -2.100      0.036
    PAG                0.417      0.159      2.623      0.009

 RSC      WITH
    AAG                0.292      0.214      1.364      0.173
    PAG                0.095      0.180      0.526      0.599

 AAG      WITH
    PAG               -0.166      0.131     -1.263      0.206

 Means
    PHIPP              0.949      0.221      4.299      0.000
    PREC               0.908      0.228      3.990      0.000
    PCC                0.844      0.220      3.839      0.000
    MPFC              -0.017      0.229     -0.073      0.942
    PHC                0.628      0.256      2.454      0.014
    RSC                1.240      0.255      4.870      0.000
    AAG                0.408      0.204      1.998      0.046
    PAG                0.590      0.296      1.996      0.046

 Thresholds
    SCECORR$1         -0.507      0.107     -4.716      0.000
    COLCORR$1         -0.630      0.081     -7.726      0.000
    EMOCORR$1         -0.729      0.093     -7.807      0.000

 Variances
    PHIPP              1.000      0.000    999.000    999.000
    PREC               1.000      0.000    999.000    999.000
    PCC                1.000      0.000    999.000    999.000
    MPFC               1.000      0.000    999.000    999.000
    PHC                1.000      0.000    999.000    999.000
    RSC                1.000      0.000    999.000    999.000
    AAG                1.000      0.000    999.000    999.000
    PAG                1.000      0.000    999.000    999.000
    MEMQB              1.000      0.000    999.000    999.000

 Residual Variances
    SCECORR            0.078      0.261      0.300      0.765
    COLCORR            0.385      0.251      1.537      0.124
    EMOCORR            0.198      0.308      0.642      0.521


R-SQUARE

Within Level

    Observed                                        Two-Tailed     Scale
    Variable        Estimate       S.E.  Est./S.E.    P-Value     Factors

    SCECORR            0.485      0.074      6.532      0.000      0.717
    COLCORR            0.209      0.035      5.940      0.000      0.889
    EMOCORR            0.217      0.024      9.130      0.000      0.885
    PHIPP              0.300      0.005     56.890      0.000      0.000
    PREC               0.394      0.006     68.916      0.000      0.000
    PCC                0.555      0.004    140.742      0.000      0.000
    MPFC               0.336      0.006     60.754      0.000      0.000
    PHC                0.257      0.006     42.296      0.000      0.000
    RSC                0.300      0.006     51.455      0.000      0.000
    AAG                0.515      0.007     75.794      0.000      0.000
    PAG                0.430      0.006     76.343      0.000      0.000

     Latent                                         Two-Tailed
    Variable        Estimate       S.E.  Est./S.E.    P-Value

    MEMQ               0.042      0.012      3.387      0.001

Between Level

    Observed                                        Two-Tailed
    Variable        Estimate       S.E.  Est./S.E.    P-Value

    SCECORR            0.922      0.261      3.534      0.000
    COLCORR            0.615      0.251      2.455      0.014
    EMOCORR            0.802      0.308      2.602      0.009


QUALITY OF NUMERICAL RESULTS

     Condition Number for the Information Matrix              0.211E-08
       (ratio of smallest to largest eigenvalue)


     Beginning Time:  15:35:53
        Ending Time:  15:36:18
       Elapsed Time:  00:00:25



MUTHEN & MUTHEN
3463 Stoner Ave.
Los Angeles, CA  90066

Tel: (310) 391-9971
Fax: (310) 391-8971
Web: www.StatModel.com
Support: Support@StatModel.com

Copyright (c) 1998-2018 Muthen & Muthen
