Mplus VERSION 8.2 (Linux)
MUTHEN & MUTHEN
06/23/2021   4:25 PM

INPUT INSTRUCTIONS

  TITLE: Within Measurement Model -- Bifactor Model
  DATA: FILE is tidy_roi_data.dat;
  VARIABLE:
    NAMES are subject pHipp PREC PCC MPFC PHC RSC aAG pAG SceCorr ColCorr EmoCorr;
    USEVARIABLES are subject pHipp PREC PCC MPFC PHC RSC aAG pAG SceCorr ColCorr EmoCorr;
    CATEGORICAL = SceCorr ColCorr EmoCorr;
    CLUSTER = subject;
  ANALYSIS:
  TYPE = TWOLEVEL;
  ESTIMATOR = WLSMV;
  MODEL:
  %WITHIN%
  vPMN BY RSC PHC pAG;
  dPMN BY MPFC pHIPP PREC PCC aAG;
  MemQ BY SceCorr ColCorr EmoCorr;
  MemQ ON vPMN dPMN MPFC;
  %BETWEEN%
  pHipp-EmoCorr;
  pHipp WITH pHipp-EmoCorr;
  PREC WITH pHipp-EmoCorr;
  PCC WITH pHipp-EmoCorr;
  MPFC WITH pHipp-EmoCorr;
  PHC WITH pHipp-EmoCorr;
  RSC WITH pHipp-EmoCorr;
  aAG WITH pHipp-EmoCorr;
  pAG WITH pHipp-EmoCorr;
  Output:
  stdyx;



INPUT READING TERMINATED NORMALLY



Within Measurement Model -- Bifactor Model

SUMMARY OF ANALYSIS

Number of groups                                                 1
Number of observations                                        3888

Number of dependent variables                                   11
Number of independent variables                                  0
Number of continuous latent variables                            3

Observed dependent variables

  Continuous
   PHIPP       PREC        PCC         MPFC        PHC         RSC
   AAG         PAG

  Binary and ordered categorical (ordinal)
   SCECORR     COLCORR     EMOCORR

Continuous latent variables
   VPMN        DPMN        MEMQ

Variables with special functions

  Cluster variable      SUBJECT

Estimator                                                    WLSMV
Optimization Specifications for the Quasi-Newton Algorithm for
Continuous Outcomes
  Maximum number of iterations                                1000
  Convergence criterion                                  0.100D-05
Optimization Specifications for the EM Algorithm
  Maximum number of iterations                                 500
  Convergence criteria
    Loglikelihood change                                 0.100D-02
    Relative loglikelihood change                        0.100D-05
    Derivative                                           0.100D-02
Optimization Specifications for the M step of the EM Algorithm for
Categorical Latent variables
  Number of M step iterations                                    1
  M step convergence criterion                           0.100D-02
  Basis for M step termination                           ITERATION
Optimization Specifications for the M step of the EM Algorithm for
Censored, Binary or Ordered Categorical (Ordinal), Unordered
Categorical (Nominal) and Count Outcomes
  Number of M step iterations                                    1
  M step convergence criterion                           0.100D-02
  Basis for M step termination                           ITERATION
  Maximum value for logit thresholds                            10
  Minimum value for logit thresholds                           -10
  Minimum expected cell size for chi-square              0.100D-01
Optimization algorithm                                      EMA/FS
Integration Specifications
  Type                                                    STANDARD
  Number of integration points                                   7
  Dimensions of numerical integration                            0
  Adaptive quadrature                                           ON
Link                                                        PROBIT
Cholesky                                                        ON

Input data file(s)
  tidy_roi_data.dat
Input data format  FREE


SUMMARY OF DATA

     Number of clusters                         28

     Average cluster size      138.857

     Estimated Intraclass Correlations for the Y Variables

                Intraclass              Intraclass              Intraclass
     Variable  Correlation   Variable  Correlation   Variable  Correlation

     SCECORR      0.208      COLCORR      0.145      EMOCORR      0.119
     PHIPP        0.037      PREC         0.085      PCC          0.193
     MPFC         0.087      PHC          0.124      RSC          0.156
     AAG          0.254      PAG          0.077



UNIVARIATE PROPORTIONS AND COUNTS FOR CATEGORICAL VARIABLES

    SCECORR
      Category 1    0.324         1261.000
      Category 2    0.676         2627.000
    COLCORR
      Category 1    0.278         1082.000
      Category 2    0.722         2806.000
    EMOCORR
      Category 1    0.243          943.000
      Category 2    0.757         2945.000



UNIVARIATE SAMPLE STATISTICS


     UNIVARIATE HIGHER-ORDER MOMENT DESCRIPTIVE STATISTICS

         Variable/         Mean/     Skewness/   Minimum/ % with                Percentiles
        Sample Size      Variance    Kurtosis    Maximum  Min/Max      20%/60%    40%/80%    Median

     PHIPP                 0.034      -0.052      -0.752    0.03%      -0.115     -0.013      0.034
            3888.000       0.034       0.550       0.999    0.03%       0.079      0.187
     PREC                  0.068       0.006      -1.073    0.03%      -0.135      0.007      0.064
            3888.000       0.063       0.618       1.134    0.03%       0.122      0.272
     PCC                   0.119       0.128      -1.587    0.03%      -0.129      0.043      0.118
            3888.000       0.097       0.813       1.478    0.03%       0.188      0.363
     MPFC                  0.000      -0.087      -1.699    0.03%      -0.271     -0.077      0.002
            3888.000       0.114       1.100       1.929    0.03%       0.089      0.271
     PHC                   0.046      -0.133      -1.171    0.03%      -0.115      0.003      0.050
            3888.000       0.041       0.688       0.877    0.03%       0.096      0.209
     RSC                   0.113      -0.027      -0.943    0.03%      -0.078      0.058      0.114
            3888.000       0.052       0.288       0.978    0.03%       0.170      0.299
     AAG                   0.082       0.180      -1.675    0.03%      -0.239     -0.018      0.077
            3888.000       0.162       0.890       1.986    0.03%       0.173      0.394
     PAG                   0.060      -0.170      -2.105    0.03%      -0.223     -0.016      0.067
            3888.000       0.129       1.102       1.732    0.03%       0.147      0.347


THE MODEL ESTIMATION TERMINATED NORMALLY



MODEL FIT INFORMATION

Number of Free Parameters                       97

Chi-Square Test of Model Fit

          Value                            971.632*
          Degrees of Freedom                    43
          P-Value                           0.0000

*   The chi-square value for MLM, MLMV, MLR, ULSMV, WLSM and WLSMV cannot be used
    for chi-square difference testing in the regular way.  MLM, MLR and WLSM
    chi-square difference testing is described on the Mplus website.  MLMV, WLSMV,
    and ULSMV difference testing is done using the DIFFTEST option.

RMSEA (Root Mean Square Error Of Approximation)

          Estimate                           0.075

CFI/TLI

          CFI                                0.973
          TLI                                0.931

Chi-Square Test of Model Fit for the Baseline Model

          Value                          34491.316
          Degrees of Freedom                   110
          P-Value                           0.0000

SRMR (Standardized Root Mean Square Residual)

          Value for Within                   0.032
          Value for Between                  0.149



MODEL RESULTS

                                                    Two-Tailed
                    Estimate       S.E.  Est./S.E.    P-Value

Within Level

 VPMN     BY
    RSC                1.000      0.000    999.000    999.000
    PHC                0.849      0.010     83.745      0.000
    PAG                1.835      0.024     77.667      0.000

 DPMN     BY
    MPFC               1.000      0.000    999.000    999.000
    PHIPP              0.566      0.008     75.486      0.000
    PREC               0.879      0.012     71.904      0.000
    PCC                1.227      0.016     77.499      0.000
    AAG                1.458      0.019     75.535      0.000

 MEMQ     BY
    SCECORR            1.000      0.000    999.000    999.000
    COLCORR            0.512      0.113      4.536      0.000
    EMOCORR            0.530      0.098      5.389      0.000

 MEMQ       ON
    VPMN               1.188      0.725      1.640      0.101
    DPMN               0.579      0.488      1.186      0.236

 MEMQ       ON
    MPFC              -0.486      0.102     -4.787      0.000

 DPMN     WITH
    VPMN               0.018      0.000     54.912      0.000

 Variances
    VPMN               0.018      0.000     47.298      0.000
    DPMN               0.032      0.001     47.461      0.000

 Residual Variances
    PHIPP              0.022      0.000     90.096      0.000
    PREC               0.033      0.000     93.575      0.000
    PCC                0.030      0.000     96.852      0.000
    MPFC               0.072      0.001    121.372      0.000
    PHC                0.023      0.000     87.050      0.000
    RSC                0.026      0.000     81.868      0.000
    AAG                0.053      0.001     80.908      0.000
    PAG                0.059      0.001     91.675      0.000
    MEMQ               0.932      0.266      3.504      0.000

Between Level

 PHIPP    WITH
    PREC               0.001      0.000      1.171      0.241
    PCC                0.002      0.001      3.184      0.001
    MPFC               0.001      0.001      0.912      0.362
    PHC                0.001      0.001      1.176      0.239
    RSC                0.001      0.001      1.034      0.301
    AAG                0.002      0.001      1.996      0.046
    PAG                0.001      0.001      0.930      0.353
    SCECORR            0.008      0.007      1.217      0.224
    COLCORR            0.003      0.003      1.070      0.285
    EMOCORR            0.005      0.005      1.175      0.240

 PREC     WITH
    PCC                0.003      0.001      2.006      0.045
    MPFC               0.001      0.001      0.877      0.381
    PHC                0.002      0.001      1.850      0.064
    RSC                0.003      0.001      2.345      0.019
    AAG                0.002      0.002      0.882      0.378
    PAG               -0.001      0.001     -0.469      0.639
    SCECORR            0.022      0.017      1.299      0.194
    COLCORR            0.007      0.008      0.829      0.407
    EMOCORR            0.017      0.008      2.053      0.040

 PCC      WITH
    MPFC               0.004      0.002      1.580      0.114
    PHC                0.003      0.003      0.952      0.341
    RSC                0.005      0.003      1.873      0.061
    AAG                0.007      0.005      1.332      0.183
    PAG                0.001      0.003      0.445      0.656
    SCECORR            0.018      0.027      0.662      0.508
    COLCORR            0.027      0.018      1.450      0.147
    EMOCORR            0.013      0.027      0.463      0.643

 MPFC     WITH
    PHC               -0.003      0.002     -1.511      0.131
    RSC               -0.002      0.002     -0.897      0.370
    AAG                0.010      0.004      2.327      0.020
    PAG               -0.004      0.002     -1.968      0.049
    SCECORR           -0.013      0.014     -0.922      0.357
    COLCORR           -0.010      0.014     -0.709      0.478
    EMOCORR           -0.009      0.010     -0.898      0.369

 PHC      WITH
    RSC                0.004      0.001      2.766      0.006
    AAG               -0.004      0.003     -1.740      0.082
    PAG                0.003      0.002      1.830      0.067
    SCECORR            0.023      0.021      1.067      0.286
    COLCORR            0.012      0.007      1.617      0.106
    EMOCORR            0.018      0.009      2.014      0.044

 RSC      WITH
    AAG                0.005      0.004      1.336      0.182
    PAG                0.001      0.002      0.516      0.606
    SCECORR            0.033      0.017      1.899      0.058
    COLCORR            0.018      0.013      1.318      0.188
    EMOCORR            0.022      0.010      2.169      0.030

 AAG      WITH
    PAG               -0.003      0.003     -1.166      0.244
    SCECORR            0.008      0.185      0.042      0.966
    COLCORR            0.012      0.137      0.090      0.929
    EMOCORR           -0.001      0.111     -0.011      0.991

 PAG      WITH
    SCECORR            0.022      0.023      0.938      0.348
    COLCORR            0.017      0.012      1.396      0.163
    EMOCORR            0.013      0.011      1.216      0.224

 Means
    PHIPP              0.033      0.008      4.386      0.000
    PREC               0.066      0.015      4.564      0.000
    PCC                0.115      0.030      3.868      0.000
    MPFC              -0.002      0.023     -0.072      0.942
    PHC                0.045      0.015      3.027      0.002
    RSC                0.111      0.018      6.250      0.000
    AAG                0.083      0.044      1.903      0.057
    PAG                0.059      0.023      2.523      0.012

 Thresholds
    SCECORR$1         -0.713      0.143     -4.986      0.000
    COLCORR$1         -0.706      0.097     -7.252      0.000
    EMOCORR$1         -0.823      0.109     -7.547      0.000

 Variances
    SCECORR            0.519      0.274      1.896      0.058
    COLCORR            0.213      0.092      2.313      0.021
    EMOCORR            0.171      0.069      2.495      0.013
    PHIPP              0.001      0.000      3.862      0.000
    PREC               0.005      0.002      3.112      0.002
    PCC                0.019      0.003      5.737      0.000
    MPFC               0.010      0.004      2.581      0.010
    PHC                0.005      0.002      2.959      0.003
    RSC                0.008      0.002      3.298      0.001
    AAG                0.041      0.010      4.113      0.000
    PAG                0.010      0.003      2.970      0.003


STANDARDIZED MODEL RESULTS


STDYX Standardization

                                                    Two-Tailed
                    Estimate       S.E.  Est./S.E.    P-Value

Within Level

 VPMN     BY
    RSC                0.639      0.006    114.963      0.000
    PHC                0.600      0.006     98.984      0.000
    PAG                0.709      0.004    160.661      0.000

 DPMN     BY
    MPFC               0.553      0.005    113.293      0.000
    PHIPP              0.561      0.005    116.090      0.000
    PREC               0.654      0.004    147.566      0.000
    PCC                0.784      0.002    324.464      0.000
    AAG                0.748      0.005    153.403      0.000

 MEMQ     BY
    SCECORR            0.703      0.050     14.084      0.000
    COLCORR            0.452      0.038     11.823      0.000
    EMOCORR            0.464      0.029     15.927      0.000

 MEMQ       ON
    VPMN               0.160      0.094      1.714      0.087
    DPMN               0.104      0.090      1.157      0.247

 MEMQ       ON
    MPFC              -0.159      0.031     -5.161      0.000

 DPMN     WITH
    VPMN               0.756      0.005    160.560      0.000

 Variances
    VPMN               1.000      0.000    999.000    999.000
    DPMN               1.000      0.000    999.000    999.000

 Residual Variances
    PHIPP              0.685      0.005    126.138      0.000
    PREC               0.572      0.006     98.687      0.000
    PCC                0.385      0.004    101.684      0.000
    MPFC               0.694      0.005    128.610      0.000
    PHC                0.640      0.007     88.147      0.000
    RSC                0.592      0.007     83.277      0.000
    AAG                0.441      0.007     60.486      0.000
    PAG                0.497      0.006     79.371      0.000
    MEMQ               0.953      0.016     60.746      0.000

Between Level

 PHIPP    WITH
    PREC               0.200      0.158      1.263      0.207
    PCC                0.490      0.088      5.534      0.000
    MPFC               0.259      0.269      0.962      0.336
    PHC                0.322      0.247      1.305      0.192
    RSC                0.283      0.259      1.093      0.275
    AAG                0.337      0.131      2.566      0.010
    PAG                0.241      0.244      0.986      0.324
    SCECORR            0.327      0.210      1.559      0.119
    COLCORR            0.200      0.185      1.083      0.279
    EMOCORR            0.377      0.278      1.355      0.175

 PREC     WITH
    PCC                0.276      0.115      2.395      0.017
    MPFC               0.167      0.175      0.957      0.339
    PHC                0.413      0.135      3.060      0.002
    RSC                0.522      0.155      3.371      0.001
    AAG                0.147      0.155      0.947      0.344
    PAG               -0.082      0.174     -0.472      0.637
    SCECORR            0.415      0.227      1.831      0.067
    COLCORR            0.204      0.245      0.834      0.404
    EMOCORR            0.547      0.186      2.950      0.003

 PCC      WITH
    MPFC               0.274      0.142      1.937      0.053
    PHC                0.268      0.269      0.995      0.320
    RSC                0.407      0.182      2.238      0.025
    AAG                0.256      0.178      1.440      0.150
    PAG                0.085      0.187      0.455      0.649
    SCECORR            0.179      0.268      0.668      0.504
    COLCORR            0.423      0.251      1.686      0.092
    EMOCORR            0.222      0.480      0.462      0.644

 MPFC     WITH
    PHC               -0.357      0.190     -1.881      0.060
    RSC               -0.186      0.197     -0.945      0.345
    AAG                0.510      0.123      4.130      0.000
    PAG               -0.371      0.158     -2.345      0.019
    SCECORR           -0.181      0.172     -1.047      0.295
    COLCORR           -0.223      0.274     -0.814      0.416
    EMOCORR           -0.213      0.206     -1.030      0.303

 PHC      WITH
    RSC                0.577      0.095      6.058      0.000
    AAG               -0.310      0.148     -2.100      0.036
    PAG                0.417      0.159      2.623      0.009
    SCECORR            0.447      0.354      1.261      0.207
    COLCORR            0.360      0.178      2.020      0.043
    EMOCORR            0.618      0.159      3.897      0.000

 RSC      WITH
    AAG                0.292      0.214      1.364      0.173
    PAG                0.095      0.180      0.526      0.599
    SCECORR            0.513      0.207      2.475      0.013
    COLCORR            0.427      0.284      1.504      0.133
    EMOCORR            0.600      0.127      4.706      0.000

 AAG      WITH
    PAG               -0.166      0.131     -1.264      0.206
    SCECORR            0.053      1.268      0.042      0.966
    COLCORR            0.131      1.457      0.090      0.929
    EMOCORR           -0.015      1.321     -0.011      0.991

 PAG      WITH
    SCECORR            0.307      0.312      0.982      0.326
    COLCORR            0.360      0.218      1.651      0.099
    EMOCORR            0.315      0.229      1.374      0.169

 Means
    PHIPP              0.949      0.221      4.299      0.000
    PREC               0.908      0.228      3.990      0.000
    PCC                0.844      0.220      3.840      0.000
    MPFC              -0.017      0.229     -0.073      0.942
    PHC                0.628      0.256      2.454      0.014
    RSC                1.240      0.255      4.870      0.000
    AAG                0.408      0.204      1.998      0.046
    PAG                0.590      0.296      1.996      0.046

 Thresholds
    SCECORR$1         -0.507      0.107     -4.716      0.000
    COLCORR$1         -0.630      0.081     -7.726      0.000
    EMOCORR$1         -0.729      0.093     -7.808      0.000

 Variances
    SCECORR            1.000      0.000    999.000    999.000
    COLCORR            1.000      0.000    999.000    999.000
    EMOCORR            1.000      0.000    999.000    999.000
    PHIPP              1.000      0.000    999.000    999.000
    PREC               1.000      0.000    999.000    999.000
    PCC                1.000      0.000    999.000    999.000
    MPFC               1.000      0.000    999.000    999.000
    PHC                1.000      0.000    999.000    999.000
    RSC                1.000      0.000    999.000    999.000
    AAG                1.000      0.000    999.000    999.000
    PAG                1.000      0.000    999.000    999.000


R-SQUARE

Within Level

    Observed                                        Two-Tailed     Scale
    Variable        Estimate       S.E.  Est./S.E.    P-Value     Factors

    SCECORR            0.495      0.070      7.042      0.000      0.711
    COLCORR            0.204      0.035      5.911      0.000      0.892
    EMOCORR            0.215      0.027      7.963      0.000      0.886
    PHIPP              0.315      0.005     58.045      0.000      0.000
    PREC               0.428      0.006     73.783      0.000      0.000
    PCC                0.615      0.004    162.232      0.000      0.000
    MPFC               0.306      0.005     56.647      0.000      0.000
    PHC                0.360      0.007     49.492      0.000      0.000
    RSC                0.408      0.007     57.482      0.000      0.000
    AAG                0.559      0.007     76.702      0.000      0.000
    PAG                0.503      0.006     80.331      0.000      0.000

     Latent                                         Two-Tailed
    Variable        Estimate       S.E.  Est./S.E.    P-Value

    MEMQ               0.047      0.016      3.029      0.002

Between Level


QUALITY OF NUMERICAL RESULTS

     Condition Number for the Information Matrix              0.207E-07
       (ratio of smallest to largest eigenvalue)


     Beginning Time:  16:25:59
        Ending Time:  16:26:28
       Elapsed Time:  00:00:29



MUTHEN & MUTHEN
3463 Stoner Ave.
Los Angeles, CA  90066

Tel: (310) 391-9971
Fax: (310) 391-8971
Web: www.StatModel.com
Support: Support@StatModel.com

Copyright (c) 1998-2018 Muthen & Muthen
