Mplus VERSION 8.2 (Linux)
MUTHEN & MUTHEN
06/23/2021   2:21 PM

INPUT INSTRUCTIONS

  TITLE: Measurement Model -- Testing for Crosslevel Invariance
  DATA: FILE is tidy_roi_data.dat;
  VARIABLE:
    NAMES are subject pHipp PREC PCC MPFC PHC RSC aAG pAG SceCorr ColCorr EmoCorr;
    USEVARIABLES are subject pHipp PREC PCC MPFC PHC RSC aAG pAG;
    CLUSTER = subject;
  ANALYSIS:
  TYPE = TWOLEVEL;
  ESTIMATOR = MLR;
  MODEL:
  %WITHIN%
  PMN BY pHipp(1)
  PREC (2)
  PCC (3)
  MPFC (4)
  PHC (5)
  RSC (6)
  aAG (7)
  pAG (8);
  %BETWEEN%
  PMNb BY pHipp(1)
  PREC (2)
  PCC (3)	
  MPFC (4)
  PHC (5)	
  RSC (6)	
  aAG (7)	
  pAG (8);
  pHipp
  PREC
  PCC
  MPFC
  PHC
  RSC
  aAG
  pAG
  Output:
  stdyx modindices;



INPUT READING TERMINATED NORMALLY



Measurement Model -- Testing for Crosslevel Invariance

SUMMARY OF ANALYSIS

Number of groups                                                 1
Number of observations                                        3888

Number of dependent variables                                    8
Number of independent variables                                  0
Number of continuous latent variables                            2

Observed dependent variables

  Continuous
   PHIPP       PREC        PCC         MPFC        PHC         RSC
   AAG         PAG

Continuous latent variables
   PMN         PMNB

Variables with special functions

  Cluster variable      SUBJECT

Estimator                                                      MLR
Information matrix                                        OBSERVED
Maximum number of iterations                                   100
Convergence criterion                                    0.100D-05
Maximum number of EM iterations                                500
Convergence criteria for the EM algorithm
  Loglikelihood change                                   0.100D-02
  Relative loglikelihood change                          0.100D-05
  Derivative                                             0.100D-03
Minimum variance                                         0.100D-03
Maximum number of steepest descent iterations                   20
Maximum number of iterations for H1                           2000
Convergence criterion for H1                             0.100D-03
Optimization algorithm                                         EMA

Input data file(s)
  tidy_roi_data.dat
Input data format  FREE


SUMMARY OF DATA

     Number of clusters                         28

     Average cluster size      138.857

     Estimated Intraclass Correlations for the Y Variables

                Intraclass              Intraclass              Intraclass
     Variable  Correlation   Variable  Correlation   Variable  Correlation

     PHIPP        0.037      PREC         0.085      PCC          0.193
     MPFC         0.087      PHC          0.124      RSC          0.156
     AAG          0.255      PAG          0.077




UNIVARIATE SAMPLE STATISTICS


     UNIVARIATE HIGHER-ORDER MOMENT DESCRIPTIVE STATISTICS

         Variable/         Mean/     Skewness/   Minimum/ % with                Percentiles
        Sample Size      Variance    Kurtosis    Maximum  Min/Max      20%/60%    40%/80%    Median

     PHIPP                 0.034      -0.052      -0.752    0.03%      -0.115     -0.013      0.034
            3888.000       0.034       0.550       0.999    0.03%       0.079      0.187
     PREC                  0.068       0.006      -1.073    0.03%      -0.135      0.007      0.064
            3888.000       0.063       0.618       1.134    0.03%       0.122      0.272
     PCC                   0.119       0.128      -1.587    0.03%      -0.129      0.043      0.118
            3888.000       0.097       0.813       1.478    0.03%       0.188      0.363
     MPFC                  0.000      -0.087      -1.699    0.03%      -0.271     -0.077      0.002
            3888.000       0.114       1.100       1.929    0.03%       0.089      0.271
     PHC                   0.046      -0.133      -1.171    0.03%      -0.115      0.003      0.050
            3888.000       0.041       0.688       0.877    0.03%       0.096      0.209
     RSC                   0.113      -0.027      -0.943    0.03%      -0.078      0.058      0.114
            3888.000       0.052       0.288       0.978    0.03%       0.170      0.299
     AAG                   0.082       0.180      -1.675    0.03%      -0.239     -0.018      0.077
            3888.000       0.162       0.890       1.986    0.03%       0.173      0.394
     PAG                   0.060      -0.170      -2.105    0.03%      -0.223     -0.016      0.067
            3888.000       0.129       1.102       1.732    0.03%       0.147      0.347

     THE STANDARD ERRORS OF THE MODEL PARAMETER ESTIMATES MAY NOT BE
     TRUSTWORTHY FOR SOME PARAMETERS DUE TO A NON-POSITIVE DEFINITE
     FIRST-ORDER DERIVATIVE PRODUCT MATRIX.  THIS MAY BE DUE TO THE STARTING
     VALUES BUT MAY ALSO BE AN INDICATION OF MODEL NONIDENTIFICATION.  THE
     CONDITION NUMBER IS      -0.208D-17.  PROBLEM INVOLVING THE FOLLOWING PARAMETER:
     Parameter 29, %BETWEEN%: PHC

     THE NONIDENTIFICATION IS MOST LIKELY DUE TO HAVING MORE PARAMETERS THAN THE
     NUMBER OF CLUSTERS. REDUCE THE NUMBER OF PARAMETERS.


THE MODEL ESTIMATION TERMINATED NORMALLY



MODEL FIT INFORMATION

Number of Free Parameters                       33

Loglikelihood

          H0 Value                        2004.168
          H0 Scaling Correction Factor      4.1417
            for MLR
          H1 Value                        2439.857
          H1 Scaling Correction Factor      2.8470
            for MLR

Information Criteria

          Akaike (AIC)                   -3942.337
          Bayesian (BIC)                 -3735.570
          Sample-Size Adjusted BIC       -3840.429
            (n* = (n + 2) / 24)

Chi-Square Test of Model Fit

          Value                            449.648*
          Degrees of Freedom                    47
          P-Value                           0.0000
          Scaling Correction Factor         1.9379
            for MLR

*   The chi-square value for MLM, MLMV, MLR, ULSMV, WLSM and WLSMV cannot be used
    for chi-square difference testing in the regular way.  MLM, MLR and WLSM
    chi-square difference testing is described on the Mplus website.  MLMV, WLSMV,
    and ULSMV difference testing is done using the DIFFTEST option.

RMSEA (Root Mean Square Error Of Approximation)

          Estimate                           0.047

CFI/TLI

          CFI                                0.889
          TLI                                0.868

Chi-Square Test of Model Fit for the Baseline Model

          Value                           3678.142
          Degrees of Freedom                    56
          P-Value                           0.0000

SRMR (Standardized Root Mean Square Residual)

          Value for Within                   0.052
          Value for Between                  0.217



MODEL RESULTS

                                                    Two-Tailed
                    Estimate       S.E.  Est./S.E.    P-Value

Within Level

 PMN      BY
    PHIPP              1.000      0.000    999.000    999.000
    PREC               1.580      0.107     14.715      0.000
    PCC                2.106      0.139     15.102      0.000
    MPFC               1.817      0.145     12.539      0.000
    PHC                0.995      0.062     16.106      0.000
    RSC                1.176      0.081     14.526      0.000
    AAG                2.574      0.201     12.818      0.000
    PAG                2.150      0.153     14.046      0.000

 Variances
    PMN                0.010      0.001      6.625      0.000

 Residual Variances
    PHIPP              0.023      0.001     24.207      0.000
    PREC               0.033      0.002     13.528      0.000
    PCC                0.035      0.003     14.039      0.000
    MPFC               0.072      0.007      9.723      0.000
    PHC                0.026      0.002     16.518      0.000
    RSC                0.030      0.002     16.087      0.000
    AAG                0.057      0.004     13.279      0.000
    PAG                0.074      0.007     11.029      0.000

Between Level

 PMNB     BY
    PHIPP              1.000      0.000    999.000    999.000
    PREC               1.580      0.107     14.715      0.000
    PCC                2.106      0.139     15.102      0.000
    MPFC               1.817      0.145     12.539      0.000
    PHC                0.995      0.062     16.106      0.000
    RSC                1.176      0.081     14.526      0.000
    AAG                2.574      0.201     12.818      0.000
    PAG                2.150      0.153     14.046      0.000

 Intercepts
    PHIPP              0.033      0.007      4.599      0.000
    PREC               0.066      0.014      4.628      0.000
    PCC                0.115      0.026      4.404      0.000
    MPFC              -0.002      0.020     -0.084      0.933
    PHC                0.045      0.014      3.245      0.001
    RSC                0.111      0.017      6.441      0.000
    AAG                0.083      0.039      2.136      0.033
    PAG                0.059      0.020      2.996      0.003

 Variances
    PMNB               0.001      0.000      2.433      0.015

 Residual Variances
    PHIPP              0.001      0.000      2.646      0.008
    PREC               0.004      0.001      3.136      0.002
    PCC                0.013      0.006      2.376      0.017
    MPFC               0.010      0.002      4.146      0.000
    PHC                0.004      0.001      3.780      0.000
    RSC                0.006      0.002      3.584      0.000
    AAG                0.036      0.016      2.222      0.026
    PAG                0.010      0.002      4.856      0.000


STANDARDIZED MODEL RESULTS


STDYX Standardization

                                                    Two-Tailed
                    Estimate       S.E.  Est./S.E.    P-Value

Within Level

 PMN      BY
    PHIPP              0.546      0.029     19.002      0.000
    PREC               0.648      0.030     21.620      0.000
    PCC                0.741      0.022     33.834      0.000
    MPFC               0.554      0.034     16.178      0.000
    PHC                0.518      0.030     17.396      0.000
    RSC                0.554      0.034     16.359      0.000
    AAG                0.728      0.019     37.809      0.000
    PAG                0.613      0.029     20.877      0.000

 Variances
    PMN                1.000      0.000    999.000    999.000

 Residual Variances
    PHIPP              0.702      0.031     22.352      0.000
    PREC               0.580      0.039     14.939      0.000
    PCC                0.451      0.032     13.872      0.000
    MPFC               0.693      0.038     18.283      0.000
    PHC                0.732      0.031     23.733      0.000
    RSC                0.693      0.038     18.487      0.000
    AAG                0.471      0.028     16.813      0.000
    PAG                0.624      0.036     17.339      0.000

Between Level

 PMNB     BY
    PHIPP              0.706      0.085      8.300      0.000
    PREC               0.513      0.109      4.693      0.000
    PCC                0.407      0.074      5.504      0.000
    MPFC               0.409      0.083      4.935      0.000
    PHC                0.352      0.075      4.669      0.000
    RSC                0.340      0.084      4.035      0.000
    AAG                0.312      0.081      3.853      0.000
    PAG                0.459      0.082      5.627      0.000

 Intercepts
    PHIPP              0.967      0.231      4.180      0.000
    PREC               0.884      0.205      4.314      0.000
    PCC                0.915      0.243      3.771      0.000
    MPFC              -0.015      0.180     -0.084      0.933
    PHC                0.650      0.233      2.796      0.005
    RSC                1.323      0.239      5.543      0.000
    AAG                0.413      0.170      2.427      0.015
    PAG                0.517      0.196      2.631      0.009

 Variances
    PMNB               1.000      0.000    999.000    999.000

 Residual Variances
    PHIPP              0.502      0.120      4.181      0.000
    PREC               0.737      0.112      6.577      0.000
    PCC                0.835      0.060     13.901      0.000
    MPFC               0.833      0.068     12.289      0.000
    PHC                0.876      0.053     16.534      0.000
    RSC                0.884      0.057     15.431      0.000
    AAG                0.903      0.051     17.857      0.000
    PAG                0.789      0.075     10.531      0.000


R-SQUARE

Within Level

    Observed                                        Two-Tailed
    Variable        Estimate       S.E.  Est./S.E.    P-Value

    PHIPP              0.298      0.031      9.501      0.000
    PREC               0.420      0.039     10.810      0.000
    PCC                0.549      0.032     16.917      0.000
    MPFC               0.307      0.038      8.089      0.000
    PHC                0.268      0.031      8.698      0.000
    RSC                0.307      0.038      8.179      0.000
    AAG                0.529      0.028     18.905      0.000
    PAG                0.376      0.036     10.438      0.000

Between Level

    Observed                                        Two-Tailed
    Variable        Estimate       S.E.  Est./S.E.    P-Value

    PHIPP              0.498      0.120      4.150      0.000
    PREC               0.263      0.112      2.347      0.019
    PCC                0.165      0.060      2.752      0.006
    MPFC               0.167      0.068      2.468      0.014
    PHC                0.124      0.053      2.334      0.020
    RSC                0.116      0.057      2.017      0.044
    AAG                0.097      0.051      1.926      0.054
    PAG                0.211      0.075      2.814      0.005


QUALITY OF NUMERICAL RESULTS

     Condition Number for the Information Matrix             -0.208E-17
       (ratio of smallest to largest eigenvalue)


MODEL MODIFICATION INDICES

NOTE:  Modification indices for direct effects of observed dependent variables
regressed on covariates may not be included.  To include these, request
MODINDICES (ALL).

Minimum M.I. value for printing the modification index    10.000

                                   M.I.     E.P.C.  Std E.P.C.  StdYX E.P.C.

Within Level

WITH Statements

MPFC     WITH PHIPP               38.088     0.006      0.006        0.153
MPFC     WITH PREC                11.685    -0.004     -0.004       -0.088
MPFC     WITH PCC                 65.207     0.011      0.011        0.225
PHC      WITH PCC                 42.362    -0.005     -0.005       -0.179
PHC      WITH MPFC                28.791    -0.006     -0.006       -0.132
RSC      WITH PCC                 22.464    -0.004     -0.004       -0.132
RSC      WITH MPFC                11.603    -0.004     -0.004       -0.084
RSC      WITH PHC                 81.416     0.006      0.006        0.221
AAG      WITH MPFC                18.169     0.008      0.008        0.117
AAG      WITH PHC                 13.561    -0.004     -0.004       -0.100
PAG      WITH MPFC               101.588    -0.019     -0.019       -0.255
PAG      WITH PHC                 88.742     0.010      0.010        0.236
PAG      WITH RSC                 42.492     0.008      0.008        0.165

Between Level


TECHNICAL 1 OUTPUT


     PARAMETER SPECIFICATION FOR WITHIN


           NU
              PHIPP         PREC          PCC           MPFC          PHC
              ________      ________      ________      ________      ________
                    0             0             0             0             0


           NU
              RSC           AAG           PAG
              ________      ________      ________
                    0             0             0


           LAMBDA
              PMN
              ________
 PHIPP              0
 PREC               1
 PCC                2
 MPFC               3
 PHC                4
 RSC                5
 AAG                6
 PAG                7


           THETA
              PHIPP         PREC          PCC           MPFC          PHC
              ________      ________      ________      ________      ________
 PHIPP              8
 PREC               0             9
 PCC                0             0            10
 MPFC               0             0             0            11
 PHC                0             0             0             0            12
 RSC                0             0             0             0             0
 AAG                0             0             0             0             0
 PAG                0             0             0             0             0


           THETA
              RSC           AAG           PAG
              ________      ________      ________
 RSC               13
 AAG                0            14
 PAG                0             0            15


           ALPHA
              PMN
              ________
                    0


           BETA
              PMN
              ________
 PMN                0


           PSI
              PMN
              ________
 PMN               16


     PARAMETER SPECIFICATION FOR BETWEEN


           NU
              PHIPP         PREC          PCC           MPFC          PHC
              ________      ________      ________      ________      ________
                   17            18            19            20            21


           NU
              RSC           AAG           PAG
              ________      ________      ________
                   22            23            24


           LAMBDA
              PMNB
              ________
 PHIPP              0
 PREC               1
 PCC                2
 MPFC               3
 PHC                4
 RSC                5
 AAG                6
 PAG                7


           THETA
              PHIPP         PREC          PCC           MPFC          PHC
              ________      ________      ________      ________      ________
 PHIPP             25
 PREC               0            26
 PCC                0             0            27
 MPFC               0             0             0            28
 PHC                0             0             0             0            29
 RSC                0             0             0             0             0
 AAG                0             0             0             0             0
 PAG                0             0             0             0             0


           THETA
              RSC           AAG           PAG
              ________      ________      ________
 RSC               30
 AAG                0            31
 PAG                0             0            32


           ALPHA
              PMNB
              ________
                    0


           BETA
              PMNB
              ________
 PMNB               0


           PSI
              PMNB
              ________
 PMNB              33


     STARTING VALUES FOR WITHIN


           NU
              PHIPP         PREC          PCC           MPFC          PHC
              ________      ________      ________      ________      ________
                0.000         0.000         0.000         0.000         0.000


           NU
              RSC           AAG           PAG
              ________      ________      ________
                0.000         0.000         0.000


           LAMBDA
              PMN
              ________
 PHIPP          1.000
 PREC           1.000
 PCC            1.000
 MPFC           1.000
 PHC            1.000
 RSC            1.000
 AAG            1.000
 PAG            1.000


           THETA
              PHIPP         PREC          PCC           MPFC          PHC
              ________      ________      ________      ________      ________
 PHIPP          0.017
 PREC           0.000         0.031
 PCC            0.000         0.000         0.048
 MPFC           0.000         0.000         0.000         0.057
 PHC            0.000         0.000         0.000         0.000         0.020
 RSC            0.000         0.000         0.000         0.000         0.000
 AAG            0.000         0.000         0.000         0.000         0.000
 PAG            0.000         0.000         0.000         0.000         0.000


           THETA
              RSC           AAG           PAG
              ________      ________      ________
 RSC            0.026
 AAG            0.000         0.081
 PAG            0.000         0.000         0.064


           ALPHA
              PMN
              ________
                0.000


           BETA
              PMN
              ________
 PMN            0.000


           PSI
              PMN
              ________
 PMN            0.050


     STARTING VALUES FOR BETWEEN


           NU
              PHIPP         PREC          PCC           MPFC          PHC
              ________      ________      ________      ________      ________
                0.034         0.068         0.119         0.000         0.046


           NU
              RSC           AAG           PAG
              ________      ________      ________
                0.113         0.082         0.060


           LAMBDA
              PMNB
              ________
 PHIPP          1.000
 PREC           1.000
 PCC            1.000
 MPFC           1.000
 PHC            1.000
 RSC            1.000
 AAG            1.000
 PAG            1.000


           THETA
              PHIPP         PREC          PCC           MPFC          PHC
              ________      ________      ________      ________      ________
 PHIPP          0.017
 PREC           0.000         0.031
 PCC            0.000         0.000         0.048
 MPFC           0.000         0.000         0.000         0.057
 PHC            0.000         0.000         0.000         0.000         0.020
 RSC            0.000         0.000         0.000         0.000         0.000
 AAG            0.000         0.000         0.000         0.000         0.000
 PAG            0.000         0.000         0.000         0.000         0.000


           THETA
              RSC           AAG           PAG
              ________      ________      ________
 RSC            0.026
 AAG            0.000         0.081
 PAG            0.000         0.000         0.064


           ALPHA
              PMNB
              ________
                0.000


           BETA
              PMNB
              ________
 PMNB           0.000


           PSI
              PMNB
              ________
 PMNB           0.050


     Beginning Time:  14:21:51
        Ending Time:  14:21:53
       Elapsed Time:  00:00:02



MUTHEN & MUTHEN
3463 Stoner Ave.
Los Angeles, CA  90066

Tel: (310) 391-9971
Fax: (310) 391-8971
Web: www.StatModel.com
Support: Support@StatModel.com

Copyright (c) 1998-2018 Muthen & Muthen
