Mplus VERSION 8.2 (Linux)
MUTHEN & MUTHEN
06/28/2021   8:47 PM

INPUT INSTRUCTIONS

  TITLE: Within Measurement Model -- One Latent Factor
  DATA: FILE is tidy_roi_data.dat;
  VARIABLE:
    NAMES are subject pHipp PREC PCC MPFC PHC RSC aAG pAG SceCorr ColCorr EmoCorr;
    USEVARIABLES are subject pHipp PREC PCC MPFC PHC RSC aAG pAG;
    CLUSTER = subject;
  ANALYSIS:
  TYPE = TWOLEVEL;
  ESTIMATOR = MLR;
  MODEL:
  %WITHIN%
  PMN BY pHipp-pAG;
  pAG WITH MPFC;
  %BETWEEN%
  pHipp;
  PREC;
  PCC;
  MPFC;
  PHC;
  RSC;
  aAG;
  pAG;
  [pHipp];
  [PREC];
  [PCC];
  [MPFC];
  [PHC];
  [RSC];
  [aAG];
  [pAG];
  Output:
  sampstat stdyx modindices;



INPUT READING TERMINATED NORMALLY



Within Measurement Model -- One Latent Factor

SUMMARY OF ANALYSIS

Number of groups                                                 1
Number of observations                                        3888

Number of dependent variables                                    8
Number of independent variables                                  0
Number of continuous latent variables                            1

Observed dependent variables

  Continuous
   PHIPP       PREC        PCC         MPFC        PHC         RSC
   AAG         PAG

Continuous latent variables
   PMN

Variables with special functions

  Cluster variable      SUBJECT

Estimator                                                      MLR
Information matrix                                        OBSERVED
Maximum number of iterations                                   100
Convergence criterion                                    0.100D-05
Maximum number of EM iterations                                500
Convergence criteria for the EM algorithm
  Loglikelihood change                                   0.100D-02
  Relative loglikelihood change                          0.100D-05
  Derivative                                             0.100D-03
Minimum variance                                         0.100D-03
Maximum number of steepest descent iterations                   20
Maximum number of iterations for H1                           2000
Convergence criterion for H1                             0.100D-03
Optimization algorithm                                         EMA

Input data file(s)
  tidy_roi_data.dat
Input data format  FREE


SUMMARY OF DATA

     Number of clusters                         28

     Average cluster size      138.857

     Estimated Intraclass Correlations for the Y Variables

                Intraclass              Intraclass              Intraclass
     Variable  Correlation   Variable  Correlation   Variable  Correlation

     PHIPP        0.037      PREC         0.085      PCC          0.193
     MPFC         0.087      PHC          0.124      RSC          0.156
     AAG          0.255      PAG          0.077



SAMPLE STATISTICS

NOTE:  The sample statistics for within and between refer to the
       maximum-likelihood estimated within and between covariance
       matrices, respectively.


     ESTIMATED SAMPLE STATISTICS FOR WITHIN


           Means
              PHIPP         PREC          PCC           MPFC          PHC
              ________      ________      ________      ________      ________
                0.000         0.000         0.000         0.000         0.000


           Means
              RSC           AAG           PAG
              ________      ________      ________
                0.000         0.000         0.000


           Covariances
              PHIPP         PREC          PCC           MPFC          PHC
              ________      ________      ________      ________      ________
 PHIPP          0.032
 PREC           0.014         0.058
 PCC            0.020         0.034         0.078
 MPFC           0.023         0.025         0.044         0.104
 PHC            0.011         0.014         0.017         0.013         0.036
 RSC            0.011         0.018         0.021         0.017         0.016
 AAG            0.024         0.041         0.054         0.050         0.022
 PAG            0.021         0.033         0.042         0.023         0.029


           Covariances
              RSC           AAG           PAG
              ________      ________      ________
 RSC            0.044
 AAG            0.027         0.121
 PAG            0.031         0.052         0.119


           Correlations
              PHIPP         PREC          PCC           MPFC          PHC
              ________      ________      ________      ________      ________
 PHIPP          1.000
 PREC           0.330         1.000
 PCC            0.394         0.504         1.000
 MPFC           0.390         0.317         0.492         1.000
 PHC            0.315         0.318         0.315         0.209         1.000
 RSC            0.281         0.356         0.362         0.259         0.418
 AAG            0.380         0.485         0.555         0.448         0.336
 PAG            0.331         0.404         0.433         0.209         0.445


           Correlations
              RSC           AAG           PAG
              ________      ________      ________
 RSC            1.000
 AAG            0.376         1.000
 PAG            0.425         0.433         1.000


     ESTIMATED SAMPLE STATISTICS FOR BETWEEN


           Means
              PHIPP         PREC          PCC           MPFC          PHC
              ________      ________      ________      ________      ________
                0.033         0.066         0.116        -0.001         0.045


           Means
              RSC           AAG           PAG
              ________      ________      ________
                0.111         0.083         0.059


           Covariances
              PHIPP         PREC          PCC           MPFC          PHC
              ________      ________      ________      ________      ________
 PHIPP          0.001
 PREC           0.001         0.005
 PCC            0.002         0.003         0.019
 MPFC           0.001         0.001         0.004         0.010
 PHC            0.001         0.002         0.003        -0.003         0.005
 RSC            0.001         0.003         0.005        -0.002         0.004
 AAG            0.002         0.002         0.007         0.010        -0.005
 PAG            0.001        -0.001         0.001        -0.004         0.003


           Covariances
              RSC           AAG           PAG
              ________      ________      ________
 RSC            0.008
 AAG            0.005         0.041
 PAG            0.001        -0.003         0.010


           Correlations
              PHIPP         PREC          PCC           MPFC          PHC
              ________      ________      ________      ________      ________
 PHIPP          1.000
 PREC           0.200         1.000
 PCC            0.489         0.277         1.000
 MPFC           0.259         0.168         0.273         1.000
 PHC            0.324         0.412         0.268        -0.357         1.000
 RSC            0.285         0.522         0.406        -0.186         0.576
 AAG            0.334         0.148         0.257         0.512        -0.311
 PAG            0.242        -0.083         0.084        -0.374         0.417


           Correlations
              RSC           AAG           PAG
              ________      ________      ________
 RSC            1.000
 AAG            0.293         1.000
 PAG            0.095        -0.167         1.000


UNIVARIATE SAMPLE STATISTICS


     UNIVARIATE HIGHER-ORDER MOMENT DESCRIPTIVE STATISTICS

         Variable/         Mean/     Skewness/   Minimum/ % with                Percentiles
        Sample Size      Variance    Kurtosis    Maximum  Min/Max      20%/60%    40%/80%    Median

     PHIPP                 0.034      -0.052      -0.752    0.03%      -0.115     -0.013      0.034
            3888.000       0.034       0.550       0.999    0.03%       0.079      0.187
     PREC                  0.068       0.006      -1.073    0.03%      -0.135      0.007      0.064
            3888.000       0.063       0.618       1.134    0.03%       0.122      0.272
     PCC                   0.119       0.128      -1.587    0.03%      -0.129      0.043      0.118
            3888.000       0.097       0.813       1.478    0.03%       0.188      0.363
     MPFC                  0.000      -0.087      -1.699    0.03%      -0.271     -0.077      0.002
            3888.000       0.114       1.100       1.929    0.03%       0.089      0.271
     PHC                   0.046      -0.133      -1.171    0.03%      -0.115      0.003      0.050
            3888.000       0.041       0.688       0.877    0.03%       0.096      0.209
     RSC                   0.113      -0.027      -0.943    0.03%      -0.078      0.058      0.114
            3888.000       0.052       0.288       0.978    0.03%       0.170      0.299
     AAG                   0.082       0.180      -1.675    0.03%      -0.239     -0.018      0.077
            3888.000       0.162       0.890       1.986    0.03%       0.173      0.394
     PAG                   0.060      -0.170      -2.105    0.03%      -0.223     -0.016      0.067
            3888.000       0.129       1.102       1.732    0.03%       0.147      0.347

     THE STANDARD ERRORS OF THE MODEL PARAMETER ESTIMATES MAY NOT BE
     TRUSTWORTHY FOR SOME PARAMETERS DUE TO A NON-POSITIVE DEFINITE
     FIRST-ORDER DERIVATIVE PRODUCT MATRIX.  THIS MAY BE DUE TO THE STARTING
     VALUES BUT MAY ALSO BE AN INDICATION OF MODEL NONIDENTIFICATION.  THE
     CONDITION NUMBER IS      -0.230D-17.  PROBLEM INVOLVING THE FOLLOWING PARAMETER:
     Parameter 29, %BETWEEN%: MPFC

     THE NONIDENTIFICATION IS MOST LIKELY DUE TO HAVING MORE PARAMETERS THAN THE
     NUMBER OF CLUSTERS. REDUCE THE NUMBER OF PARAMETERS.


THE MODEL ESTIMATION TERMINATED NORMALLY



MODEL FIT INFORMATION

Number of Free Parameters                       33

Loglikelihood

          H0 Value                        2104.253
          H0 Scaling Correction Factor      4.2870
            for MLR
          H1 Value                        2439.857
          H1 Scaling Correction Factor      2.8470
            for MLR

Information Criteria

          Akaike (AIC)                   -4142.507
          Bayesian (BIC)                 -3935.740
          Sample-Size Adjusted BIC       -4040.599
            (n* = (n + 2) / 24)

Chi-Square Test of Model Fit

          Value                            365.604*
          Degrees of Freedom                    47
          P-Value                           0.0000
          Scaling Correction Factor         1.8359
            for MLR

*   The chi-square value for MLM, MLMV, MLR, ULSMV, WLSM and WLSMV cannot be used
    for chi-square difference testing in the regular way.  MLM, MLR and WLSM
    chi-square difference testing is described on the Mplus website.  MLMV, WLSMV,
    and ULSMV difference testing is done using the DIFFTEST option.

RMSEA (Root Mean Square Error Of Approximation)

          Estimate                           0.042

CFI/TLI

          CFI                                0.912
          TLI                                0.895

Chi-Square Test of Model Fit for the Baseline Model

          Value                           3678.142
          Degrees of Freedom                    56
          P-Value                           0.0000

SRMR (Standardized Root Mean Square Residual)

          Value for Within                   0.046
          Value for Between                  0.259



MODEL RESULTS

                                                    Two-Tailed
                    Estimate       S.E.  Est./S.E.    P-Value

Within Level

 PMN      BY
    PHIPP              1.000      0.000    999.000    999.000
    PREC               1.544      0.106     14.628      0.000
    PCC                2.083      0.139     14.985      0.000
    MPFC               1.925      0.156     12.321      0.000
    PHC                0.989      0.061     16.133      0.000
    RSC                1.165      0.080     14.501      0.000
    AAG                2.536      0.194     13.080      0.000
    PAG                2.248      0.170     13.214      0.000

 PAG      WITH
    MPFC              -0.019      0.003     -5.573      0.000

 Variances
    PMN                0.010      0.001      6.588      0.000

 Residual Variances
    PHIPP              0.023      0.001     25.313      0.000
    PREC               0.034      0.003     13.516      0.000
    PCC                0.036      0.002     14.632      0.000
    MPFC               0.068      0.007      9.752      0.000
    PHC                0.026      0.002     16.709      0.000
    RSC                0.030      0.002     15.714      0.000
    AAG                0.058      0.004     14.098      0.000
    PAG                0.070      0.007     10.721      0.000

Between Level

 Means
    PHIPP              0.034      0.007      4.620      0.000
    PREC               0.067      0.014      4.639      0.000
    PCC                0.116      0.026      4.411      0.000
    MPFC              -0.001      0.020     -0.074      0.941
    PHC                0.045      0.014      3.253      0.001
    RSC                0.111      0.017      6.445      0.000
    AAG                0.083      0.039      2.139      0.032
    PAG                0.059      0.020      3.010      0.003

 Variances
    PHIPP              0.001      0.000      2.477      0.013
    PREC               0.005      0.001      3.709      0.000
    PCC                0.017      0.008      2.172      0.030
    MPFC               0.010      0.002      4.150      0.000
    PHC                0.005      0.001      3.877      0.000
    RSC                0.008      0.002      3.825      0.000
    AAG                0.040      0.015      2.611      0.009
    PAG                0.010      0.003      3.645      0.000


STANDARDIZED MODEL RESULTS


STDYX Standardization

                                                    Two-Tailed
                    Estimate       S.E.  Est./S.E.    P-Value

Within Level

 PMN      BY
    PHIPP              0.549      0.029     19.127      0.000
    PREC               0.636      0.031     20.814      0.000
    PCC                0.737      0.022     33.365      0.000
    MPFC               0.589      0.032     18.176      0.000
    PHC                0.518      0.030     17.416      0.000
    RSC                0.552      0.034     16.402      0.000
    AAG                0.720      0.018     39.792      0.000
    PAG                0.644      0.028     23.085      0.000

 PAG      WITH
    MPFC              -0.275      0.041     -6.795      0.000

 Variances
    PMN                1.000      0.000    999.000    999.000

 Residual Variances
    PHIPP              0.699      0.031     22.182      0.000
    PREC               0.596      0.039     15.322      0.000
    PCC                0.457      0.033     14.040      0.000
    MPFC               0.653      0.038     17.070      0.000
    PHC                0.732      0.031     23.768      0.000
    RSC                0.696      0.037     18.756      0.000
    AAG                0.481      0.026     18.453      0.000
    PAG                0.585      0.036     16.288      0.000

Between Level

 Means
    PHIPP              1.013      0.258      3.929      0.000
    PREC               0.940      0.219      4.285      0.000
    PCC                0.877      0.247      3.552      0.000
    MPFC              -0.015      0.197     -0.074      0.941
    PHC                0.645      0.237      2.719      0.007
    RSC                1.276      0.240      5.318      0.000
    AAG                0.415      0.175      2.375      0.018
    PAG                0.598      0.249      2.405      0.016

 Variances
    PHIPP              1.000      0.000    999.000    999.000
    PREC               1.000      0.000    999.000    999.000
    PCC                1.000      0.000    999.000    999.000
    MPFC               1.000      0.000    999.000    999.000
    PHC                1.000      0.000    999.000    999.000
    RSC                1.000      0.000    999.000    999.000
    AAG                1.000      0.000    999.000    999.000
    PAG                1.000      0.000    999.000    999.000


R-SQUARE

Within Level

    Observed                                        Two-Tailed
    Variable        Estimate       S.E.  Est./S.E.    P-Value

    PHIPP              0.301      0.031      9.564      0.000
    PREC               0.404      0.039     10.407      0.000
    PCC                0.543      0.033     16.682      0.000
    MPFC               0.347      0.038      9.088      0.000
    PHC                0.268      0.031      8.708      0.000
    RSC                0.304      0.037      8.201      0.000
    AAG                0.519      0.026     19.896      0.000
    PAG                0.415      0.036     11.543      0.000

Between Level


QUALITY OF NUMERICAL RESULTS

     Condition Number for the Information Matrix             -0.230E-17
       (ratio of smallest to largest eigenvalue)


MODEL MODIFICATION INDICES

NOTE:  Modification indices for direct effects of observed dependent variables
regressed on covariates may not be included.  To include these, request
MODINDICES (ALL).

Minimum M.I. value for printing the modification index    10.000

                                   M.I.     E.P.C.  Std E.P.C.  StdYX E.P.C.

Within Level

WITH Statements

PCC      WITH PREC                16.271     0.004      0.004        0.112
MPFC     WITH PHIPP               25.546     0.005      0.005        0.125
MPFC     WITH PREC                31.332    -0.007     -0.007       -0.146
MPFC     WITH PCC                 30.909     0.008      0.008        0.161
PHC      WITH PCC                 38.866    -0.005     -0.005       -0.162
PHC      WITH MPFC                26.251    -0.005     -0.005       -0.126
RSC      WITH PCC                 18.354    -0.004     -0.004       -0.113
RSC      WITH MPFC                14.543    -0.004     -0.004       -0.095
RSC      WITH PHC                 85.539     0.006      0.006        0.219
AAG      WITH PCC                 10.750     0.005      0.005        0.099
AAG      WITH PHC                 10.746    -0.003     -0.003       -0.084
PAG      WITH PCC                 11.513    -0.005     -0.005       -0.102
PAG      WITH PHC                 57.429     0.008      0.008        0.190
PAG      WITH RSC                 22.657     0.006      0.006        0.121

Between Level


TECHNICAL 1 OUTPUT


     PARAMETER SPECIFICATION FOR WITHIN


           NU
              PHIPP         PREC          PCC           MPFC          PHC
              ________      ________      ________      ________      ________
                    0             0             0             0             0


           NU
              RSC           AAG           PAG
              ________      ________      ________
                    0             0             0


           LAMBDA
              PMN
              ________
 PHIPP              0
 PREC               1
 PCC                2
 MPFC               3
 PHC                4
 RSC                5
 AAG                6
 PAG                7


           THETA
              PHIPP         PREC          PCC           MPFC          PHC
              ________      ________      ________      ________      ________
 PHIPP              8
 PREC               0             9
 PCC                0             0            10
 MPFC               0             0             0            11
 PHC                0             0             0             0            12
 RSC                0             0             0             0             0
 AAG                0             0             0             0             0
 PAG                0             0             0            15             0


           THETA
              RSC           AAG           PAG
              ________      ________      ________
 RSC               13
 AAG                0            14
 PAG                0             0            16


           ALPHA
              PMN
              ________
                    0


           BETA
              PMN
              ________
 PMN                0


           PSI
              PMN
              ________
 PMN               17


     PARAMETER SPECIFICATION FOR BETWEEN


           NU
              PHIPP         PREC          PCC           MPFC          PHC
              ________      ________      ________      ________      ________
                   18            19            20            21            22


           NU
              RSC           AAG           PAG
              ________      ________      ________
                   23            24            25


           THETA
              PHIPP         PREC          PCC           MPFC          PHC
              ________      ________      ________      ________      ________
 PHIPP             26
 PREC               0            27
 PCC                0             0            28
 MPFC               0             0             0            29
 PHC                0             0             0             0            30
 RSC                0             0             0             0             0
 AAG                0             0             0             0             0
 PAG                0             0             0             0             0


           THETA
              RSC           AAG           PAG
              ________      ________      ________
 RSC               31
 AAG                0            32
 PAG                0             0            33


     STARTING VALUES FOR WITHIN


           NU
              PHIPP         PREC          PCC           MPFC          PHC
              ________      ________      ________      ________      ________
                0.000         0.000         0.000         0.000         0.000


           NU
              RSC           AAG           PAG
              ________      ________      ________
                0.000         0.000         0.000


           LAMBDA
              PMN
              ________
 PHIPP          1.000
 PREC           1.000
 PCC            1.000
 MPFC           1.000
 PHC            1.000
 RSC            1.000
 AAG            1.000
 PAG            1.000


           THETA
              PHIPP         PREC          PCC           MPFC          PHC
              ________      ________      ________      ________      ________
 PHIPP          0.017
 PREC           0.000         0.031
 PCC            0.000         0.000         0.048
 MPFC           0.000         0.000         0.000         0.057
 PHC            0.000         0.000         0.000         0.000         0.020
 RSC            0.000         0.000         0.000         0.000         0.000
 AAG            0.000         0.000         0.000         0.000         0.000
 PAG            0.000         0.000         0.000         0.000         0.000


           THETA
              RSC           AAG           PAG
              ________      ________      ________
 RSC            0.026
 AAG            0.000         0.081
 PAG            0.000         0.000         0.064


           ALPHA
              PMN
              ________
                0.000


           BETA
              PMN
              ________
 PMN            0.000


           PSI
              PMN
              ________
 PMN            0.050


     STARTING VALUES FOR BETWEEN


           NU
              PHIPP         PREC          PCC           MPFC          PHC
              ________      ________      ________      ________      ________
                0.034         0.068         0.119         0.000         0.046


           NU
              RSC           AAG           PAG
              ________      ________      ________
                0.113         0.082         0.060


           THETA
              PHIPP         PREC          PCC           MPFC          PHC
              ________      ________      ________      ________      ________
 PHIPP          0.017
 PREC           0.000         0.031
 PCC            0.000         0.000         0.048
 MPFC           0.000         0.000         0.000         0.057
 PHC            0.000         0.000         0.000         0.000         0.020
 RSC            0.000         0.000         0.000         0.000         0.000
 AAG            0.000         0.000         0.000         0.000         0.000
 PAG            0.000         0.000         0.000         0.000         0.000


           THETA
              RSC           AAG           PAG
              ________      ________      ________
 RSC            0.026
 AAG            0.000         0.081
 PAG            0.000         0.000         0.064


     Beginning Time:  20:47:12
        Ending Time:  20:47:15
       Elapsed Time:  00:00:03



MUTHEN & MUTHEN
3463 Stoner Ave.
Los Angeles, CA  90066

Tel: (310) 391-9971
Fax: (310) 391-8971
Web: www.StatModel.com
Support: Support@StatModel.com

Copyright (c) 1998-2018 Muthen & Muthen
