Mplus VERSION 8.2 (Linux)
MUTHEN & MUTHEN
06/28/2021   8:54 PM

INPUT INSTRUCTIONS

  TITLE: Within Measurement Model -- One Latent Factor
  DATA: FILE is tidy_roi_data.dat;
  VARIABLE:
    NAMES are subject pHipp PREC PCC MPFC PHC RSC aAG pAG SceCorr ColCorr EmoCorr;
    USEVARIABLES are subject pHipp PREC PCC MPFC PHC RSC aAG pAG;
    CLUSTER = subject;
  ANALYSIS:
  TYPE = TWOLEVEL;
  ESTIMATOR = MLR;
  MODEL:
  %WITHIN%
  PMN BY pHipp-pAG;
  pAG WITH MPFC;
  %BETWEEN%
  pHipp@0
  PREC-pAG;
  PREC WITH PCC-pAG;
  PCC WITH MPFC-pAG;
  MPFC WITH PHC-pAG;
  PHC WITH RSC-pAG;
  RSC WITH aAG pAG;
  aAG WITH pAG;
  Output:
  sampstat modindices;



INPUT READING TERMINATED NORMALLY



Within Measurement Model -- One Latent Factor

SUMMARY OF ANALYSIS

Number of groups                                                 1
Number of observations                                        3888

Number of dependent variables                                    8
Number of independent variables                                  0
Number of continuous latent variables                            1

Observed dependent variables

  Continuous
   PHIPP       PREC        PCC         MPFC        PHC         RSC
   AAG         PAG

Continuous latent variables
   PMN

Variables with special functions

  Cluster variable      SUBJECT

Estimator                                                      MLR
Information matrix                                        OBSERVED
Maximum number of iterations                                   100
Convergence criterion                                    0.100D-05
Maximum number of EM iterations                                500
Convergence criteria for the EM algorithm
  Loglikelihood change                                   0.100D-02
  Relative loglikelihood change                          0.100D-05
  Derivative                                             0.100D-03
Minimum variance                                         0.100D-03
Maximum number of steepest descent iterations                   20
Maximum number of iterations for H1                           2000
Convergence criterion for H1                             0.100D-03
Optimization algorithm                                         EMA

Input data file(s)
  tidy_roi_data.dat
Input data format  FREE


SUMMARY OF DATA

     Number of clusters                         28

     Average cluster size      138.857

     Estimated Intraclass Correlations for the Y Variables

                Intraclass              Intraclass              Intraclass
     Variable  Correlation   Variable  Correlation   Variable  Correlation

     PHIPP        0.037      PREC         0.085      PCC          0.193
     MPFC         0.087      PHC          0.124      RSC          0.156
     AAG          0.255      PAG          0.077



SAMPLE STATISTICS

NOTE:  The sample statistics for within and between refer to the
       maximum-likelihood estimated within and between covariance
       matrices, respectively.


     ESTIMATED SAMPLE STATISTICS FOR WITHIN


           Means
              PHIPP         PREC          PCC           MPFC          PHC
              ________      ________      ________      ________      ________
                0.000         0.000         0.000         0.000         0.000


           Means
              RSC           AAG           PAG
              ________      ________      ________
                0.000         0.000         0.000


           Covariances
              PHIPP         PREC          PCC           MPFC          PHC
              ________      ________      ________      ________      ________
 PHIPP          0.032
 PREC           0.014         0.058
 PCC            0.020         0.034         0.078
 MPFC           0.023         0.025         0.044         0.104
 PHC            0.011         0.014         0.017         0.013         0.036
 RSC            0.011         0.018         0.021         0.017         0.016
 AAG            0.024         0.041         0.054         0.050         0.022
 PAG            0.021         0.033         0.042         0.023         0.029


           Covariances
              RSC           AAG           PAG
              ________      ________      ________
 RSC            0.044
 AAG            0.027         0.121
 PAG            0.031         0.052         0.119


           Correlations
              PHIPP         PREC          PCC           MPFC          PHC
              ________      ________      ________      ________      ________
 PHIPP          1.000
 PREC           0.330         1.000
 PCC            0.394         0.504         1.000
 MPFC           0.390         0.317         0.492         1.000
 PHC            0.315         0.318         0.315         0.209         1.000
 RSC            0.281         0.356         0.362         0.259         0.418
 AAG            0.380         0.485         0.555         0.448         0.336
 PAG            0.331         0.404         0.433         0.209         0.445


           Correlations
              RSC           AAG           PAG
              ________      ________      ________
 RSC            1.000
 AAG            0.376         1.000
 PAG            0.425         0.433         1.000


     ESTIMATED SAMPLE STATISTICS FOR BETWEEN


           Means
              PHIPP         PREC          PCC           MPFC          PHC
              ________      ________      ________      ________      ________
                0.033         0.066         0.116        -0.001         0.045


           Means
              RSC           AAG           PAG
              ________      ________      ________
                0.111         0.083         0.059


           Covariances
              PHIPP         PREC          PCC           MPFC          PHC
              ________      ________      ________      ________      ________
 PHIPP          0.001
 PREC           0.001         0.005
 PCC            0.002         0.003         0.019
 MPFC           0.001         0.001         0.004         0.010
 PHC            0.001         0.002         0.003        -0.003         0.005
 RSC            0.001         0.003         0.005        -0.002         0.004
 AAG            0.002         0.002         0.007         0.010        -0.005
 PAG            0.001        -0.001         0.001        -0.004         0.003


           Covariances
              RSC           AAG           PAG
              ________      ________      ________
 RSC            0.008
 AAG            0.005         0.041
 PAG            0.001        -0.003         0.010


           Correlations
              PHIPP         PREC          PCC           MPFC          PHC
              ________      ________      ________      ________      ________
 PHIPP          1.000
 PREC           0.200         1.000
 PCC            0.489         0.277         1.000
 MPFC           0.259         0.168         0.273         1.000
 PHC            0.324         0.412         0.268        -0.357         1.000
 RSC            0.285         0.522         0.406        -0.186         0.576
 AAG            0.334         0.148         0.257         0.512        -0.311
 PAG            0.242        -0.083         0.084        -0.374         0.417


           Correlations
              RSC           AAG           PAG
              ________      ________      ________
 RSC            1.000
 AAG            0.293         1.000
 PAG            0.095        -0.167         1.000


UNIVARIATE SAMPLE STATISTICS


     UNIVARIATE HIGHER-ORDER MOMENT DESCRIPTIVE STATISTICS

         Variable/         Mean/     Skewness/   Minimum/ % with                Percentiles
        Sample Size      Variance    Kurtosis    Maximum  Min/Max      20%/60%    40%/80%    Median

     PHIPP                 0.034      -0.052      -0.752    0.03%      -0.115     -0.013      0.034
            3888.000       0.034       0.550       0.999    0.03%       0.079      0.187
     PREC                  0.068       0.006      -1.073    0.03%      -0.135      0.007      0.064
            3888.000       0.063       0.618       1.134    0.03%       0.122      0.272
     PCC                   0.119       0.128      -1.587    0.03%      -0.129      0.043      0.118
            3888.000       0.097       0.813       1.478    0.03%       0.188      0.363
     MPFC                  0.000      -0.087      -1.699    0.03%      -0.271     -0.077      0.002
            3888.000       0.114       1.100       1.929    0.03%       0.089      0.271
     PHC                   0.046      -0.133      -1.171    0.03%      -0.115      0.003      0.050
            3888.000       0.041       0.688       0.877    0.03%       0.096      0.209
     RSC                   0.113      -0.027      -0.943    0.03%      -0.078      0.058      0.114
            3888.000       0.052       0.288       0.978    0.03%       0.170      0.299
     AAG                   0.082       0.180      -1.675    0.03%      -0.239     -0.018      0.077
            3888.000       0.162       0.890       1.986    0.03%       0.173      0.394
     PAG                   0.060      -0.170      -2.105    0.03%      -0.223     -0.016      0.067
            3888.000       0.129       1.102       1.732    0.03%       0.147      0.347

     THE STANDARD ERRORS OF THE MODEL PARAMETER ESTIMATES MAY NOT BE
     TRUSTWORTHY FOR SOME PARAMETERS DUE TO A NON-POSITIVE DEFINITE
     FIRST-ORDER DERIVATIVE PRODUCT MATRIX.  THIS MAY BE DUE TO THE STARTING
     VALUES BUT MAY ALSO BE AN INDICATION OF MODEL NONIDENTIFICATION.  THE
     CONDITION NUMBER IS      -0.279D-17.  PROBLEM INVOLVING THE FOLLOWING PARAMETER:
     Parameter 29, %BETWEEN%: MPFC WITH PREC

     THE NONIDENTIFICATION IS MOST LIKELY DUE TO HAVING MORE PARAMETERS THAN THE
     NUMBER OF CLUSTERS. REDUCE THE NUMBER OF PARAMETERS.


THE MODEL ESTIMATION TERMINATED NORMALLY



MODEL FIT INFORMATION

Number of Free Parameters                       53

Loglikelihood

          H0 Value                        2113.911
          H0 Scaling Correction Factor      3.1031
            for MLR
          H1 Value                        2439.857
          H1 Scaling Correction Factor      2.8470
            for MLR

Information Criteria

          Akaike (AIC)                   -4121.821
          Bayesian (BIC)                 -3789.742
          Sample-Size Adjusted BIC       -3958.151
            (n* = (n + 2) / 24)

Chi-Square Test of Model Fit

          Value                            278.080*
          Degrees of Freedom                    27
          P-Value                           0.0000
          Scaling Correction Factor         2.3443
            for MLR

*   The chi-square value for MLM, MLMV, MLR, ULSMV, WLSM and WLSMV cannot be used
    for chi-square difference testing in the regular way.  MLM, MLR and WLSM
    chi-square difference testing is described on the Mplus website.  MLMV, WLSMV,
    and ULSMV difference testing is done using the DIFFTEST option.

RMSEA (Root Mean Square Error Of Approximation)

          Estimate                           0.049

CFI/TLI

          CFI                                0.931
          TLI                                0.856

Chi-Square Test of Model Fit for the Baseline Model

          Value                           3678.142
          Degrees of Freedom                    56
          P-Value                           0.0000

SRMR (Standardized Root Mean Square Residual)

          Value for Within                   0.046
          Value for Between                  0.136



MODEL RESULTS

                                                    Two-Tailed
                    Estimate       S.E.  Est./S.E.    P-Value

Within Level

 PMN      BY
    PHIPP              1.000      0.000    999.000    999.000
    PREC               1.524      0.101     15.146      0.000
    PCC                2.058      0.132     15.581      0.000
    MPFC               1.901      0.154     12.311      0.000
    PHC                0.978      0.061     16.070      0.000
    RSC                1.149      0.078     14.661      0.000
    AAG                2.506      0.190     13.197      0.000
    PAG                2.221      0.164     13.510      0.000

 PAG      WITH
    MPFC              -0.019      0.003     -5.574      0.000

 Variances
    PMN                0.010      0.002      6.694      0.000

 Residual Variances
    PHIPP              0.023      0.001     24.565      0.000
    PREC               0.034      0.003     13.511      0.000
    PCC                0.036      0.002     14.635      0.000
    MPFC               0.068      0.007      9.757      0.000
    PHC                0.026      0.002     16.707      0.000
    RSC                0.030      0.002     15.714      0.000
    AAG                0.058      0.004     14.091      0.000
    PAG                0.070      0.007     10.722      0.000

Between Level

 PREC     WITH
    PCC                0.002      0.002      1.016      0.309
    MPFC               0.001      0.002      0.548      0.584
    PHC                0.002      0.001      1.828      0.068
    RSC                0.003      0.001      2.947      0.003
    AAG                0.001      0.003      0.429      0.668
    PAG               -0.001      0.002     -0.625      0.532

 PCC      WITH
    MPFC               0.003      0.003      0.882      0.378
    PHC                0.002      0.001      1.367      0.172
    RSC                0.004      0.002      1.873      0.061
    AAG                0.005      0.005      1.056      0.291
    PAG                0.000      0.002     -0.063      0.950

 MPFC     WITH
    PHC               -0.003      0.001     -2.394      0.017
    RSC               -0.002      0.002     -1.240      0.215
    AAG                0.009      0.005      1.868      0.062
    PAG               -0.004      0.002     -2.321      0.020

 PHC      WITH
    RSC                0.003      0.001      3.230      0.001
    AAG               -0.005      0.004     -1.380      0.168
    PAG                0.003      0.002      1.533      0.125

 RSC      WITH
    AAG                0.004      0.002      1.937      0.053
    PAG                0.000      0.002      0.239      0.811

 AAG      WITH
    PAG               -0.005      0.006     -0.851      0.395

 Means
    PHIPP              0.034      0.007      4.561      0.000
    PREC               0.066      0.014      4.636      0.000
    PCC                0.116      0.026      4.397      0.000
    MPFC              -0.001      0.020     -0.067      0.947
    PHC                0.045      0.014      3.243      0.001
    RSC                0.112      0.017      6.436      0.000
    AAG                0.083      0.039      2.134      0.033
    PAG                0.059      0.020      3.006      0.003

 Variances
    PHIPP              0.000      0.000    999.000    999.000
    PREC               0.005      0.001      3.750      0.000
    PCC                0.017      0.007      2.321      0.020
    MPFC               0.009      0.002      4.156      0.000
    PHC                0.005      0.001      3.946      0.000
    RSC                0.008      0.002      3.964      0.000
    AAG                0.039      0.015      2.550      0.011
    PAG                0.009      0.002      3.854      0.000


QUALITY OF NUMERICAL RESULTS

     Condition Number for the Information Matrix             -0.279E-17
       (ratio of smallest to largest eigenvalue)


MODEL MODIFICATION INDICES

NOTE:  Modification indices for direct effects of observed dependent variables
regressed on covariates may not be included.  To include these, request
MODINDICES (ALL).

Minimum M.I. value for printing the modification index    10.000

                                   M.I.     E.P.C.  Std E.P.C.  StdYX E.P.C.

Within Level

WITH Statements

PCC      WITH PREC                12.751     0.004      0.004        0.112
MPFC     WITH PHIPP               19.749     0.005      0.005        0.125
MPFC     WITH PREC                24.489    -0.007     -0.007       -0.145
MPFC     WITH PCC                 24.161     0.008      0.008        0.161
PHC      WITH PCC                 30.484    -0.005     -0.005       -0.162
PHC      WITH MPFC                20.549    -0.005     -0.005       -0.126
RSC      WITH PCC                 14.337    -0.004     -0.004       -0.113
RSC      WITH MPFC                11.332    -0.004     -0.004       -0.094
RSC      WITH PHC                 66.890     0.006      0.006        0.218
PAG      WITH PHC                 44.873     0.008      0.008        0.190
PAG      WITH RSC                 17.773     0.006      0.006        0.121

Between Level

Variances/Residual Variances

PHIPP                             61.144     0.001      0.001       10.515


TECHNICAL 1 OUTPUT


     PARAMETER SPECIFICATION FOR WITHIN


           NU
              PHIPP         PREC          PCC           MPFC          PHC
              ________      ________      ________      ________      ________
                    0             0             0             0             0


           NU
              RSC           AAG           PAG
              ________      ________      ________
                    0             0             0


           LAMBDA
              PMN
              ________
 PHIPP              0
 PREC               1
 PCC                2
 MPFC               3
 PHC                4
 RSC                5
 AAG                6
 PAG                7


           THETA
              PHIPP         PREC          PCC           MPFC          PHC
              ________      ________      ________      ________      ________
 PHIPP              8
 PREC               0             9
 PCC                0             0            10
 MPFC               0             0             0            11
 PHC                0             0             0             0            12
 RSC                0             0             0             0             0
 AAG                0             0             0             0             0
 PAG                0             0             0            15             0


           THETA
              RSC           AAG           PAG
              ________      ________      ________
 RSC               13
 AAG                0            14
 PAG                0             0            16


           ALPHA
              PMN
              ________
                    0


           BETA
              PMN
              ________
 PMN                0


           PSI
              PMN
              ________
 PMN               17


     PARAMETER SPECIFICATION FOR BETWEEN


           NU
              PHIPP         PREC          PCC           MPFC          PHC
              ________      ________      ________      ________      ________
                   18            19            20            21            22


           NU
              RSC           AAG           PAG
              ________      ________      ________
                   23            24            25


           THETA
              PHIPP         PREC          PCC           MPFC          PHC
              ________      ________      ________      ________      ________
 PHIPP              0
 PREC               0            26
 PCC                0            27            28
 MPFC               0            29            30            31
 PHC                0            32            33            34            35
 RSC                0            36            37            38            39
 AAG                0            41            42            43            44
 PAG                0            47            48            49            50


           THETA
              RSC           AAG           PAG
              ________      ________      ________
 RSC               40
 AAG               45            46
 PAG               51            52            53


     STARTING VALUES FOR WITHIN


           NU
              PHIPP         PREC          PCC           MPFC          PHC
              ________      ________      ________      ________      ________
                0.000         0.000         0.000         0.000         0.000


           NU
              RSC           AAG           PAG
              ________      ________      ________
                0.000         0.000         0.000


           LAMBDA
              PMN
              ________
 PHIPP          1.000
 PREC           1.000
 PCC            1.000
 MPFC           1.000
 PHC            1.000
 RSC            1.000
 AAG            1.000
 PAG            1.000


           THETA
              PHIPP         PREC          PCC           MPFC          PHC
              ________      ________      ________      ________      ________
 PHIPP          0.017
 PREC           0.000         0.031
 PCC            0.000         0.000         0.048
 MPFC           0.000         0.000         0.000         0.057
 PHC            0.000         0.000         0.000         0.000         0.020
 RSC            0.000         0.000         0.000         0.000         0.000
 AAG            0.000         0.000         0.000         0.000         0.000
 PAG            0.000         0.000         0.000         0.000         0.000


           THETA
              RSC           AAG           PAG
              ________      ________      ________
 RSC            0.026
 AAG            0.000         0.081
 PAG            0.000         0.000         0.064


           ALPHA
              PMN
              ________
                0.000


           BETA
              PMN
              ________
 PMN            0.000


           PSI
              PMN
              ________
 PMN            0.050


     STARTING VALUES FOR BETWEEN


           NU
              PHIPP         PREC          PCC           MPFC          PHC
              ________      ________      ________      ________      ________
                0.034         0.068         0.119         0.000         0.046


           NU
              RSC           AAG           PAG
              ________      ________      ________
                0.113         0.082         0.060


           THETA
              PHIPP         PREC          PCC           MPFC          PHC
              ________      ________      ________      ________      ________
 PHIPP          0.000
 PREC           0.000         0.031
 PCC            0.000         0.000         0.048
 MPFC           0.000         0.000         0.000         0.057
 PHC            0.000         0.000         0.000         0.000         0.020
 RSC            0.000         0.000         0.000         0.000         0.000
 AAG            0.000         0.000         0.000         0.000         0.000
 PAG            0.000         0.000         0.000         0.000         0.000


           THETA
              RSC           AAG           PAG
              ________      ________      ________
 RSC            0.026
 AAG            0.000         0.081
 PAG            0.000         0.000         0.064


     Beginning Time:  20:54:05
        Ending Time:  20:54:06
       Elapsed Time:  00:00:01



MUTHEN & MUTHEN
3463 Stoner Ave.
Los Angeles, CA  90066

Tel: (310) 391-9971
Fax: (310) 391-8971
Web: www.StatModel.com
Support: Support@StatModel.com

Copyright (c) 1998-2018 Muthen & Muthen
