Mplus VERSION 8.2 (Linux)
MUTHEN & MUTHEN
07/14/2021  12:04 PM

INPUT INSTRUCTIONS

  TITLE: Model 4: MPFC
  DATA: FILE is tidy_roi_data.dat;
  VARIABLE:
    NAMES are subject pHipp PREC PCC MPFC PHC RSC aAG pAG SceCorr ColCorr EmoCorr;
    USEVARIABLES are subject pHipp PREC PCC MPFC PHC RSC aAG pAG SceCorr ColCorr EmoCorr;
    CATEGORICAL = SceCorr ColCorr EmoCorr;
    CLUSTER = subject;
  ANALYSIS:
  TYPE = TWOLEVEL;
  ESTIMATOR = WLSMV;
  MODEL:
  %WITHIN%
  PMN BY pHipp-pAG;
  MemQ BY SceCorr (1)
  ColCorr (2)
  EmoCorr (3);
  MemQ ON PMN
  MPFC (uMPFC);
  %BETWEEN%
  MemQb BY SceCorr (1)
  ColCorr (2)
  EmoCorr (3);
  pHipp-pAG;
  pHipp WITH pHipp-pAG;
  PREC WITH pHipp-pAG;
  PCC WITH pHipp-pAG;
  MPFC WITH pHipp-pAG;
  PHC WITH pHipp-pAG;
  RSC WITH pHipp-pAG;
  aAG WITH pHipp-pAG;
  pAG WITH pHipp-pAG;
  MemQb WITH pHIPP-pAG;
  model test:
  uMPFC = 0;
  Output:
  stdyx;



INPUT READING TERMINATED NORMALLY



Model 4: MPFC

SUMMARY OF ANALYSIS

Number of groups                                                 1
Number of observations                                        3888

Number of dependent variables                                   11
Number of independent variables                                  0
Number of continuous latent variables                            3

Observed dependent variables

  Continuous
   PHIPP       PREC        PCC         MPFC        PHC         RSC
   AAG         PAG

  Binary and ordered categorical (ordinal)
   SCECORR     COLCORR     EMOCORR

Continuous latent variables
   PMN         MEMQ        MEMQB

Variables with special functions

  Cluster variable      SUBJECT

Estimator                                                    WLSMV
Optimization Specifications for the Quasi-Newton Algorithm for
Continuous Outcomes
  Maximum number of iterations                                1000
  Convergence criterion                                  0.100D-05
Optimization Specifications for the EM Algorithm
  Maximum number of iterations                                 500
  Convergence criteria
    Loglikelihood change                                 0.100D-02
    Relative loglikelihood change                        0.100D-05
    Derivative                                           0.100D-02
Optimization Specifications for the M step of the EM Algorithm for
Categorical Latent variables
  Number of M step iterations                                    1
  M step convergence criterion                           0.100D-02
  Basis for M step termination                           ITERATION
Optimization Specifications for the M step of the EM Algorithm for
Censored, Binary or Ordered Categorical (Ordinal), Unordered
Categorical (Nominal) and Count Outcomes
  Number of M step iterations                                    1
  M step convergence criterion                           0.100D-02
  Basis for M step termination                           ITERATION
  Maximum value for logit thresholds                            10
  Minimum value for logit thresholds                           -10
  Minimum expected cell size for chi-square              0.100D-01
Optimization algorithm                                      EMA/FS
Integration Specifications
  Type                                                    STANDARD
  Number of integration points                                   7
  Dimensions of numerical integration                            0
  Adaptive quadrature                                           ON
Link                                                        PROBIT
Cholesky                                                        ON

Input data file(s)
  tidy_roi_data.dat
Input data format  FREE


SUMMARY OF DATA

     Number of clusters                         28

     Average cluster size      138.857

     Estimated Intraclass Correlations for the Y Variables

                Intraclass              Intraclass              Intraclass
     Variable  Correlation   Variable  Correlation   Variable  Correlation

     SCECORR      0.208      COLCORR      0.145      EMOCORR      0.119
     PHIPP        0.037      PREC         0.085      PCC          0.193
     MPFC         0.087      PHC          0.124      RSC          0.156
     AAG          0.254      PAG          0.077



UNIVARIATE PROPORTIONS AND COUNTS FOR CATEGORICAL VARIABLES

    SCECORR
      Category 1    0.324         1261.000
      Category 2    0.676         2627.000
    COLCORR
      Category 1    0.278         1082.000
      Category 2    0.722         2806.000
    EMOCORR
      Category 1    0.243          943.000
      Category 2    0.757         2945.000



UNIVARIATE SAMPLE STATISTICS


     UNIVARIATE HIGHER-ORDER MOMENT DESCRIPTIVE STATISTICS

         Variable/         Mean/     Skewness/   Minimum/ % with                Percentiles
        Sample Size      Variance    Kurtosis    Maximum  Min/Max      20%/60%    40%/80%    Median

     PHIPP                 0.034      -0.052      -0.752    0.03%      -0.115     -0.013      0.034
            3888.000       0.034       0.550       0.999    0.03%       0.079      0.187
     PREC                  0.068       0.006      -1.073    0.03%      -0.135      0.007      0.064
            3888.000       0.063       0.618       1.134    0.03%       0.122      0.272
     PCC                   0.119       0.128      -1.587    0.03%      -0.129      0.043      0.118
            3888.000       0.097       0.813       1.478    0.03%       0.188      0.363
     MPFC                  0.000      -0.087      -1.699    0.03%      -0.271     -0.077      0.002
            3888.000       0.114       1.100       1.929    0.03%       0.089      0.271
     PHC                   0.046      -0.133      -1.171    0.03%      -0.115      0.003      0.050
            3888.000       0.041       0.688       0.877    0.03%       0.096      0.209
     RSC                   0.113      -0.027      -0.943    0.03%      -0.078      0.058      0.114
            3888.000       0.052       0.288       0.978    0.03%       0.170      0.299
     AAG                   0.082       0.180      -1.675    0.03%      -0.239     -0.018      0.077
            3888.000       0.162       0.890       1.986    0.03%       0.173      0.394
     PAG                   0.060      -0.170      -2.105    0.03%      -0.223     -0.016      0.067
            3888.000       0.129       1.102       1.732    0.03%       0.147      0.347


THE MODEL ESTIMATION TERMINATED NORMALLY



MODEL FIT INFORMATION

Number of Free Parameters                       80

Chi-Square Test of Model Fit

          Value                           1601.525*
          Degrees of Freedom                    60
          P-Value                           0.0000

*   The chi-square value for MLM, MLMV, MLR, ULSMV, WLSM and WLSMV cannot be used
    for chi-square difference testing in the regular way.  MLM, MLR and WLSM
    chi-square difference testing is described on the Mplus website.  MLMV, WLSMV,
    and ULSMV difference testing is done using the DIFFTEST option.

Wald Test of Parameter Constraints

          Value                             17.877
          Degrees of Freedom                     1
          P-Value                           0.0000

RMSEA (Root Mean Square Error Of Approximation)

          Estimate                           0.081

CFI/TLI

          CFI                                0.955
          TLI                                0.918

Chi-Square Test of Model Fit for the Baseline Model

          Value                          34491.316
          Degrees of Freedom                   110
          P-Value                           0.0000

SRMR (Standardized Root Mean Square Residual)

          Value for Within                   0.045
          Value for Between                  0.046



MODEL RESULTS

                                                    Two-Tailed
                    Estimate       S.E.  Est./S.E.    P-Value

Within Level

 PMN      BY
    PHIPP              1.000      0.000    999.000    999.000
    PREC               1.543      0.017     93.491      0.000
    PCC                2.128      0.020    105.942      0.000
    MPFC               1.726      0.023     76.480      0.000
    PHC                0.971      0.012     81.036      0.000
    RSC                1.165      0.012     95.835      0.000
    AAG                2.532      0.037     68.923      0.000
    PAG                2.089      0.021    101.592      0.000

 MEMQ     BY
    SCECORR            1.000      0.000    999.000    999.000
    COLCORR            0.517      0.125      4.141      0.000
    EMOCORR            0.538      0.106      5.085      0.000

 MEMQ       ON
    PMN                2.543      0.470      5.404      0.000

 MEMQ       ON
    MPFC              -0.523      0.124     -4.228      0.000

 Variances
    PMN                0.010      0.000     47.582      0.000

 Residual Variances
    PHIPP              0.022      0.000     91.328      0.000
    PREC               0.034      0.000     96.095      0.000
    PCC                0.033      0.000    100.854      0.000
    MPFC               0.075      0.001    129.408      0.000
    PHC                0.026      0.000     98.503      0.000
    RSC                0.030      0.000    106.743      0.000
    AAG                0.057      0.001     91.839      0.000
    PAG                0.076      0.001    118.634      0.000
    MEMQ               0.916      0.297      3.086      0.002

Between Level

 MEMQB    BY
    SCECORR            1.000      0.000    999.000    999.000
    COLCORR            0.517      0.125      4.141      0.000
    EMOCORR            0.538      0.106      5.085      0.000

 MEMQB    WITH
    PHIPP              0.008      0.006      1.385      0.166
    PREC               0.022      0.012      1.847      0.065
    PCC                0.029      0.020      1.471      0.141
    MPFC              -0.015      0.014     -1.037      0.300
    PHC                0.026      0.013      2.022      0.043
    RSC                0.036      0.016      2.332      0.020
    AAG                0.009      0.206      0.043      0.965
    PAG                0.026      0.016      1.569      0.117

 PHIPP    WITH
    PREC               0.001      0.000      1.171      0.241
    PCC                0.002      0.001      3.184      0.001
    MPFC               0.001      0.001      0.912      0.362
    PHC                0.001      0.001      1.176      0.239
    RSC                0.001      0.001      1.034      0.301
    AAG                0.002      0.001      1.996      0.046
    PAG                0.001      0.001      0.930      0.353

 PREC     WITH
    PCC                0.003      0.001      2.006      0.045
    MPFC               0.001      0.001      0.877      0.381
    PHC                0.002      0.001      1.850      0.064
    RSC                0.003      0.001      2.345      0.019
    AAG                0.002      0.002      0.882      0.378
    PAG               -0.001      0.001     -0.469      0.639

 PCC      WITH
    MPFC               0.004      0.002      1.580      0.114
    PHC                0.003      0.003      0.952      0.341
    RSC                0.005      0.003      1.873      0.061
    AAG                0.007      0.005      1.332      0.183
    PAG                0.001      0.003      0.445      0.656

 MPFC     WITH
    PHC               -0.003      0.002     -1.511      0.131
    RSC               -0.002      0.002     -0.897      0.370
    AAG                0.010      0.004      2.327      0.020
    PAG               -0.004      0.002     -1.968      0.049

 PHC      WITH
    RSC                0.004      0.001      2.766      0.006
    AAG               -0.004      0.003     -1.740      0.082
    PAG                0.003      0.002      1.830      0.067

 RSC      WITH
    AAG                0.005      0.004      1.336      0.182
    PAG                0.001      0.002      0.516      0.606

 AAG      WITH
    PAG               -0.003      0.003     -1.166      0.244

 Means
    PHIPP              0.033      0.008      4.386      0.000
    PREC               0.066      0.015      4.564      0.000
    PCC                0.115      0.030      3.868      0.000
    MPFC              -0.002      0.023     -0.072      0.942
    PHC                0.045      0.015      3.027      0.002
    RSC                0.111      0.018      6.250      0.000
    AAG                0.083      0.044      1.903      0.057
    PAG                0.059      0.023      2.523      0.012

 Thresholds
    SCECORR$1         -0.710      0.140     -5.080      0.000
    COLCORR$1         -0.706      0.097     -7.280      0.000
    EMOCORR$1         -0.824      0.104     -7.913      0.000

 Variances
    PHIPP              0.001      0.000      3.862      0.000
    PREC               0.005      0.002      3.112      0.002
    PCC                0.019      0.003      5.737      0.000
    MPFC               0.010      0.004      2.581      0.010
    PHC                0.005      0.002      2.959      0.003
    RSC                0.008      0.002      3.298      0.001
    AAG                0.041      0.010      4.113      0.000
    PAG                0.010      0.003      2.970      0.003
    MEMQB              0.480      0.279      1.719      0.086

 Residual Variances
    SCECORR            0.035      0.143      0.246      0.806
    COLCORR            0.085      0.077      1.106      0.269
    EMOCORR            0.033      0.061      0.550      0.582


STANDARDIZED MODEL RESULTS


STDYX Standardization

                                                    Two-Tailed
                    Estimate       S.E.  Est./S.E.    P-Value

Within Level

 PMN      BY
    PHIPP              0.554      0.005    114.723      0.000
    PREC               0.642      0.005    142.468      0.000
    PCC                0.760      0.003    298.119      0.000
    MPFC               0.534      0.005    114.104      0.000
    PHC                0.513      0.006     85.615      0.000
    RSC                0.557      0.005    104.259      0.000
    AAG                0.726      0.005    151.345      0.000
    PAG                0.604      0.004    136.181      0.000

 MEMQ     BY
    SCECORR            0.700      0.057     12.297      0.000
    COLCORR            0.452      0.040     11.446      0.000
    EMOCORR            0.467      0.025     18.364      0.000

 MEMQ       ON
    PMN                0.259      0.039      6.655      0.000

 MEMQ       ON
    MPFC              -0.172      0.037     -4.710      0.000

 Variances
    PMN                1.000      0.000    999.000    999.000

 Residual Variances
    PHIPP              0.693      0.005    129.262      0.000
    PREC               0.588      0.006    101.473      0.000
    PCC                0.422      0.004    108.760      0.000
    MPFC               0.715      0.005    143.024      0.000
    PHC                0.736      0.006    119.560      0.000
    RSC                0.689      0.006    115.638      0.000
    AAG                0.473      0.007     67.836      0.000
    PAG                0.635      0.005    118.356      0.000
    MEMQ               0.951      0.015     63.743      0.000

Between Level

 MEMQB    BY
    SCECORR            0.965      0.138      6.980      0.000
    COLCORR            0.776      0.157      4.933      0.000
    EMOCORR            0.898      0.170      5.272      0.000

 MEMQB    WITH
    PHIPP              0.319      0.190      1.677      0.094
    PREC               0.441      0.155      2.840      0.005
    PCC                0.304      0.205      1.485      0.138
    MPFC              -0.217      0.191     -1.133      0.257
    PHC                0.536      0.176      3.052      0.002
    RSC                0.584      0.152      3.853      0.000
    AAG                0.064      1.471      0.043      0.966
    PAG                0.375      0.214      1.753      0.080

 PHIPP    WITH
    PREC               0.200      0.158      1.263      0.207
    PCC                0.490      0.088      5.534      0.000
    MPFC               0.259      0.269      0.962      0.336
    PHC                0.322      0.247      1.305      0.192
    RSC                0.283      0.259      1.093      0.275
    AAG                0.337      0.131      2.566      0.010
    PAG                0.241      0.244      0.986      0.324

 PREC     WITH
    PCC                0.276      0.115      2.395      0.017
    MPFC               0.167      0.175      0.957      0.339
    PHC                0.413      0.135      3.060      0.002
    RSC                0.522      0.155      3.371      0.001
    AAG                0.147      0.155      0.947      0.344
    PAG               -0.082      0.174     -0.472      0.637

 PCC      WITH
    MPFC               0.274      0.142      1.937      0.053
    PHC                0.268      0.269      0.995      0.320
    RSC                0.407      0.182      2.238      0.025
    AAG                0.256      0.178      1.440      0.150
    PAG                0.085      0.187      0.455      0.649

 MPFC     WITH
    PHC               -0.357      0.190     -1.881      0.060
    RSC               -0.186      0.197     -0.945      0.345
    AAG                0.510      0.123      4.130      0.000
    PAG               -0.371      0.158     -2.345      0.019

 PHC      WITH
    RSC                0.577      0.095      6.058      0.000
    AAG               -0.310      0.148     -2.100      0.036
    PAG                0.417      0.159      2.623      0.009

 RSC      WITH
    AAG                0.292      0.214      1.364      0.173
    PAG                0.095      0.180      0.526      0.599

 AAG      WITH
    PAG               -0.166      0.131     -1.264      0.206

 Means
    PHIPP              0.949      0.221      4.299      0.000
    PREC               0.908      0.228      3.990      0.000
    PCC                0.844      0.220      3.839      0.000
    MPFC              -0.017      0.229     -0.073      0.942
    PHC                0.628      0.256      2.454      0.014
    RSC                1.240      0.255      4.870      0.000
    AAG                0.408      0.204      1.998      0.046
    PAG                0.590      0.296      1.996      0.046

 Thresholds
    SCECORR$1         -0.507      0.107     -4.715      0.000
    COLCORR$1         -0.630      0.081     -7.727      0.000
    EMOCORR$1         -0.729      0.093     -7.808      0.000

 Variances
    PHIPP              1.000      0.000    999.000    999.000
    PREC               1.000      0.000    999.000    999.000
    PCC                1.000      0.000    999.000    999.000
    MPFC               1.000      0.000    999.000    999.000
    PHC                1.000      0.000    999.000    999.000
    RSC                1.000      0.000    999.000    999.000
    AAG                1.000      0.000    999.000    999.000
    PAG                1.000      0.000    999.000    999.000
    MEMQB              1.000      0.000    999.000    999.000

 Residual Variances
    SCECORR            0.068      0.267      0.256      0.798
    COLCORR            0.398      0.244      1.629      0.103
    EMOCORR            0.194      0.306      0.633      0.527


R-SQUARE

Within Level

    Observed                                        Two-Tailed     Scale
    Variable        Estimate       S.E.  Est./S.E.    P-Value     Factors

    SCECORR            0.491      0.080      6.148      0.000      0.714
    COLCORR            0.205      0.036      5.723      0.000      0.892
    EMOCORR            0.218      0.024      9.182      0.000      0.884
    PHIPP              0.307      0.005     57.361      0.000      0.000
    PREC               0.412      0.006     71.234      0.000      0.000
    PCC                0.578      0.004    149.059      0.000      0.000
    MPFC               0.285      0.005     57.052      0.000      0.000
    PHC                0.264      0.006     42.807      0.000      0.000
    RSC                0.311      0.006     52.130      0.000      0.000
    AAG                0.527      0.007     75.673      0.000      0.000
    PAG                0.365      0.005     68.090      0.000      0.000

     Latent                                         Two-Tailed
    Variable        Estimate       S.E.  Est./S.E.    P-Value

    MEMQ               0.049      0.015      3.285      0.001

Between Level

    Observed                                        Two-Tailed
    Variable        Estimate       S.E.  Est./S.E.    P-Value

    SCECORR            0.932      0.267      3.490      0.000
    COLCORR            0.602      0.244      2.467      0.014
    EMOCORR            0.806      0.306      2.636      0.008


QUALITY OF NUMERICAL RESULTS

     Condition Number for the Information Matrix              0.517E-08
       (ratio of smallest to largest eigenvalue)


     Beginning Time:  12:04:12
        Ending Time:  12:04:37
       Elapsed Time:  00:00:25



MUTHEN & MUTHEN
3463 Stoner Ave.
Los Angeles, CA  90066

Tel: (310) 391-9971
Fax: (310) 391-8971
Web: www.StatModel.com
Support: Support@StatModel.com

Copyright (c) 1998-2018 Muthen & Muthen
